Info: Starting: Create simulation model
Info: ip-generate --project-directory=E:/BTap/BTap/Tuan8/Bai1/ --output-directory=E:/BTap/BTap/Tuan8/Bai1/system/simulation/ --file-set=SIM_VERILOG --report-file=sopcinfo:E:/BTap/BTap/Tuan8/Bai1/system.sopcinfo --report-file=html:E:/BTap/BTap/Tuan8/Bai1/system.html --report-file=sip:E:/BTap/BTap/Tuan8/Bai1/system/simulation/system.sip --report-file=csv:E:/BTap/BTap/Tuan8/Bai1/system.csv --report-file=spd:E:/BTap/BTap/Tuan8/Bai1/system.spd --report-file=cmp:E:/BTap/BTap/Tuan8/Bai1/system.cmp --system-info=DEVICE_FAMILY="Cyclone IV E" --system-info=DEVICE=EP4CE115F29C8 --system-info=DEVICE_SPEEDGRADE=8 --component-file=E:/BTap/BTap/Tuan8/Bai1/system.qsys
Progress: Loading Bai1/system.qsys
Progress: Reading input file
Progress: Adding clk_0 [clock_source 13.0]
Progress: Parameterizing module clk_0
Progress: Adding onchip_memory2_0 [altera_avalon_onchip_memory2 13.0.1.99.2]
Progress: Parameterizing module onchip_memory2_0
Progress: Adding nios2_qsys_0 [altera_nios2_qsys 13.0]
Progress: Parameterizing module nios2_qsys_0
Progress: Adding jtag_uart_0 [altera_avalon_jtag_uart 13.0.1.99.2]
Progress: Parameterizing module jtag_uart_0
Progress: Adding Memory_0 [Memory 1.0]
Progress: Parameterizing module Memory_0
Progress: Building connections
Progress: Parameterizing connections
Progress: Validating
Progress: Done reading input file
Info: system: Generating system "system" for SIM_VERILOG
Info: pipeline_bridge_swap_transform: After transform: 5 modules, 20 connections
Info: No custom instruction connections, skipping transform 
Info: merlin_translator_transform: After transform: 11 modules, 43 connections
Info: merlin_domain_transform: After transform: 22 modules, 110 connections
Info: merlin_router_transform: After transform: 28 modules, 133 connections
Info: reset_adaptation_transform: After transform: 30 modules, 112 connections
Info: merlin_network_to_switch_transform: After transform: 41 modules, 140 connections
Info: merlin_mm_transform: After transform: 41 modules, 140 connections
Info: merlin_interrupt_mapper_transform: After transform: 42 modules, 143 connections
Warning: system: "No matching role found for rst_controller:reset_out:reset_req (reset_req)"
Warning: system: "No matching role found for rst_controller:reset_out:reset_req (reset_req)"
Warning: system: "No matching role found for rst_controller:reset_out:reset_req (reset_req)"
Warning: system: "No matching role found for rst_controller:reset_out:reset_req (reset_req)"
Warning: system: "No matching role found for rst_controller:reset_out:reset_req (reset_req)"
Warning: system: "No matching role found for rst_controller:reset_out:reset_req (reset_req)"
Warning: system: "No matching role found for rst_controller:reset_out:reset_req (reset_req)"
Warning: system: "No matching role found for rst_controller:reset_out:reset_req (reset_req)"
Warning: system: "No matching role found for rst_controller:reset_out:reset_req (reset_req)"
Warning: system: "No matching role found for rst_controller:reset_out:reset_req (reset_req)"
Warning: system: "No matching role found for rst_controller:reset_out:reset_req (reset_req)"
Warning: system: "No matching role found for rst_controller:reset_out:reset_req (reset_req)"
Warning: system: "No matching role found for rst_controller:reset_out:reset_req (reset_req)"
Warning: system: "No matching role found for rst_controller:reset_out:reset_req (reset_req)"
Warning: system: "No matching role found for rst_controller:reset_out:reset_req (reset_req)"
Warning: system: "No matching role found for rst_controller:reset_out:reset_req (reset_req)"
Warning: system: "No matching role found for rst_controller:reset_out:reset_req (reset_req)"
Warning: system: "No matching role found for rst_controller:reset_out:reset_req (reset_req)"
Warning: system: "No matching role found for rst_controller:reset_out:reset_req (reset_req)"
Warning: system: "No matching role found for rst_controller:reset_out:reset_req (reset_req)"
Warning: system: "No matching role found for rst_controller:reset_out:reset_req (reset_req)"
Warning: system: "No matching role found for rst_controller:reset_out:reset_req (reset_req)"
Warning: system: "No matching role found for rst_controller:reset_out:reset_req (reset_req)"
Warning: system: "No matching role found for rst_controller:reset_out:reset_req (reset_req)"
Warning: system: "No matching role found for rst_controller:reset_out:reset_req (reset_req)"
Warning: system: "No matching role found for rst_controller:reset_out:reset_req (reset_req)"
Warning: system: "No matching role found for rst_controller:reset_out:reset_req (reset_req)"
Warning: system: "No matching role found for rst_controller:reset_out:reset_req (reset_req)"
Warning: system: "No matching role found for rst_controller:reset_out:reset_req (reset_req)"
Warning: system: "No matching role found for rst_controller:reset_out:reset_req (reset_req)"
Warning: system: "No matching role found for rst_controller:reset_out:reset_req (reset_req)"
Info: onchip_memory2_0: Starting RTL generation for module 'system_onchip_memory2_0'
Info: onchip_memory2_0:   Generation command is [exec D:/quartus/quartus/bin/perl/bin/perl.exe -I D:/quartus/quartus/common/ip/altera/common/perl/5.8.3 -I D:/quartus/quartus/sopc_builder/bin/europa -I D:/quartus/quartus/sopc_builder/bin/perl_lib -I D:/quartus/quartus/sopc_builder/bin -I D:/quartus/quartus/../ip/altera/sopc_builder_ip/common -I D:/quartus/quartus/../ip/altera/sopc_builder_ip/altera_avalon_onchip_memory2 -- D:/quartus/quartus/../ip/altera/sopc_builder_ip/altera_avalon_onchip_memory2/generate_rtl.pl --name=system_onchip_memory2_0 --dir=C:/Users/DELL/AppData/Local/Temp/alt9814_3240209473613982242.dir/0040_onchip_memory2_0_gen/ --quartus_dir=D:/quartus/quartus --verilog --config=C:/Users/DELL/AppData/Local/Temp/alt9814_3240209473613982242.dir/0040_onchip_memory2_0_gen//system_onchip_memory2_0_component_configuration.pl  --do_build_sim=1    --sim_dir=C:/Users/DELL/AppData/Local/Temp/alt9814_3240209473613982242.dir/0040_onchip_memory2_0_gen/  ]
Info: onchip_memory2_0: Done RTL generation for module 'system_onchip_memory2_0'
Info: onchip_memory2_0: "system" instantiated altera_avalon_onchip_memory2 "onchip_memory2_0"
Info: nios2_qsys_0: Starting RTL generation for module 'system_nios2_qsys_0'
Info: nios2_qsys_0:   Generation command is [exec D:/quartus/quartus/../ip/altera/nios2_ip/altera_nios2/eperl.exe -I D:/quartus/quartus/common/ip/altera/common/perl/5.8.3 -I D:/quartus/quartus/sopc_builder/bin/europa -I D:/quartus/quartus/sopc_builder/bin/perl_lib -I D:/quartus/quartus/sopc_builder/bin -I D:/quartus/quartus/../ip/altera/nios2_ip/altera_nios2/cpu_lib -I D:/quartus/quartus/../ip/altera/nios2_ip/altera_nios2/nios_lib -I D:/quartus/quartus/../ip/altera/nios2_ip/altera_nios2 -I D:/quartus/quartus/../ip/altera/nios2_ip/altera_nios2 -- D:/quartus/quartus/../ip/altera/nios2_ip/altera_nios2/generate_rtl.epl --name=system_nios2_qsys_0 --dir=C:/Users/DELL/AppData/Local/Temp/alt9814_3240209473613982242.dir/0041_nios2_qsys_0_gen/ --quartus_dir=D:/quartus/quartus --verilog --config=C:/Users/DELL/AppData/Local/Temp/alt9814_3240209473613982242.dir/0041_nios2_qsys_0_gen//system_nios2_qsys_0_processor_configuration.pl  --do_build_sim=1    --sim_dir=C:/Users/DELL/AppData/Local/Temp/alt9814_3240209473613982242.dir/0041_nios2_qsys_0_gen/    --bogus  ]
Info: nios2_qsys_0: # 2024.04.01 13:57:07 (*) Starting Nios II generation
Info: nios2_qsys_0: # 2024.04.01 13:57:07 (*)   Checking for plaintext license.
Info: nios2_qsys_0: # 2024.04.01 13:57:08 (*)   Couldn't query license setup in Quartus directory D:/quartus/quartus
Info: nios2_qsys_0: # 2024.04.01 13:57:08 (*)   Defaulting to contents of LM_LICENSE_FILE environment variable
Info: nios2_qsys_0: # 2024.04.01 13:57:08 (*)   LM_LICENSE_FILE environment variable is empty
Info: nios2_qsys_0: # 2024.04.01 13:57:08 (*)   Plaintext license not found.
Info: nios2_qsys_0: # 2024.04.01 13:57:08 (*)   No license required to generate encrypted Nios II/e.
Info: nios2_qsys_0: # 2024.04.01 13:57:08 (*)   Elaborating CPU configuration settings
Info: nios2_qsys_0: # 2024.04.01 13:57:08 (*)   Creating all objects for CPU
Info: nios2_qsys_0: # 2024.04.01 13:57:09 (*)   Creating 'C:/Users/DELL/AppData/Local/Temp/alt9814_3240209473613982242.dir/0041_nios2_qsys_0_gen//system_nios2_qsys_0_nios2_waves.do'
Info: nios2_qsys_0: # 2024.04.01 13:57:09 (*)   Generating RTL from CPU objects
Info: nios2_qsys_0: # 2024.04.01 13:57:09 (*)   Creating plain-text RTL
Info: nios2_qsys_0: # 2024.04.01 13:57:12 (*) Done Nios II generation
Info: nios2_qsys_0: Done RTL generation for module 'system_nios2_qsys_0'
Info: nios2_qsys_0: "system" instantiated altera_nios2_qsys "nios2_qsys_0"
Info: jtag_uart_0: Starting RTL generation for module 'system_jtag_uart_0'
Info: jtag_uart_0:   Generation command is [exec D:/quartus/quartus/bin/perl/bin/perl.exe -I D:/quartus/quartus/common/ip/altera/common/perl/5.8.3 -I D:/quartus/quartus/sopc_builder/bin/europa -I D:/quartus/quartus/sopc_builder/bin/perl_lib -I D:/quartus/quartus/sopc_builder/bin -I D:/quartus/quartus/../ip/altera/sopc_builder_ip/common -I D:/quartus/quartus/../ip/altera/sopc_builder_ip/altera_avalon_jtag_uart -- D:/quartus/quartus/../ip/altera/sopc_builder_ip/altera_avalon_jtag_uart/generate_rtl.pl --name=system_jtag_uart_0 --dir=C:/Users/DELL/AppData/Local/Temp/alt9814_3240209473613982242.dir/0042_jtag_uart_0_gen/ --quartus_dir=D:/quartus/quartus --verilog --config=C:/Users/DELL/AppData/Local/Temp/alt9814_3240209473613982242.dir/0042_jtag_uart_0_gen//system_jtag_uart_0_component_configuration.pl  --do_build_sim=1    --sim_dir=C:/Users/DELL/AppData/Local/Temp/alt9814_3240209473613982242.dir/0042_jtag_uart_0_gen/  ]
Info: jtag_uart_0: Done RTL generation for module 'system_jtag_uart_0'
Info: jtag_uart_0: "system" instantiated altera_avalon_jtag_uart "jtag_uart_0"
Info: Memory_0: "system" instantiated Memory "Memory_0"
Info: nios2_qsys_0_instruction_master_translator: "system" instantiated altera_merlin_master_translator "nios2_qsys_0_instruction_master_translator"
Info: nios2_qsys_0_jtag_debug_module_translator: "system" instantiated altera_merlin_slave_translator "nios2_qsys_0_jtag_debug_module_translator"
Info: nios2_qsys_0_instruction_master_translator_avalon_universal_master_0_agent: "system" instantiated altera_merlin_master_agent "nios2_qsys_0_instruction_master_translator_avalon_universal_master_0_agent"
Info: nios2_qsys_0_jtag_debug_module_translator_avalon_universal_slave_0_agent: "system" instantiated altera_merlin_slave_agent "nios2_qsys_0_jtag_debug_module_translator_avalon_universal_slave_0_agent"
Info: nios2_qsys_0_jtag_debug_module_translator_avalon_universal_slave_0_agent_rsp_fifo: "system" instantiated altera_avalon_sc_fifo "nios2_qsys_0_jtag_debug_module_translator_avalon_universal_slave_0_agent_rsp_fifo"
Info: addr_router: "system" instantiated altera_merlin_router "addr_router"
Info: id_router: "system" instantiated altera_merlin_router "id_router"
Info: rst_controller: "system" instantiated altera_reset_controller "rst_controller"
Info: cmd_xbar_demux: "system" instantiated altera_merlin_demultiplexer "cmd_xbar_demux"
Info: cmd_xbar_mux: "system" instantiated altera_merlin_multiplexer "cmd_xbar_mux"
Info: rsp_xbar_demux: "system" instantiated altera_merlin_demultiplexer "rsp_xbar_demux"
Info: rsp_xbar_mux: "system" instantiated altera_merlin_multiplexer "rsp_xbar_mux"
Info: Reusing file E:/BTap/BTap/Tuan8/Bai1/system/simulation/submodules/altera_merlin_arbitrator.sv
Info: irq_mapper: "system" instantiated altera_irq_mapper "irq_mapper"
Info: system: Done system" with 18 modules, 71 files, 1335265 bytes
Info: ip-generate succeeded.
Info: Finished: Create simulation model
Info: Starting: Create Modelsim Project.
Info: sim-script-gen --spd=E:/BTap/BTap/Tuan8/Bai1/system.spd --output-directory=E:/BTap/BTap/Tuan8/Bai1/system/simulation/
Info: Doing: ip-make-simscript --spd=E:/BTap/BTap/Tuan8/Bai1/system.spd --output-directory=E:/BTap/BTap/Tuan8/Bai1/system/simulation/
Info: Generating the following file(s) for MODELSIM simulator in E:/BTap/BTap/Tuan8/Bai1/system/simulation/ directory:
Info: 	mentor/msim_setup.tcl
Info: Generating the following file(s) for VCS simulator in E:/BTap/BTap/Tuan8/Bai1/system/simulation/ directory:
Info: 	synopsys/vcs/vcs_setup.sh
Info: Generating the following file(s) for VCSMX simulator in E:/BTap/BTap/Tuan8/Bai1/system/simulation/ directory:
Info: 	synopsys/vcsmx/synopsys_sim.setup
Info: 	synopsys/vcsmx/vcsmx_setup.sh
Info: Generating the following file(s) for NCSIM simulator in E:/BTap/BTap/Tuan8/Bai1/system/simulation/ directory:
Info: 	cadence/cds.lib
Info: 	cadence/hdl.var
Info: 	cadence/ncsim_setup.sh
Info: 	16 .cds.lib files in cadence/cds_libs/ directory
Info: Generating the following file(s) for RIVIERAPRO simulator in E:/BTap/BTap/Tuan8/Bai1/system/simulation/ directory:
Info: 	aldec/rivierapro_setup.tcl
Info: Finished: Create Modelsim Project.
Info: 
Info: Starting: Create testbench Qsys system
Info: E:/BTap/BTap/Tuan8/Bai1/system/testbench/system.ipx
Info: ip-generate --project-directory=E:/BTap/BTap/Tuan8/Bai1/ --output-directory=E:/BTap/BTap/Tuan8/Bai1/ --report-file=sopcinfo:E:/BTap/BTap/Tuan8/Bai1/system.sopcinfo --report-file=html:E:/BTap/BTap/Tuan8/Bai1/system.html --system-info=DEVICE_FAMILY="Cyclone IV E" --system-info=DEVICE=EP4CE115F29C8 --system-info=DEVICE_SPEEDGRADE=8 --component-file=E:/BTap/BTap/Tuan8/Bai1/system.qsys
Progress: Loading Bai1/system.qsys
Progress: Reading input file
Progress: Adding clk_0 [clock_source 13.0]
Progress: Parameterizing module clk_0
Progress: Adding onchip_memory2_0 [altera_avalon_onchip_memory2 13.0.1.99.2]
Progress: Parameterizing module onchip_memory2_0
Progress: Adding nios2_qsys_0 [altera_nios2_qsys 13.0]
Progress: Parameterizing module nios2_qsys_0
Progress: Adding jtag_uart_0 [altera_avalon_jtag_uart 13.0.1.99.2]
Progress: Parameterizing module jtag_uart_0
Progress: Adding Memory_0 [Memory 1.0]
Progress: Parameterizing module Memory_0
Progress: Building connections
Progress: Parameterizing connections
Progress: Validating
Progress: Done reading input file
Info: ip-generate succeeded.
Info: Loading component library for testbench.
Progress: 
Progress: 
Progress: 
Progress: (1) searching D:/quartus/quartus/sopc_builder/bin/root_components.ipx (ipx file)
Info: Reading index D:/quartus/quartus/sopc_builder/bin/root_components.ipx
Info: D:/quartus/quartus/sopc_builder/bin/root_components.ipx: Loading now from components.ipx
Info: Reading index D:/quartus/quartus/sopc_builder/bin/ip_component_categories.ipx
Info: D:/quartus/quartus/sopc_builder/bin/ip_component_categories.ipx described 0 plugins, 0 paths, in 0.02 seconds
Info: D:/quartus/quartus/sopc_builder/bin/ip_component_categories.ipx matched 1 files in 0.02 seconds
Info: Reading index D:/quartus/ip/altera/altera_components.ipx
Info: D:/quartus/ip/altera/altera_components.ipx described 848 plugins, 0 paths, in 0.16 seconds
Info: D:/quartus/ip/**/* matched 97 files in 0.18 seconds
Info: C:/Users/DELL/.altera.quartus/ip/13.0sp1/**/* matched 0 files in 0.00 seconds
Info: E:/BTap/BTap/Tuan8/Bai1/system/testbench/ip/**/* matched 0 files in 0.00 seconds
Info: Reading index E:/BTap/BTap/Tuan8/Bai1/system/testbench/system.ipx
Progress: Loading Bai1/Memory_hw.tcl
Progress: Loading Bai1/system.qsys
Info: E:/BTap/BTap/Tuan8/Bai1/* matched 20 files in 0.05 seconds
Info: E:/BTap/BTap/Tuan8/Bai1/ip/**/* matched 0 files in 0.00 seconds
Info: E:/BTap/BTap/Tuan8/Bai1/*/* matched 7 files in 0.00 seconds
Info: E:/BTap/BTap/Tuan8/Bai1/system/testbench/system.ipx described 0 plugins, 3 paths, in 0.05 seconds
Progress: Loading testbench/system_tb.qsys
Info: E:/BTap/BTap/Tuan8/Bai1/system/testbench/* matched 4 files in 0.05 seconds
Info: E:/BTap/BTap/Tuan8/Bai1/system/testbench/*/* matched 1 files in 0.00 seconds
Info: Reading index D:/quartus/quartus/sopc_builder/builtin.ipx
Info: D:/quartus/quartus/sopc_builder/builtin.ipx described 103 plugins, 0 paths, in 0.02 seconds
Info: D:/quartus/quartus/sopc_builder/**/* matched 9 files in 0.02 seconds
Info: Reading index D:/quartus/quartus/common/librarian/factories/index.ipx
Info: D:/quartus/quartus/common/librarian/factories/index.ipx described 151 plugins, 0 paths, in 0.03 seconds
Info: D:/quartus/quartus/common/librarian/factories/**/* matched 4 files in 0.03 seconds
Info: D:/quartus/quartus/sopc_builder/bin/$IP_IPX_PATH matched 1 files in 0.00 seconds
Info: D:/quartus/quartus/sopc_builder/bin/root_components.ipx described 0 plugins, 9 paths, in 0.29 seconds
Info: D:/quartus/quartus/sopc_builder/bin/root_components.ipx matched 1 files in 0.29 seconds
Progress: 
Progress: 
Progress: 
Info: Loading presets
Progress: Loading presets
Info: Running script D:/quartus/quartus/sopc_builder/bin/tbgen.tcl
Info: acds::register_package_version 12.1
Info: send_message Info TB_Gen: QSYS Testbench Generator Rev: $Revision: #2 $
Info: TB_Gen: QSYS Testbench Generator Rev: $Revision: #2 $
Info: get_module_property NAME
Info: send_message Info TB_Gen: System design is: system
Info: TB_Gen: System design is: system
Info: get_interfaces 
Info: get_connections 
Info: get_interface_property reset EXPORT_OF
Info: get_instance_property clk_0 CLASS_NAME
Info: get_instance_assignment clk_0 testbench.partner.map.clk_in_reset
Info: get_interface_property clk EXPORT_OF
Info: get_instance_property clk_0 CLASS_NAME
Info: get_instance_assignment clk_0 testbench.partner.map.clk_in
Info: send_message Info TB_Gen: Creating testbench system : system_tb with all standard BFMs
Info: TB_Gen: Creating testbench system : system_tb with all standard BFMs
Info: create_system system_tb
Info: add_instance system_inst system 
Info: set_use_testbench_naming_pattern true
Info: get_instance_interfaces system_inst
Info: get_instance_interface_property system_inst reset CLASS_NAME
Info: get_instance_interface_property system_inst clk CLASS_NAME
Info: get_instance_interface_property system_inst clk CLASS_NAME
Info: send_message Info TB_Gen: clock_sink found: clk
Info: TB_Gen: clock_sink found: clk
Info: get_instance_interface_property system_inst clk CLASS_NAME
Info: add_instance system_inst_clk_bfm altera_avalon_clock_source 
Info: get_instance_property system_inst_clk_bfm CLASS_NAME
Info: get_instance_interface_parameter_value system_inst clk clockRate
Info: set_instance_parameter_value system_inst_clk_bfm CLOCK_RATE 50000000.0
Info: set_instance_parameter_value system_inst_clk_bfm CLOCK_UNIT 1
Info: get_instance_property system_inst_clk_bfm CLASS_NAME
Info: get_instance_interface_property system_inst clk CLASS_NAME
Info: get_instance_interfaces system_inst_clk_bfm
Info: get_instance_interface_property system_inst_clk_bfm clk CLASS_NAME
Info: add_connection system_inst_clk_bfm.clk system_inst.clk
Info: get_instance_interface_property system_inst reset CLASS_NAME
Info: send_message Info TB_Gen: reset_sink found: reset
Info: TB_Gen: reset_sink found: reset
Info: get_instance_interface_property system_inst reset CLASS_NAME
Info: add_instance system_inst_reset_bfm altera_avalon_reset_source 
Info: get_instance_property system_inst_reset_bfm CLASS_NAME
Info: get_instance_interface_ports system_inst reset
Info: get_instance_interface_port_property system_inst reset reset_reset_n ROLE
Info: set_instance_parameter_value system_inst_reset_bfm ASSERT_HIGH_RESET 0
Info: set_instance_parameter_value system_inst_reset_bfm INITIAL_RESET_CYCLES 50
Info: get_instance_property system_inst_reset_bfm CLASS_NAME
Info: get_instance_interfaces system_inst_reset_bfm
Info: get_instance_interface_property system_inst_reset_bfm reset CLASS_NAME
Info: get_instance_interface_property system_inst_reset_bfm clk CLASS_NAME
Info: get_instance_property system_inst_reset_bfm CLASS_NAME
Info: get_instance_interface_parameter_value system_inst reset associatedClock
Info: get_instance_interfaces system_inst_clk_bfm
Info: get_instance_interface_property system_inst_clk_bfm clk CLASS_NAME
Info: send_message Warning TB_Gen: system_inst_reset_bfm is not associated to any clock; connecting system_inst_reset_bfm to 'system_inst_clk_bfm.clk'
Warning: TB_Gen: system_inst_reset_bfm is not associated to any clock; connecting system_inst_reset_bfm to 'system_inst_clk_bfm.clk'
Info: add_connection system_inst_clk_bfm.clk system_inst_reset_bfm.clk
Info: get_instance_interface_property system_inst reset CLASS_NAME
Info: get_instance_interfaces system_inst_reset_bfm
Info: get_instance_interface_property system_inst_reset_bfm reset CLASS_NAME
Info: get_instance_interface_property system_inst_reset_bfm clk CLASS_NAME
Info: add_connection system_inst_reset_bfm.reset system_inst.reset
Info: send_message Info TB_Gen: Saving testbench system: system_tb.qsys
Info: TB_Gen: Saving testbench system: system_tb.qsys
Info: save_system system_tb.qsys
Info: send_message Info TB_Gen: TBGEN SUCCESSFUL
Info: TB_Gen: TBGEN SUCCESSFUL
Info: Testbench system: E:/BTap/BTap/Tuan8/Bai1/system/testbench/system_tb.qsys
Info: Done
Info: ip-generate --project-directory=E:/BTap/BTap/Tuan8/Bai1/system/testbench/ --output-directory=E:/BTap/BTap/Tuan8/Bai1/system/testbench/system_tb/simulation/ --file-set=SIM_VERILOG --report-file=html:E:/BTap/BTap/Tuan8/Bai1/system/testbench/system_tb.html --system-info=DEVICE_FAMILY="Cyclone IV E" --system-info=DEVICE=EP4CE115F29C8 --system-info=DEVICE_SPEEDGRADE=8 --component-file=E:/BTap/BTap/Tuan8/Bai1/system/testbench/system_tb.qsys --report-file=csv:E:/BTap/BTap/Tuan8/Bai1/system_tb.csv --report-file=spd:E:/BTap/BTap/Tuan8/Bai1/system_tb.spd
Progress: Loading testbench/system_tb.qsys
Progress: Reading input file
Progress: Adding system_inst [system 1.0]
Progress: Parameterizing module system_inst
Progress: Adding system_inst_clk_bfm [altera_avalon_clock_source 13.0]
Progress: Parameterizing module system_inst_clk_bfm
Progress: Adding system_inst_reset_bfm [altera_avalon_reset_source 13.0]
Progress: Parameterizing module system_inst_reset_bfm
Progress: Building connections
Progress: Parameterizing connections
Progress: Validating
Progress: Done reading input file
Info: system_tb.system_inst_clk_bfm: Elaborate: altera_clock_source
Info: system_tb.system_inst_clk_bfm:            $Revision: #1 $
Info: system_tb.system_inst_clk_bfm:            $Date: 2013/03/07 $
Info: system_tb.system_inst_reset_bfm: Elaborate: altera_reset_source
Info: system_tb.system_inst_reset_bfm:            $Revision: #1 $
Info: system_tb.system_inst_reset_bfm:            $Date: 2013/03/07 $
Info: system_tb.system_inst_reset_bfm: Reset is negatively asserted.
Info: system_tb: Generating system_tb "system_tb" for SIM_VERILOG
Info: pipeline_bridge_swap_transform: After transform: 3 modules, 3 connections
Info: No custom instruction connections, skipping transform 
Info: No Avalon connections, skipping transform 
Info: merlin_translator_transform: After transform: 3 modules, 3 connections
Info: pipeline_bridge_swap_transform: After transform: 5 modules, 20 connections
Info: No custom instruction connections, skipping transform 
Info: merlin_translator_transform: After transform: 11 modules, 43 connections
Info: merlin_domain_transform: After transform: 22 modules, 110 connections
Info: merlin_router_transform: After transform: 28 modules, 133 connections
Info: reset_adaptation_transform: After transform: 30 modules, 112 connections
Info: merlin_network_to_switch_transform: After transform: 41 modules, 140 connections
Info: merlin_mm_transform: After transform: 41 modules, 140 connections
Info: merlin_interrupt_mapper_transform: After transform: 42 modules, 143 connections
Warning: system_inst: "No matching role found for rst_controller:reset_out:reset_req (reset_req)"
Warning: system_inst: "No matching role found for rst_controller:reset_out:reset_req (reset_req)"
Warning: system_inst: "No matching role found for rst_controller:reset_out:reset_req (reset_req)"
Warning: system_inst: "No matching role found for rst_controller:reset_out:reset_req (reset_req)"
Warning: system_inst: "No matching role found for rst_controller:reset_out:reset_req (reset_req)"
Warning: system_inst: "No matching role found for rst_controller:reset_out:reset_req (reset_req)"
Warning: system_inst: "No matching role found for rst_controller:reset_out:reset_req (reset_req)"
Warning: system_inst: "No matching role found for rst_controller:reset_out:reset_req (reset_req)"
Warning: system_inst: "No matching role found for rst_controller:reset_out:reset_req (reset_req)"
Warning: system_inst: "No matching role found for rst_controller:reset_out:reset_req (reset_req)"
Warning: system_inst: "No matching role found for rst_controller:reset_out:reset_req (reset_req)"
Warning: system_inst: "No matching role found for rst_controller:reset_out:reset_req (reset_req)"
Warning: system_inst: "No matching role found for rst_controller:reset_out:reset_req (reset_req)"
Warning: system_inst: "No matching role found for rst_controller:reset_out:reset_req (reset_req)"
Warning: system_inst: "No matching role found for rst_controller:reset_out:reset_req (reset_req)"
Warning: system_inst: "No matching role found for rst_controller:reset_out:reset_req (reset_req)"
Warning: system_inst: "No matching role found for rst_controller:reset_out:reset_req (reset_req)"
Warning: system_inst: "No matching role found for rst_controller:reset_out:reset_req (reset_req)"
Warning: system_inst: "No matching role found for rst_controller:reset_out:reset_req (reset_req)"
Warning: system_inst: "No matching role found for rst_controller:reset_out:reset_req (reset_req)"
Warning: system_inst: "No matching role found for rst_controller:reset_out:reset_req (reset_req)"
Warning: system_inst: "No matching role found for rst_controller:reset_out:reset_req (reset_req)"
Warning: system_inst: "No matching role found for rst_controller:reset_out:reset_req (reset_req)"
Warning: system_inst: "No matching role found for rst_controller:reset_out:reset_req (reset_req)"
Warning: system_inst: "No matching role found for rst_controller:reset_out:reset_req (reset_req)"
Warning: system_inst: "No matching role found for rst_controller:reset_out:reset_req (reset_req)"
Warning: system_inst: "No matching role found for rst_controller:reset_out:reset_req (reset_req)"
Warning: system_inst: "No matching role found for rst_controller:reset_out:reset_req (reset_req)"
Warning: system_inst: "No matching role found for rst_controller:reset_out:reset_req (reset_req)"
Warning: system_inst: "No matching role found for rst_controller:reset_out:reset_req (reset_req)"
Warning: system_inst: "No matching role found for rst_controller:reset_out:reset_req (reset_req)"
Info: system_inst: "system_tb" instantiated system "system_inst"
Info: system_inst_clk_bfm: "system_tb" instantiated altera_avalon_clock_source "system_inst_clk_bfm"
Info: system_inst_reset_bfm: "system_tb" instantiated altera_avalon_reset_source "system_inst_reset_bfm"
Info: Reusing file E:/BTap/BTap/Tuan8/Bai1/system/testbench/system_tb/simulation/submodules/verbosity_pkg.sv
Info: onchip_memory2_0: Starting RTL generation for module 'system_onchip_memory2_0'
Info: onchip_memory2_0:   Generation command is [exec D:/quartus/quartus/bin/perl/bin/perl.exe -I D:/quartus/quartus/common/ip/altera/common/perl/5.8.3 -I D:/quartus/quartus/sopc_builder/bin/europa -I D:/quartus/quartus/sopc_builder/bin/perl_lib -I D:/quartus/quartus/sopc_builder/bin -I D:/quartus/quartus/../ip/altera/sopc_builder_ip/common -I D:/quartus/quartus/../ip/altera/sopc_builder_ip/altera_avalon_onchip_memory2 -- D:/quartus/quartus/../ip/altera/sopc_builder_ip/altera_avalon_onchip_memory2/generate_rtl.pl --name=system_onchip_memory2_0 --dir=C:/Users/DELL/AppData/Local/Temp/alt9814_3240209473613982242.dir/0059_onchip_memory2_0_gen/ --quartus_dir=D:/quartus/quartus --verilog --config=C:/Users/DELL/AppData/Local/Temp/alt9814_3240209473613982242.dir/0059_onchip_memory2_0_gen//system_onchip_memory2_0_component_configuration.pl  --do_build_sim=1    --sim_dir=C:/Users/DELL/AppData/Local/Temp/alt9814_3240209473613982242.dir/0059_onchip_memory2_0_gen/  ]
Info: onchip_memory2_0: Done RTL generation for module 'system_onchip_memory2_0'
Info: onchip_memory2_0: "system_inst" instantiated altera_avalon_onchip_memory2 "onchip_memory2_0"
Info: nios2_qsys_0: Starting RTL generation for module 'system_nios2_qsys_0'
Info: nios2_qsys_0:   Generation command is [exec D:/quartus/quartus/../ip/altera/nios2_ip/altera_nios2/eperl.exe -I D:/quartus/quartus/common/ip/altera/common/perl/5.8.3 -I D:/quartus/quartus/sopc_builder/bin/europa -I D:/quartus/quartus/sopc_builder/bin/perl_lib -I D:/quartus/quartus/sopc_builder/bin -I D:/quartus/quartus/../ip/altera/nios2_ip/altera_nios2/cpu_lib -I D:/quartus/quartus/../ip/altera/nios2_ip/altera_nios2/nios_lib -I D:/quartus/quartus/../ip/altera/nios2_ip/altera_nios2 -I D:/quartus/quartus/../ip/altera/nios2_ip/altera_nios2 -- D:/quartus/quartus/../ip/altera/nios2_ip/altera_nios2/generate_rtl.epl --name=system_nios2_qsys_0 --dir=C:/Users/DELL/AppData/Local/Temp/alt9814_3240209473613982242.dir/0060_nios2_qsys_0_gen/ --quartus_dir=D:/quartus/quartus --verilog --config=C:/Users/DELL/AppData/Local/Temp/alt9814_3240209473613982242.dir/0060_nios2_qsys_0_gen//system_nios2_qsys_0_processor_configuration.pl  --do_build_sim=1    --sim_dir=C:/Users/DELL/AppData/Local/Temp/alt9814_3240209473613982242.dir/0060_nios2_qsys_0_gen/    --bogus  ]
Info: nios2_qsys_0: # 2024.04.01 13:57:25 (*) Starting Nios II generation
Info: nios2_qsys_0: # 2024.04.01 13:57:25 (*)   Checking for plaintext license.
Info: nios2_qsys_0: # 2024.04.01 13:57:26 (*)   Couldn't query license setup in Quartus directory D:/quartus/quartus
Info: nios2_qsys_0: # 2024.04.01 13:57:26 (*)   Defaulting to contents of LM_LICENSE_FILE environment variable
Info: nios2_qsys_0: # 2024.04.01 13:57:26 (*)   LM_LICENSE_FILE environment variable is empty
Info: nios2_qsys_0: # 2024.04.01 13:57:26 (*)   Plaintext license not found.
Info: nios2_qsys_0: # 2024.04.01 13:57:26 (*)   No license required to generate encrypted Nios II/e.
Info: nios2_qsys_0: # 2024.04.01 13:57:26 (*)   Elaborating CPU configuration settings
Info: nios2_qsys_0: # 2024.04.01 13:57:26 (*)   Creating all objects for CPU
Info: nios2_qsys_0: # 2024.04.01 13:57:27 (*)   Creating 'C:/Users/DELL/AppData/Local/Temp/alt9814_3240209473613982242.dir/0060_nios2_qsys_0_gen//system_nios2_qsys_0_nios2_waves.do'
Info: nios2_qsys_0: # 2024.04.01 13:57:27 (*)   Generating RTL from CPU objects
Info: nios2_qsys_0: # 2024.04.01 13:57:27 (*)   Creating plain-text RTL
Info: nios2_qsys_0: # 2024.04.01 13:57:29 (*) Done Nios II generation
Info: nios2_qsys_0: Done RTL generation for module 'system_nios2_qsys_0'
Info: nios2_qsys_0: "system_inst" instantiated altera_nios2_qsys "nios2_qsys_0"
Info: jtag_uart_0: Starting RTL generation for module 'system_jtag_uart_0'
Info: jtag_uart_0:   Generation command is [exec D:/quartus/quartus/bin/perl/bin/perl.exe -I D:/quartus/quartus/common/ip/altera/common/perl/5.8.3 -I D:/quartus/quartus/sopc_builder/bin/europa -I D:/quartus/quartus/sopc_builder/bin/perl_lib -I D:/quartus/quartus/sopc_builder/bin -I D:/quartus/quartus/../ip/altera/sopc_builder_ip/common -I D:/quartus/quartus/../ip/altera/sopc_builder_ip/altera_avalon_jtag_uart -- D:/quartus/quartus/../ip/altera/sopc_builder_ip/altera_avalon_jtag_uart/generate_rtl.pl --name=system_jtag_uart_0 --dir=C:/Users/DELL/AppData/Local/Temp/alt9814_3240209473613982242.dir/0061_jtag_uart_0_gen/ --quartus_dir=D:/quartus/quartus --verilog --config=C:/Users/DELL/AppData/Local/Temp/alt9814_3240209473613982242.dir/0061_jtag_uart_0_gen//system_jtag_uart_0_component_configuration.pl  --do_build_sim=1    --sim_dir=C:/Users/DELL/AppData/Local/Temp/alt9814_3240209473613982242.dir/0061_jtag_uart_0_gen/  ]
Info: jtag_uart_0: Done RTL generation for module 'system_jtag_uart_0'
Info: jtag_uart_0: "system_inst" instantiated altera_avalon_jtag_uart "jtag_uart_0"
Error: Memory_0: Memory does not support generation for Verilog Simulation. Generation is available for: Quartus Synthesis.
Error: Generation stopped, 37 or more modules remaining
Info: system_tb: Done system_tb" with 21 modules, 25 files, 707161 bytes
Error: ip-generate failed with exit code 1: 2 Errors, 31 Warnings
Error: There were errors creating the testbench system.
Info: Finished: Create testbench Qsys system
Info: Starting: Create block symbol file (.bsf)
Info: ip-generate --project-directory=E:/BTap/BTap/Tuan8/Bai1/ --output-directory=E:/BTap/BTap/Tuan8/Bai1/system/ --report-file=bsf:E:/BTap/BTap/Tuan8/Bai1/system.bsf --system-info=DEVICE_FAMILY="Cyclone IV E" --system-info=DEVICE=EP4CE115F29C8 --system-info=DEVICE_SPEEDGRADE=8 --component-file=E:/BTap/BTap/Tuan8/Bai1/system.qsys
Progress: Loading Bai1/system.qsys
Progress: Reading input file
Progress: Adding clk_0 [clock_source 13.0]
Progress: Parameterizing module clk_0
Progress: Adding onchip_memory2_0 [altera_avalon_onchip_memory2 13.0.1.99.2]
Progress: Parameterizing module onchip_memory2_0
Progress: Adding nios2_qsys_0 [altera_nios2_qsys 13.0]
Progress: Parameterizing module nios2_qsys_0
Progress: Adding jtag_uart_0 [altera_avalon_jtag_uart 13.0.1.99.2]
Progress: Parameterizing module jtag_uart_0
Progress: Adding Memory_0 [Memory 1.0]
Progress: Parameterizing module Memory_0
Progress: Building connections
Progress: Parameterizing connections
Progress: Validating
Progress: Done reading input file
Info: ip-generate succeeded.
Info: Finished: Create block symbol file (.bsf)
Info: 
Info: Starting: Create HDL design files for synthesis
Info: ip-generate --project-directory=E:/BTap/BTap/Tuan8/Bai1/ --output-directory=E:/BTap/BTap/Tuan8/Bai1/system/synthesis/ --file-set=QUARTUS_SYNTH --report-file=sopcinfo:E:/BTap/BTap/Tuan8/Bai1/system.sopcinfo --report-file=html:E:/BTap/BTap/Tuan8/Bai1/system.html --report-file=qip:E:/BTap/BTap/Tuan8/Bai1/system/synthesis/system.qip --report-file=cmp:E:/BTap/BTap/Tuan8/Bai1/system.cmp --report-file=svd --system-info=DEVICE_FAMILY="Cyclone IV E" --system-info=DEVICE=EP4CE115F29C8 --system-info=DEVICE_SPEEDGRADE=8 --component-file=E:/BTap/BTap/Tuan8/Bai1/system.qsys --language=VERILOG
Progress: Loading Bai1/system.qsys
Progress: Reading input file
Progress: Adding clk_0 [clock_source 13.0]
Progress: Parameterizing module clk_0
Progress: Adding onchip_memory2_0 [altera_avalon_onchip_memory2 13.0.1.99.2]
Progress: Parameterizing module onchip_memory2_0
Progress: Adding nios2_qsys_0 [altera_nios2_qsys 13.0]
Progress: Parameterizing module nios2_qsys_0
Progress: Adding jtag_uart_0 [altera_avalon_jtag_uart 13.0.1.99.2]
Progress: Parameterizing module jtag_uart_0
Progress: Adding Memory_0 [Memory 1.0]
Progress: Parameterizing module Memory_0
Progress: Building connections
Progress: Parameterizing connections
Progress: Validating
Progress: Done reading input file
Info: system: Generating system "system" for QUARTUS_SYNTH
Info: pipeline_bridge_swap_transform: After transform: 5 modules, 20 connections
Info: No custom instruction connections, skipping transform 
Info: merlin_translator_transform: After transform: 11 modules, 43 connections
Info: merlin_domain_transform: After transform: 22 modules, 110 connections
Info: merlin_router_transform: After transform: 28 modules, 133 connections
Info: reset_adaptation_transform: After transform: 30 modules, 112 connections
Info: merlin_network_to_switch_transform: After transform: 41 modules, 140 connections
Info: merlin_mm_transform: After transform: 41 modules, 140 connections
Info: merlin_interrupt_mapper_transform: After transform: 42 modules, 143 connections
Warning: system: "No matching role found for rst_controller:reset_out:reset_req (reset_req)"
Warning: system: "No matching role found for rst_controller:reset_out:reset_req (reset_req)"
Warning: system: "No matching role found for rst_controller:reset_out:reset_req (reset_req)"
Warning: system: "No matching role found for rst_controller:reset_out:reset_req (reset_req)"
Warning: system: "No matching role found for rst_controller:reset_out:reset_req (reset_req)"
Warning: system: "No matching role found for rst_controller:reset_out:reset_req (reset_req)"
Warning: system: "No matching role found for rst_controller:reset_out:reset_req (reset_req)"
Warning: system: "No matching role found for rst_controller:reset_out:reset_req (reset_req)"
Warning: system: "No matching role found for rst_controller:reset_out:reset_req (reset_req)"
Warning: system: "No matching role found for rst_controller:reset_out:reset_req (reset_req)"
Warning: system: "No matching role found for rst_controller:reset_out:reset_req (reset_req)"
Warning: system: "No matching role found for rst_controller:reset_out:reset_req (reset_req)"
Warning: system: "No matching role found for rst_controller:reset_out:reset_req (reset_req)"
Warning: system: "No matching role found for rst_controller:reset_out:reset_req (reset_req)"
Warning: system: "No matching role found for rst_controller:reset_out:reset_req (reset_req)"
Warning: system: "No matching role found for rst_controller:reset_out:reset_req (reset_req)"
Warning: system: "No matching role found for rst_controller:reset_out:reset_req (reset_req)"
Warning: system: "No matching role found for rst_controller:reset_out:reset_req (reset_req)"
Warning: system: "No matching role found for rst_controller:reset_out:reset_req (reset_req)"
Warning: system: "No matching role found for rst_controller:reset_out:reset_req (reset_req)"
Warning: system: "No matching role found for rst_controller:reset_out:reset_req (reset_req)"
Warning: system: "No matching role found for rst_controller:reset_out:reset_req (reset_req)"
Warning: system: "No matching role found for rst_controller:reset_out:reset_req (reset_req)"
Warning: system: "No matching role found for rst_controller:reset_out:reset_req (reset_req)"
Warning: system: "No matching role found for rst_controller:reset_out:reset_req (reset_req)"
Warning: system: "No matching role found for rst_controller:reset_out:reset_req (reset_req)"
Warning: system: "No matching role found for rst_controller:reset_out:reset_req (reset_req)"
Warning: system: "No matching role found for rst_controller:reset_out:reset_req (reset_req)"
Warning: system: "No matching role found for rst_controller:reset_out:reset_req (reset_req)"
Warning: system: "No matching role found for rst_controller:reset_out:reset_req (reset_req)"
Warning: system: "No matching role found for rst_controller:reset_out:reset_req (reset_req)"
Info: onchip_memory2_0: Starting RTL generation for module 'system_onchip_memory2_0'
Info: onchip_memory2_0:   Generation command is [exec D:/quartus/quartus/bin/perl/bin/perl.exe -I D:/quartus/quartus/common/ip/altera/common/perl/5.8.3 -I D:/quartus/quartus/sopc_builder/bin/europa -I D:/quartus/quartus/sopc_builder/bin/perl_lib -I D:/quartus/quartus/sopc_builder/bin -I D:/quartus/quartus/../ip/altera/sopc_builder_ip/common -I D:/quartus/quartus/../ip/altera/sopc_builder_ip/altera_avalon_onchip_memory2 -- D:/quartus/quartus/../ip/altera/sopc_builder_ip/altera_avalon_onchip_memory2/generate_rtl.pl --name=system_onchip_memory2_0 --dir=C:/Users/DELL/AppData/Local/Temp/alt9814_3240209473613982242.dir/0062_onchip_memory2_0_gen/ --quartus_dir=D:/quartus/quartus --verilog --config=C:/Users/DELL/AppData/Local/Temp/alt9814_3240209473613982242.dir/0062_onchip_memory2_0_gen//system_onchip_memory2_0_component_configuration.pl  --do_build_sim=0  ]
Info: onchip_memory2_0: Done RTL generation for module 'system_onchip_memory2_0'
Info: onchip_memory2_0: "system" instantiated altera_avalon_onchip_memory2 "onchip_memory2_0"
Info: nios2_qsys_0: Starting RTL generation for module 'system_nios2_qsys_0'
Info: nios2_qsys_0:   Generation command is [exec D:/quartus/quartus/../ip/altera/nios2_ip/altera_nios2/eperl.exe -I D:/quartus/quartus/common/ip/altera/common/perl/5.8.3 -I D:/quartus/quartus/sopc_builder/bin/europa -I D:/quartus/quartus/sopc_builder/bin/perl_lib -I D:/quartus/quartus/sopc_builder/bin -I D:/quartus/quartus/../ip/altera/nios2_ip/altera_nios2/cpu_lib -I D:/quartus/quartus/../ip/altera/nios2_ip/altera_nios2/nios_lib -I D:/quartus/quartus/../ip/altera/nios2_ip/altera_nios2 -I D:/quartus/quartus/../ip/altera/nios2_ip/altera_nios2 -- D:/quartus/quartus/../ip/altera/nios2_ip/altera_nios2/generate_rtl.epl --name=system_nios2_qsys_0 --dir=C:/Users/DELL/AppData/Local/Temp/alt9814_3240209473613982242.dir/0063_nios2_qsys_0_gen/ --quartus_dir=D:/quartus/quartus --verilog --config=C:/Users/DELL/AppData/Local/Temp/alt9814_3240209473613982242.dir/0063_nios2_qsys_0_gen//system_nios2_qsys_0_processor_configuration.pl  --do_build_sim=0    --bogus  ]
Info: nios2_qsys_0: # 2024.04.01 13:57:34 (*) Starting Nios II generation
Info: nios2_qsys_0: # 2024.04.01 13:57:34 (*)   Checking for plaintext license.
Info: nios2_qsys_0: # 2024.04.01 13:57:35 (*)   Couldn't query license setup in Quartus directory D:/quartus/quartus
Info: nios2_qsys_0: # 2024.04.01 13:57:35 (*)   Defaulting to contents of LM_LICENSE_FILE environment variable
Info: nios2_qsys_0: # 2024.04.01 13:57:35 (*)   LM_LICENSE_FILE environment variable is empty
Info: nios2_qsys_0: # 2024.04.01 13:57:35 (*)   Plaintext license not found.
Info: nios2_qsys_0: # 2024.04.01 13:57:35 (*)   No license required to generate encrypted Nios II/e.
Info: nios2_qsys_0: # 2024.04.01 13:57:35 (*)   Elaborating CPU configuration settings
Info: nios2_qsys_0: # 2024.04.01 13:57:35 (*)   Creating all objects for CPU
Info: nios2_qsys_0: # 2024.04.01 13:57:36 (*)   Generating RTL from CPU objects
Info: nios2_qsys_0: # 2024.04.01 13:57:36 (*)   Creating plain-text RTL
Info: nios2_qsys_0: # 2024.04.01 13:57:39 (*) Done Nios II generation
Info: nios2_qsys_0: Done RTL generation for module 'system_nios2_qsys_0'
Info: nios2_qsys_0: "system" instantiated altera_nios2_qsys "nios2_qsys_0"
Info: jtag_uart_0: Starting RTL generation for module 'system_jtag_uart_0'
Info: jtag_uart_0:   Generation command is [exec D:/quartus/quartus/bin/perl/bin/perl.exe -I D:/quartus/quartus/common/ip/altera/common/perl/5.8.3 -I D:/quartus/quartus/sopc_builder/bin/europa -I D:/quartus/quartus/sopc_builder/bin/perl_lib -I D:/quartus/quartus/sopc_builder/bin -I D:/quartus/quartus/../ip/altera/sopc_builder_ip/common -I D:/quartus/quartus/../ip/altera/sopc_builder_ip/altera_avalon_jtag_uart -- D:/quartus/quartus/../ip/altera/sopc_builder_ip/altera_avalon_jtag_uart/generate_rtl.pl --name=system_jtag_uart_0 --dir=C:/Users/DELL/AppData/Local/Temp/alt9814_3240209473613982242.dir/0064_jtag_uart_0_gen/ --quartus_dir=D:/quartus/quartus --verilog --config=C:/Users/DELL/AppData/Local/Temp/alt9814_3240209473613982242.dir/0064_jtag_uart_0_gen//system_jtag_uart_0_component_configuration.pl  --do_build_sim=0  ]
Info: jtag_uart_0: Done RTL generation for module 'system_jtag_uart_0'
Info: jtag_uart_0: "system" instantiated altera_avalon_jtag_uart "jtag_uart_0"
Info: Memory_0: "system" instantiated Memory "Memory_0"
Info: nios2_qsys_0_instruction_master_translator: "system" instantiated altera_merlin_master_translator "nios2_qsys_0_instruction_master_translator"
Info: nios2_qsys_0_jtag_debug_module_translator: "system" instantiated altera_merlin_slave_translator "nios2_qsys_0_jtag_debug_module_translator"
Info: nios2_qsys_0_instruction_master_translator_avalon_universal_master_0_agent: "system" instantiated altera_merlin_master_agent "nios2_qsys_0_instruction_master_translator_avalon_universal_master_0_agent"
Info: nios2_qsys_0_jtag_debug_module_translator_avalon_universal_slave_0_agent: "system" instantiated altera_merlin_slave_agent "nios2_qsys_0_jtag_debug_module_translator_avalon_universal_slave_0_agent"
Info: nios2_qsys_0_jtag_debug_module_translator_avalon_universal_slave_0_agent_rsp_fifo: "system" instantiated altera_avalon_sc_fifo "nios2_qsys_0_jtag_debug_module_translator_avalon_universal_slave_0_agent_rsp_fifo"
Info: addr_router: "system" instantiated altera_merlin_router "addr_router"
Info: id_router: "system" instantiated altera_merlin_router "id_router"
Info: rst_controller: "system" instantiated altera_reset_controller "rst_controller"
Info: cmd_xbar_demux: "system" instantiated altera_merlin_demultiplexer "cmd_xbar_demux"
Info: cmd_xbar_mux: "system" instantiated altera_merlin_multiplexer "cmd_xbar_mux"
Info: rsp_xbar_demux: "system" instantiated altera_merlin_demultiplexer "rsp_xbar_demux"
Info: rsp_xbar_mux: "system" instantiated altera_merlin_multiplexer "rsp_xbar_mux"
Info: Reusing file E:/BTap/BTap/Tuan8/Bai1/system/synthesis/submodules/altera_merlin_arbitrator.sv
Info: irq_mapper: "system" instantiated altera_irq_mapper "irq_mapper"
Info: system: Done system" with 18 modules, 65 files, 1322620 bytes
Info: ip-generate succeeded.
Info: Finished: Create HDL design files for synthesis
