Info: Starting: Create simulation model
Info: ip-generate --project-directory=E:/BTap/BTap/Tuan8/Bai1/ --output-directory=E:/BTap/BTap/Tuan8/Bai1/systemne/simulation/ --file-set=SIM_VERILOG --report-file=sopcinfo:E:/BTap/BTap/Tuan8/Bai1/systemne.sopcinfo --report-file=html:E:/BTap/BTap/Tuan8/Bai1/systemne.html --report-file=sip:E:/BTap/BTap/Tuan8/Bai1/systemne/simulation/systemne.sip --report-file=csv:E:/BTap/BTap/Tuan8/Bai1/systemne.csv --report-file=spd:E:/BTap/BTap/Tuan8/Bai1/systemne.spd --report-file=cmp:E:/BTap/BTap/Tuan8/Bai1/systemne.cmp --system-info=DEVICE_FAMILY="Cyclone IV E" --system-info=DEVICE=EP4CE115F29C8 --system-info=DEVICE_SPEEDGRADE=8 --component-file=E:/BTap/BTap/Tuan8/Bai1/systemne.qsys
Progress: Loading Bai1/systemne.qsys
Progress: Reading input file
Progress: Adding clk_0 [clock_source 13.0]
Progress: Parameterizing module clk_0
Progress: Adding nios2_qsys_0 [altera_nios2_qsys 13.0]
Progress: Parameterizing module nios2_qsys_0
Progress: Adding onchip_memory2_0 [altera_avalon_onchip_memory2 13.0.1.99.2]
Progress: Parameterizing module onchip_memory2_0
Progress: Adding jtag_uart_0 [altera_avalon_jtag_uart 13.0.1.99.2]
Progress: Parameterizing module jtag_uart_0
Progress: Adding Memory_0 [Memory 1.0]
Progress: Parameterizing module Memory_0
Progress: Building connections
Progress: Parameterizing connections
Progress: Validating
Progress: Done reading input file
Info: systemne: Generating systemne "systemne" for SIM_VERILOG
Info: pipeline_bridge_swap_transform: After transform: 5 modules, 19 connections
Info: No custom instruction connections, skipping transform 
Info: merlin_translator_transform: After transform: 11 modules, 42 connections
Info: merlin_domain_transform: After transform: 22 modules, 110 connections
Info: merlin_router_transform: After transform: 28 modules, 133 connections
Info: reset_adaptation_transform: After transform: 30 modules, 112 connections
Info: merlin_network_to_switch_transform: After transform: 41 modules, 138 connections
Info: merlin_mm_transform: After transform: 41 modules, 138 connections
Info: merlin_interrupt_mapper_transform: After transform: 42 modules, 141 connections
Warning: systemne: "No matching role found for rst_controller:reset_out:reset_req (reset_req)"
Warning: systemne: "No matching role found for rst_controller:reset_out:reset_req (reset_req)"
Warning: systemne: "No matching role found for rst_controller:reset_out:reset_req (reset_req)"
Warning: systemne: "No matching role found for rst_controller:reset_out:reset_req (reset_req)"
Warning: systemne: "No matching role found for rst_controller:reset_out:reset_req (reset_req)"
Warning: systemne: "No matching role found for rst_controller:reset_out:reset_req (reset_req)"
Warning: systemne: "No matching role found for rst_controller:reset_out:reset_req (reset_req)"
Warning: systemne: "No matching role found for rst_controller:reset_out:reset_req (reset_req)"
Warning: systemne: "No matching role found for rst_controller:reset_out:reset_req (reset_req)"
Warning: systemne: "No matching role found for rst_controller:reset_out:reset_req (reset_req)"
Warning: systemne: "No matching role found for rst_controller:reset_out:reset_req (reset_req)"
Warning: systemne: "No matching role found for rst_controller:reset_out:reset_req (reset_req)"
Warning: systemne: "No matching role found for rst_controller:reset_out:reset_req (reset_req)"
Warning: systemne: "No matching role found for rst_controller:reset_out:reset_req (reset_req)"
Warning: systemne: "No matching role found for rst_controller:reset_out:reset_req (reset_req)"
Warning: systemne: "No matching role found for rst_controller:reset_out:reset_req (reset_req)"
Warning: systemne: "No matching role found for rst_controller:reset_out:reset_req (reset_req)"
Warning: systemne: "No matching role found for rst_controller:reset_out:reset_req (reset_req)"
Warning: systemne: "No matching role found for rst_controller:reset_out:reset_req (reset_req)"
Warning: systemne: "No matching role found for rst_controller:reset_out:reset_req (reset_req)"
Warning: systemne: "No matching role found for rst_controller:reset_out:reset_req (reset_req)"
Warning: systemne: "No matching role found for rst_controller:reset_out:reset_req (reset_req)"
Warning: systemne: "No matching role found for rst_controller:reset_out:reset_req (reset_req)"
Warning: systemne: "No matching role found for rst_controller:reset_out:reset_req (reset_req)"
Warning: systemne: "No matching role found for rst_controller:reset_out:reset_req (reset_req)"
Warning: systemne: "No matching role found for rst_controller:reset_out:reset_req (reset_req)"
Warning: systemne: "No matching role found for rst_controller:reset_out:reset_req (reset_req)"
Warning: systemne: "No matching role found for rst_controller:reset_out:reset_req (reset_req)"
Warning: systemne: "No matching role found for rst_controller:reset_out:reset_req (reset_req)"
Warning: systemne: "No matching role found for rst_controller:reset_out:reset_req (reset_req)"
Warning: systemne: "No matching role found for rst_controller:reset_out:reset_req (reset_req)"
Info: nios2_qsys_0: Starting RTL generation for module 'systemne_nios2_qsys_0'
Info: nios2_qsys_0:   Generation command is [exec D:/quartus/quartus/../ip/altera/nios2_ip/altera_nios2/eperl.exe -I D:/quartus/quartus/common/ip/altera/common/perl/5.8.3 -I D:/quartus/quartus/sopc_builder/bin/europa -I D:/quartus/quartus/sopc_builder/bin/perl_lib -I D:/quartus/quartus/sopc_builder/bin -I D:/quartus/quartus/../ip/altera/nios2_ip/altera_nios2/cpu_lib -I D:/quartus/quartus/../ip/altera/nios2_ip/altera_nios2/nios_lib -I D:/quartus/quartus/../ip/altera/nios2_ip/altera_nios2 -I D:/quartus/quartus/../ip/altera/nios2_ip/altera_nios2 -- D:/quartus/quartus/../ip/altera/nios2_ip/altera_nios2/generate_rtl.epl --name=systemne_nios2_qsys_0 --dir=C:/Users/DELL/AppData/Local/Temp/alt9814_7730516364230308068.dir/0001_nios2_qsys_0_gen/ --quartus_dir=D:/quartus/quartus --verilog --config=C:/Users/DELL/AppData/Local/Temp/alt9814_7730516364230308068.dir/0001_nios2_qsys_0_gen//systemne_nios2_qsys_0_processor_configuration.pl  --do_build_sim=1    --sim_dir=C:/Users/DELL/AppData/Local/Temp/alt9814_7730516364230308068.dir/0001_nios2_qsys_0_gen/    --bogus  ]
Info: nios2_qsys_0: # 2024.04.01 14:31:59 (*) Starting Nios II generation
Info: nios2_qsys_0: # 2024.04.01 14:31:59 (*)   Checking for plaintext license.
Info: nios2_qsys_0: # 2024.04.01 14:31:59 (*)   Couldn't query license setup in Quartus directory D:/quartus/quartus
Info: nios2_qsys_0: # 2024.04.01 14:31:59 (*)   Defaulting to contents of LM_LICENSE_FILE environment variable
Info: nios2_qsys_0: # 2024.04.01 14:31:59 (*)   LM_LICENSE_FILE environment variable is empty
Info: nios2_qsys_0: # 2024.04.01 14:31:59 (*)   Plaintext license not found.
Info: nios2_qsys_0: # 2024.04.01 14:31:59 (*)   No license required to generate encrypted Nios II/e.
Info: nios2_qsys_0: # 2024.04.01 14:31:59 (*)   Elaborating CPU configuration settings
Info: nios2_qsys_0: # 2024.04.01 14:31:59 (*)   Creating all objects for CPU
Info: nios2_qsys_0: # 2024.04.01 14:32:00 (*)   Creating 'C:/Users/DELL/AppData/Local/Temp/alt9814_7730516364230308068.dir/0001_nios2_qsys_0_gen//systemne_nios2_qsys_0_nios2_waves.do'
Info: nios2_qsys_0: # 2024.04.01 14:32:00 (*)   Generating RTL from CPU objects
Info: nios2_qsys_0: # 2024.04.01 14:32:00 (*)   Creating plain-text RTL
Info: nios2_qsys_0: # 2024.04.01 14:32:03 (*) Done Nios II generation
Info: nios2_qsys_0: Done RTL generation for module 'systemne_nios2_qsys_0'
Info: nios2_qsys_0: "systemne" instantiated altera_nios2_qsys "nios2_qsys_0"
Info: onchip_memory2_0: Starting RTL generation for module 'systemne_onchip_memory2_0'
Info: onchip_memory2_0:   Generation command is [exec D:/quartus/quartus/bin/perl/bin/perl.exe -I D:/quartus/quartus/common/ip/altera/common/perl/5.8.3 -I D:/quartus/quartus/sopc_builder/bin/europa -I D:/quartus/quartus/sopc_builder/bin/perl_lib -I D:/quartus/quartus/sopc_builder/bin -I D:/quartus/quartus/../ip/altera/sopc_builder_ip/common -I D:/quartus/quartus/../ip/altera/sopc_builder_ip/altera_avalon_onchip_memory2 -- D:/quartus/quartus/../ip/altera/sopc_builder_ip/altera_avalon_onchip_memory2/generate_rtl.pl --name=systemne_onchip_memory2_0 --dir=C:/Users/DELL/AppData/Local/Temp/alt9814_7730516364230308068.dir/0002_onchip_memory2_0_gen/ --quartus_dir=D:/quartus/quartus --verilog --config=C:/Users/DELL/AppData/Local/Temp/alt9814_7730516364230308068.dir/0002_onchip_memory2_0_gen//systemne_onchip_memory2_0_component_configuration.pl  --do_build_sim=1    --sim_dir=C:/Users/DELL/AppData/Local/Temp/alt9814_7730516364230308068.dir/0002_onchip_memory2_0_gen/  ]
Info: onchip_memory2_0: Done RTL generation for module 'systemne_onchip_memory2_0'
Info: onchip_memory2_0: "systemne" instantiated altera_avalon_onchip_memory2 "onchip_memory2_0"
Info: jtag_uart_0: Starting RTL generation for module 'systemne_jtag_uart_0'
Info: jtag_uart_0:   Generation command is [exec D:/quartus/quartus/bin/perl/bin/perl.exe -I D:/quartus/quartus/common/ip/altera/common/perl/5.8.3 -I D:/quartus/quartus/sopc_builder/bin/europa -I D:/quartus/quartus/sopc_builder/bin/perl_lib -I D:/quartus/quartus/sopc_builder/bin -I D:/quartus/quartus/../ip/altera/sopc_builder_ip/common -I D:/quartus/quartus/../ip/altera/sopc_builder_ip/altera_avalon_jtag_uart -- D:/quartus/quartus/../ip/altera/sopc_builder_ip/altera_avalon_jtag_uart/generate_rtl.pl --name=systemne_jtag_uart_0 --dir=C:/Users/DELL/AppData/Local/Temp/alt9814_7730516364230308068.dir/0003_jtag_uart_0_gen/ --quartus_dir=D:/quartus/quartus --verilog --config=C:/Users/DELL/AppData/Local/Temp/alt9814_7730516364230308068.dir/0003_jtag_uart_0_gen//systemne_jtag_uart_0_component_configuration.pl  --do_build_sim=1    --sim_dir=C:/Users/DELL/AppData/Local/Temp/alt9814_7730516364230308068.dir/0003_jtag_uart_0_gen/  ]
Info: jtag_uart_0: Done RTL generation for module 'systemne_jtag_uart_0'
Info: jtag_uart_0: "systemne" instantiated altera_avalon_jtag_uart "jtag_uart_0"
Error: Memory_0: Memory does not support generation for Verilog Simulation. Generation is available for: Quartus Synthesis.
Error: Generation stopped, 36 or more modules remaining
Info: systemne: Done systemne" with 23 modules, 21 files, 687366 bytes
Error: ip-generate failed with exit code 1: 2 Errors, 31 Warnings
Info: Finished: Create simulation model
Info: Starting: Create Modelsim Project.
Info: sim-script-gen --spd=E:/BTap/BTap/Tuan8/Bai1/systemne.spd --output-directory=E:/BTap/BTap/Tuan8/Bai1/systemne/simulation/
Info: Doing: ip-make-simscript --spd=E:/BTap/BTap/Tuan8/Bai1/systemne.spd --output-directory=E:/BTap/BTap/Tuan8/Bai1/systemne/simulation/
Info: Generating the following file(s) for MODELSIM simulator in E:/BTap/BTap/Tuan8/Bai1/systemne/simulation/ directory:
Info: 	mentor/msim_setup.tcl
Info: Generating the following file(s) for VCS simulator in E:/BTap/BTap/Tuan8/Bai1/systemne/simulation/ directory:
Info: 	synopsys/vcs/vcs_setup.sh
Info: Generating the following file(s) for VCSMX simulator in E:/BTap/BTap/Tuan8/Bai1/systemne/simulation/ directory:
Info: 	synopsys/vcsmx/synopsys_sim.setup
Info: 	synopsys/vcsmx/vcsmx_setup.sh
Info: Generating the following file(s) for NCSIM simulator in E:/BTap/BTap/Tuan8/Bai1/systemne/simulation/ directory:
Info: 	cadence/cds.lib
Info: 	cadence/hdl.var
Info: 	cadence/ncsim_setup.sh
Info: 	3 .cds.lib files in cadence/cds_libs/ directory
Info: Generating the following file(s) for RIVIERAPRO simulator in E:/BTap/BTap/Tuan8/Bai1/systemne/simulation/ directory:
Info: 	aldec/rivierapro_setup.tcl
Info: Finished: Create Modelsim Project.
Info: 
Info: Starting: Create testbench Qsys system
Info: E:/BTap/BTap/Tuan8/Bai1/systemne/testbench/systemne.ipx
Info: ip-generate --project-directory=E:/BTap/BTap/Tuan8/Bai1/ --output-directory=E:/BTap/BTap/Tuan8/Bai1/ --report-file=sopcinfo:E:/BTap/BTap/Tuan8/Bai1/systemne.sopcinfo --report-file=html:E:/BTap/BTap/Tuan8/Bai1/systemne.html --system-info=DEVICE_FAMILY="Cyclone IV E" --system-info=DEVICE=EP4CE115F29C8 --system-info=DEVICE_SPEEDGRADE=8 --component-file=E:/BTap/BTap/Tuan8/Bai1/systemne.qsys
Progress: Loading Bai1/systemne.qsys
Progress: Reading input file
Progress: Adding clk_0 [clock_source 13.0]
Progress: Parameterizing module clk_0
Progress: Adding nios2_qsys_0 [altera_nios2_qsys 13.0]
Progress: Parameterizing module nios2_qsys_0
Progress: Adding onchip_memory2_0 [altera_avalon_onchip_memory2 13.0.1.99.2]
Progress: Parameterizing module onchip_memory2_0
Progress: Adding jtag_uart_0 [altera_avalon_jtag_uart 13.0.1.99.2]
Progress: Parameterizing module jtag_uart_0
Progress: Adding Memory_0 [Memory 1.0]
Progress: Parameterizing module Memory_0
Progress: Building connections
Progress: Parameterizing connections
Progress: Validating
Progress: Done reading input file
Info: ip-generate succeeded.
Info: Loading component library for testbench.
Progress: 
Progress: 
Progress: 
Progress: (1) searching D:/quartus/quartus/sopc_builder/bin/root_components.ipx (ipx file)
Info: Reading index D:/quartus/quartus/sopc_builder/bin/root_components.ipx
Info: D:/quartus/quartus/sopc_builder/bin/root_components.ipx: Loading now from components.ipx
Info: Reading index D:/quartus/quartus/sopc_builder/bin/ip_component_categories.ipx
Info: D:/quartus/quartus/sopc_builder/bin/ip_component_categories.ipx described 0 plugins, 0 paths, in 0.03 seconds
Info: D:/quartus/quartus/sopc_builder/bin/ip_component_categories.ipx matched 1 files in 0.03 seconds
Info: Reading index D:/quartus/ip/altera/altera_components.ipx
Info: D:/quartus/ip/altera/altera_components.ipx described 848 plugins, 0 paths, in 0.17 seconds
Info: D:/quartus/ip/**/* matched 97 files in 0.17 seconds
Info: C:/Users/DELL/.altera.quartus/ip/13.0sp1/**/* matched 0 files in 0.00 seconds
Info: E:/BTap/BTap/Tuan8/Bai1/systemne/testbench/ip/**/* matched 0 files in 0.00 seconds
Info: Reading index E:/BTap/BTap/Tuan8/Bai1/systemne/testbench/systemne.ipx
Progress: Loading Bai1/Memory_hw.tcl
Progress: Loading Bai1/system.qsys
Progress: Loading Bai1/systemne.qsys
Info: E:/BTap/BTap/Tuan8/Bai1/* matched 35 files in 0.05 seconds
Info: E:/BTap/BTap/Tuan8/Bai1/ip/**/* matched 0 files in 0.00 seconds
Info: E:/BTap/BTap/Tuan8/Bai1/*/* matched 9 files in 0.00 seconds
Info: E:/BTap/BTap/Tuan8/Bai1/systemne/testbench/systemne.ipx described 0 plugins, 3 paths, in 0.05 seconds
Info: E:/BTap/BTap/Tuan8/Bai1/systemne/testbench/* matched 1 files in 0.05 seconds
Info: E:/BTap/BTap/Tuan8/Bai1/systemne/testbench/*/* matched 0 files in 0.00 seconds
Info: Reading index D:/quartus/quartus/sopc_builder/builtin.ipx
Info: D:/quartus/quartus/sopc_builder/builtin.ipx described 103 plugins, 0 paths, in 0.02 seconds
Info: D:/quartus/quartus/sopc_builder/**/* matched 9 files in 0.02 seconds
Info: Reading index D:/quartus/quartus/common/librarian/factories/index.ipx
Info: D:/quartus/quartus/common/librarian/factories/index.ipx described 151 plugins, 0 paths, in 0.03 seconds
Info: D:/quartus/quartus/common/librarian/factories/**/* matched 4 files in 0.03 seconds
Info: D:/quartus/quartus/sopc_builder/bin/$IP_IPX_PATH matched 1 files in 0.00 seconds
Info: D:/quartus/quartus/sopc_builder/bin/root_components.ipx described 0 plugins, 9 paths, in 0.30 seconds
Info: D:/quartus/quartus/sopc_builder/bin/root_components.ipx matched 1 files in 0.30 seconds
Progress: 
Progress: 
Progress: 
Info: Loading presets
Progress: Loading presets
Info: Running script D:/quartus/quartus/sopc_builder/bin/tbgen.tcl
Info: acds::register_package_version 12.1
Info: send_message Info TB_Gen: QSYS Testbench Generator Rev: $Revision: #2 $
Info: TB_Gen: QSYS Testbench Generator Rev: $Revision: #2 $
Info: get_module_property NAME
Info: send_message Info TB_Gen: System design is: systemne
Info: TB_Gen: System design is: systemne
Info: get_interfaces 
Info: get_connections 
Info: get_interface_property clk EXPORT_OF
Info: get_instance_property clk_0 CLASS_NAME
Info: get_instance_assignment clk_0 testbench.partner.map.clk_in
Info: get_interface_property reset EXPORT_OF
Info: get_instance_property clk_0 CLASS_NAME
Info: get_instance_assignment clk_0 testbench.partner.map.clk_in_reset
Info: send_message Info TB_Gen: Creating testbench system : systemne_tb with clock and reset BFMs
Info: TB_Gen: Creating testbench system : systemne_tb with clock and reset BFMs
Info: create_system systemne_tb
Info: add_instance systemne_inst systemne 
Info: set_use_testbench_naming_pattern true
Info: get_instance_interfaces systemne_inst
Info: get_instance_interface_property systemne_inst clk CLASS_NAME
Info: get_instance_interface_property systemne_inst reset CLASS_NAME
Info: get_instance_interface_property systemne_inst clk CLASS_NAME
Info: send_message Info TB_Gen: clock_sink found: clk
Info: TB_Gen: clock_sink found: clk
Info: get_instance_interface_property systemne_inst clk CLASS_NAME
Info: add_instance systemne_inst_clk_bfm altera_avalon_clock_source 
Info: get_instance_property systemne_inst_clk_bfm CLASS_NAME
Info: get_instance_interface_parameter_value systemne_inst clk clockRate
Info: set_instance_parameter_value systemne_inst_clk_bfm CLOCK_RATE 50000000.0
Info: set_instance_parameter_value systemne_inst_clk_bfm CLOCK_UNIT 1
Info: get_instance_property systemne_inst_clk_bfm CLASS_NAME
Info: get_instance_interface_property systemne_inst clk CLASS_NAME
Info: get_instance_interfaces systemne_inst_clk_bfm
Info: get_instance_interface_property systemne_inst_clk_bfm clk CLASS_NAME
Info: add_connection systemne_inst_clk_bfm.clk systemne_inst.clk
Info: get_instance_interface_property systemne_inst reset CLASS_NAME
Info: send_message Info TB_Gen: reset_sink found: reset
Info: TB_Gen: reset_sink found: reset
Info: get_instance_interface_property systemne_inst reset CLASS_NAME
Info: add_instance systemne_inst_reset_bfm altera_avalon_reset_source 
Info: get_instance_property systemne_inst_reset_bfm CLASS_NAME
Info: get_instance_interface_ports systemne_inst reset
Info: get_instance_interface_port_property systemne_inst reset reset_reset_n ROLE
Info: set_instance_parameter_value systemne_inst_reset_bfm ASSERT_HIGH_RESET 0
Info: set_instance_parameter_value systemne_inst_reset_bfm INITIAL_RESET_CYCLES 50
Info: get_instance_property systemne_inst_reset_bfm CLASS_NAME
Info: get_instance_interfaces systemne_inst_reset_bfm
Info: get_instance_interface_property systemne_inst_reset_bfm reset CLASS_NAME
Info: get_instance_interface_property systemne_inst_reset_bfm clk CLASS_NAME
Info: get_instance_property systemne_inst_reset_bfm CLASS_NAME
Info: get_instance_interface_parameter_value systemne_inst reset associatedClock
Info: get_instance_interfaces systemne_inst_clk_bfm
Info: get_instance_interface_property systemne_inst_clk_bfm clk CLASS_NAME
Info: send_message Warning TB_Gen: systemne_inst_reset_bfm is not associated to any clock; connecting systemne_inst_reset_bfm to 'systemne_inst_clk_bfm.clk'
Warning: TB_Gen: systemne_inst_reset_bfm is not associated to any clock; connecting systemne_inst_reset_bfm to 'systemne_inst_clk_bfm.clk'
Info: add_connection systemne_inst_clk_bfm.clk systemne_inst_reset_bfm.clk
Info: get_instance_interface_property systemne_inst reset CLASS_NAME
Info: get_instance_interfaces systemne_inst_reset_bfm
Info: get_instance_interface_property systemne_inst_reset_bfm reset CLASS_NAME
Info: get_instance_interface_property systemne_inst_reset_bfm clk CLASS_NAME
Info: add_connection systemne_inst_reset_bfm.reset systemne_inst.reset
Info: send_message Info TB_Gen: Saving testbench system: systemne_tb.qsys
Info: TB_Gen: Saving testbench system: systemne_tb.qsys
Info: save_system systemne_tb.qsys
Info: send_message Info TB_Gen: TBGEN SUCCESSFUL
Info: TB_Gen: TBGEN SUCCESSFUL
Info: Testbench system: E:/BTap/BTap/Tuan8/Bai1/systemne/testbench/systemne_tb.qsys
Info: Done
Info: ip-generate --project-directory=E:/BTap/BTap/Tuan8/Bai1/systemne/testbench/ --output-directory=E:/BTap/BTap/Tuan8/Bai1/systemne/testbench/systemne_tb/simulation/ --file-set=SIM_VERILOG --report-file=html:E:/BTap/BTap/Tuan8/Bai1/systemne/testbench/systemne_tb.html --system-info=DEVICE_FAMILY="Cyclone IV E" --system-info=DEVICE=EP4CE115F29C8 --system-info=DEVICE_SPEEDGRADE=8 --component-file=E:/BTap/BTap/Tuan8/Bai1/systemne/testbench/systemne_tb.qsys --report-file=csv:E:/BTap/BTap/Tuan8/Bai1/systemne_tb.csv --report-file=spd:E:/BTap/BTap/Tuan8/Bai1/systemne_tb.spd
Progress: Loading testbench/systemne_tb.qsys
Progress: Reading input file
Progress: Adding systemne_inst [systemne 1.0]
Progress: Parameterizing module systemne_inst
Progress: Adding systemne_inst_clk_bfm [altera_avalon_clock_source 13.0]
Progress: Parameterizing module systemne_inst_clk_bfm
Progress: Adding systemne_inst_reset_bfm [altera_avalon_reset_source 13.0]
Progress: Parameterizing module systemne_inst_reset_bfm
Progress: Building connections
Progress: Parameterizing connections
Progress: Validating
Progress: Done reading input file
Info: systemne_tb.systemne_inst_clk_bfm: Elaborate: altera_clock_source
Info: systemne_tb.systemne_inst_clk_bfm:            $Revision: #1 $
Info: systemne_tb.systemne_inst_clk_bfm:            $Date: 2013/03/07 $
Info: systemne_tb.systemne_inst_reset_bfm: Elaborate: altera_reset_source
Info: systemne_tb.systemne_inst_reset_bfm:            $Revision: #1 $
Info: systemne_tb.systemne_inst_reset_bfm:            $Date: 2013/03/07 $
Info: systemne_tb.systemne_inst_reset_bfm: Reset is negatively asserted.
Info: systemne_tb: Generating systemne_tb "systemne_tb" for SIM_VERILOG
Info: pipeline_bridge_swap_transform: After transform: 3 modules, 3 connections
Info: No custom instruction connections, skipping transform 
Info: No Avalon connections, skipping transform 
Info: merlin_translator_transform: After transform: 3 modules, 3 connections
Info: pipeline_bridge_swap_transform: After transform: 5 modules, 19 connections
Info: No custom instruction connections, skipping transform 
Info: merlin_translator_transform: After transform: 11 modules, 42 connections
Info: merlin_domain_transform: After transform: 22 modules, 110 connections
Info: merlin_router_transform: After transform: 28 modules, 133 connections
Info: reset_adaptation_transform: After transform: 30 modules, 112 connections
Info: merlin_network_to_switch_transform: After transform: 41 modules, 138 connections
Info: merlin_mm_transform: After transform: 41 modules, 138 connections
Info: merlin_interrupt_mapper_transform: After transform: 42 modules, 141 connections
Warning: systemne_inst: "No matching role found for rst_controller:reset_out:reset_req (reset_req)"
Warning: systemne_inst: "No matching role found for rst_controller:reset_out:reset_req (reset_req)"
Warning: systemne_inst: "No matching role found for rst_controller:reset_out:reset_req (reset_req)"
Warning: systemne_inst: "No matching role found for rst_controller:reset_out:reset_req (reset_req)"
Warning: systemne_inst: "No matching role found for rst_controller:reset_out:reset_req (reset_req)"
Warning: systemne_inst: "No matching role found for rst_controller:reset_out:reset_req (reset_req)"
Warning: systemne_inst: "No matching role found for rst_controller:reset_out:reset_req (reset_req)"
Warning: systemne_inst: "No matching role found for rst_controller:reset_out:reset_req (reset_req)"
Warning: systemne_inst: "No matching role found for rst_controller:reset_out:reset_req (reset_req)"
Warning: systemne_inst: "No matching role found for rst_controller:reset_out:reset_req (reset_req)"
Warning: systemne_inst: "No matching role found for rst_controller:reset_out:reset_req (reset_req)"
Warning: systemne_inst: "No matching role found for rst_controller:reset_out:reset_req (reset_req)"
Warning: systemne_inst: "No matching role found for rst_controller:reset_out:reset_req (reset_req)"
Warning: systemne_inst: "No matching role found for rst_controller:reset_out:reset_req (reset_req)"
Warning: systemne_inst: "No matching role found for rst_controller:reset_out:reset_req (reset_req)"
Warning: systemne_inst: "No matching role found for rst_controller:reset_out:reset_req (reset_req)"
Warning: systemne_inst: "No matching role found for rst_controller:reset_out:reset_req (reset_req)"
Warning: systemne_inst: "No matching role found for rst_controller:reset_out:reset_req (reset_req)"
Warning: systemne_inst: "No matching role found for rst_controller:reset_out:reset_req (reset_req)"
Warning: systemne_inst: "No matching role found for rst_controller:reset_out:reset_req (reset_req)"
Warning: systemne_inst: "No matching role found for rst_controller:reset_out:reset_req (reset_req)"
Warning: systemne_inst: "No matching role found for rst_controller:reset_out:reset_req (reset_req)"
Warning: systemne_inst: "No matching role found for rst_controller:reset_out:reset_req (reset_req)"
Warning: systemne_inst: "No matching role found for rst_controller:reset_out:reset_req (reset_req)"
Warning: systemne_inst: "No matching role found for rst_controller:reset_out:reset_req (reset_req)"
Warning: systemne_inst: "No matching role found for rst_controller:reset_out:reset_req (reset_req)"
Warning: systemne_inst: "No matching role found for rst_controller:reset_out:reset_req (reset_req)"
Warning: systemne_inst: "No matching role found for rst_controller:reset_out:reset_req (reset_req)"
Warning: systemne_inst: "No matching role found for rst_controller:reset_out:reset_req (reset_req)"
Warning: systemne_inst: "No matching role found for rst_controller:reset_out:reset_req (reset_req)"
Warning: systemne_inst: "No matching role found for rst_controller:reset_out:reset_req (reset_req)"
Info: systemne_inst: "systemne_tb" instantiated systemne "systemne_inst"
Info: systemne_inst_clk_bfm: "systemne_tb" instantiated altera_avalon_clock_source "systemne_inst_clk_bfm"
Info: systemne_inst_reset_bfm: "systemne_tb" instantiated altera_avalon_reset_source "systemne_inst_reset_bfm"
Info: Reusing file E:/BTap/BTap/Tuan8/Bai1/systemne/testbench/systemne_tb/simulation/submodules/verbosity_pkg.sv
Info: nios2_qsys_0: Starting RTL generation for module 'systemne_nios2_qsys_0'
Info: nios2_qsys_0:   Generation command is [exec D:/quartus/quartus/../ip/altera/nios2_ip/altera_nios2/eperl.exe -I D:/quartus/quartus/common/ip/altera/common/perl/5.8.3 -I D:/quartus/quartus/sopc_builder/bin/europa -I D:/quartus/quartus/sopc_builder/bin/perl_lib -I D:/quartus/quartus/sopc_builder/bin -I D:/quartus/quartus/../ip/altera/nios2_ip/altera_nios2/cpu_lib -I D:/quartus/quartus/../ip/altera/nios2_ip/altera_nios2/nios_lib -I D:/quartus/quartus/../ip/altera/nios2_ip/altera_nios2 -I D:/quartus/quartus/../ip/altera/nios2_ip/altera_nios2 -- D:/quartus/quartus/../ip/altera/nios2_ip/altera_nios2/generate_rtl.epl --name=systemne_nios2_qsys_0 --dir=C:/Users/DELL/AppData/Local/Temp/alt9814_7730516364230308068.dir/0007_nios2_qsys_0_gen/ --quartus_dir=D:/quartus/quartus --verilog --config=C:/Users/DELL/AppData/Local/Temp/alt9814_7730516364230308068.dir/0007_nios2_qsys_0_gen//systemne_nios2_qsys_0_processor_configuration.pl  --do_build_sim=1    --sim_dir=C:/Users/DELL/AppData/Local/Temp/alt9814_7730516364230308068.dir/0007_nios2_qsys_0_gen/    --bogus  ]
Info: nios2_qsys_0: # 2024.04.01 14:32:15 (*) Starting Nios II generation
Info: nios2_qsys_0: # 2024.04.01 14:32:15 (*)   Checking for plaintext license.
Info: nios2_qsys_0: # 2024.04.01 14:32:16 (*)   Couldn't query license setup in Quartus directory D:/quartus/quartus
Info: nios2_qsys_0: # 2024.04.01 14:32:16 (*)   Defaulting to contents of LM_LICENSE_FILE environment variable
Info: nios2_qsys_0: # 2024.04.01 14:32:16 (*)   LM_LICENSE_FILE environment variable is empty
Info: nios2_qsys_0: # 2024.04.01 14:32:16 (*)   Plaintext license not found.
Info: nios2_qsys_0: # 2024.04.01 14:32:16 (*)   No license required to generate encrypted Nios II/e.
Info: nios2_qsys_0: # 2024.04.01 14:32:16 (*)   Elaborating CPU configuration settings
Info: nios2_qsys_0: # 2024.04.01 14:32:16 (*)   Creating all objects for CPU
Info: nios2_qsys_0: # 2024.04.01 14:32:17 (*)   Creating 'C:/Users/DELL/AppData/Local/Temp/alt9814_7730516364230308068.dir/0007_nios2_qsys_0_gen//systemne_nios2_qsys_0_nios2_waves.do'
Info: nios2_qsys_0: # 2024.04.01 14:32:17 (*)   Generating RTL from CPU objects
Info: nios2_qsys_0: # 2024.04.01 14:32:17 (*)   Creating plain-text RTL
Info: nios2_qsys_0: # 2024.04.01 14:32:19 (*) Done Nios II generation
Info: nios2_qsys_0: Done RTL generation for module 'systemne_nios2_qsys_0'
Info: nios2_qsys_0: "systemne_inst" instantiated altera_nios2_qsys "nios2_qsys_0"
Info: onchip_memory2_0: Starting RTL generation for module 'systemne_onchip_memory2_0'
Info: onchip_memory2_0:   Generation command is [exec D:/quartus/quartus/bin/perl/bin/perl.exe -I D:/quartus/quartus/common/ip/altera/common/perl/5.8.3 -I D:/quartus/quartus/sopc_builder/bin/europa -I D:/quartus/quartus/sopc_builder/bin/perl_lib -I D:/quartus/quartus/sopc_builder/bin -I D:/quartus/quartus/../ip/altera/sopc_builder_ip/common -I D:/quartus/quartus/../ip/altera/sopc_builder_ip/altera_avalon_onchip_memory2 -- D:/quartus/quartus/../ip/altera/sopc_builder_ip/altera_avalon_onchip_memory2/generate_rtl.pl --name=systemne_onchip_memory2_0 --dir=C:/Users/DELL/AppData/Local/Temp/alt9814_7730516364230308068.dir/0008_onchip_memory2_0_gen/ --quartus_dir=D:/quartus/quartus --verilog --config=C:/Users/DELL/AppData/Local/Temp/alt9814_7730516364230308068.dir/0008_onchip_memory2_0_gen//systemne_onchip_memory2_0_component_configuration.pl  --do_build_sim=1    --sim_dir=C:/Users/DELL/AppData/Local/Temp/alt9814_7730516364230308068.dir/0008_onchip_memory2_0_gen/  ]
Info: onchip_memory2_0: Done RTL generation for module 'systemne_onchip_memory2_0'
Info: onchip_memory2_0: "systemne_inst" instantiated altera_avalon_onchip_memory2 "onchip_memory2_0"
Info: jtag_uart_0: Starting RTL generation for module 'systemne_jtag_uart_0'
Info: jtag_uart_0:   Generation command is [exec D:/quartus/quartus/bin/perl/bin/perl.exe -I D:/quartus/quartus/common/ip/altera/common/perl/5.8.3 -I D:/quartus/quartus/sopc_builder/bin/europa -I D:/quartus/quartus/sopc_builder/bin/perl_lib -I D:/quartus/quartus/sopc_builder/bin -I D:/quartus/quartus/../ip/altera/sopc_builder_ip/common -I D:/quartus/quartus/../ip/altera/sopc_builder_ip/altera_avalon_jtag_uart -- D:/quartus/quartus/../ip/altera/sopc_builder_ip/altera_avalon_jtag_uart/generate_rtl.pl --name=systemne_jtag_uart_0 --dir=C:/Users/DELL/AppData/Local/Temp/alt9814_7730516364230308068.dir/0009_jtag_uart_0_gen/ --quartus_dir=D:/quartus/quartus --verilog --config=C:/Users/DELL/AppData/Local/Temp/alt9814_7730516364230308068.dir/0009_jtag_uart_0_gen//systemne_jtag_uart_0_component_configuration.pl  --do_build_sim=1    --sim_dir=C:/Users/DELL/AppData/Local/Temp/alt9814_7730516364230308068.dir/0009_jtag_uart_0_gen/  ]
Info: jtag_uart_0: Done RTL generation for module 'systemne_jtag_uart_0'
Info: jtag_uart_0: "systemne_inst" instantiated altera_avalon_jtag_uart "jtag_uart_0"
Error: Memory_0: Memory does not support generation for Verilog Simulation. Generation is available for: Quartus Synthesis.
Error: Generation stopped, 36 or more modules remaining
Info: systemne_tb: Done systemne_tb" with 26 modules, 25 files, 702186 bytes
Error: ip-generate failed with exit code 1: 2 Errors, 31 Warnings
Error: There were errors creating the testbench system.
Info: Finished: Create testbench Qsys system
Info: Starting: Create block symbol file (.bsf)
Info: ip-generate --project-directory=E:/BTap/BTap/Tuan8/Bai1/ --output-directory=E:/BTap/BTap/Tuan8/Bai1/systemne/ --report-file=bsf:E:/BTap/BTap/Tuan8/Bai1/systemne.bsf --system-info=DEVICE_FAMILY="Cyclone IV E" --system-info=DEVICE=EP4CE115F29C8 --system-info=DEVICE_SPEEDGRADE=8 --component-file=E:/BTap/BTap/Tuan8/Bai1/systemne.qsys
Progress: Loading Bai1/systemne.qsys
Progress: Reading input file
Progress: Adding clk_0 [clock_source 13.0]
Progress: Parameterizing module clk_0
Progress: Adding nios2_qsys_0 [altera_nios2_qsys 13.0]
Progress: Parameterizing module nios2_qsys_0
Progress: Adding onchip_memory2_0 [altera_avalon_onchip_memory2 13.0.1.99.2]
Progress: Parameterizing module onchip_memory2_0
Progress: Adding jtag_uart_0 [altera_avalon_jtag_uart 13.0.1.99.2]
Progress: Parameterizing module jtag_uart_0
Progress: Adding Memory_0 [Memory 1.0]
Progress: Parameterizing module Memory_0
Progress: Building connections
Progress: Parameterizing connections
Progress: Validating
Progress: Done reading input file
Info: ip-generate succeeded.
Info: Finished: Create block symbol file (.bsf)
Info: 
Info: Starting: Create HDL design files for synthesis
Info: ip-generate --project-directory=E:/BTap/BTap/Tuan8/Bai1/ --output-directory=E:/BTap/BTap/Tuan8/Bai1/systemne/synthesis/ --file-set=QUARTUS_SYNTH --report-file=sopcinfo:E:/BTap/BTap/Tuan8/Bai1/systemne.sopcinfo --report-file=html:E:/BTap/BTap/Tuan8/Bai1/systemne.html --report-file=qip:E:/BTap/BTap/Tuan8/Bai1/systemne/synthesis/systemne.qip --report-file=cmp:E:/BTap/BTap/Tuan8/Bai1/systemne.cmp --report-file=svd --system-info=DEVICE_FAMILY="Cyclone IV E" --system-info=DEVICE=EP4CE115F29C8 --system-info=DEVICE_SPEEDGRADE=8 --component-file=E:/BTap/BTap/Tuan8/Bai1/systemne.qsys --language=VERILOG
Progress: Loading Bai1/systemne.qsys
Progress: Reading input file
Progress: Adding clk_0 [clock_source 13.0]
Progress: Parameterizing module clk_0
Progress: Adding nios2_qsys_0 [altera_nios2_qsys 13.0]
Progress: Parameterizing module nios2_qsys_0
Progress: Adding onchip_memory2_0 [altera_avalon_onchip_memory2 13.0.1.99.2]
Progress: Parameterizing module onchip_memory2_0
Progress: Adding jtag_uart_0 [altera_avalon_jtag_uart 13.0.1.99.2]
Progress: Parameterizing module jtag_uart_0
Progress: Adding Memory_0 [Memory 1.0]
Progress: Parameterizing module Memory_0
Progress: Building connections
Progress: Parameterizing connections
Progress: Validating
Progress: Done reading input file
Info: systemne: Generating systemne "systemne" for QUARTUS_SYNTH
Info: pipeline_bridge_swap_transform: After transform: 5 modules, 19 connections
Info: No custom instruction connections, skipping transform 
Info: merlin_translator_transform: After transform: 11 modules, 42 connections
Info: merlin_domain_transform: After transform: 22 modules, 110 connections
Info: merlin_router_transform: After transform: 28 modules, 133 connections
Info: reset_adaptation_transform: After transform: 30 modules, 112 connections
Info: merlin_network_to_switch_transform: After transform: 41 modules, 138 connections
Info: merlin_mm_transform: After transform: 41 modules, 138 connections
Info: merlin_interrupt_mapper_transform: After transform: 42 modules, 141 connections
Warning: systemne: "No matching role found for rst_controller:reset_out:reset_req (reset_req)"
Warning: systemne: "No matching role found for rst_controller:reset_out:reset_req (reset_req)"
Warning: systemne: "No matching role found for rst_controller:reset_out:reset_req (reset_req)"
Warning: systemne: "No matching role found for rst_controller:reset_out:reset_req (reset_req)"
Warning: systemne: "No matching role found for rst_controller:reset_out:reset_req (reset_req)"
Warning: systemne: "No matching role found for rst_controller:reset_out:reset_req (reset_req)"
Warning: systemne: "No matching role found for rst_controller:reset_out:reset_req (reset_req)"
Warning: systemne: "No matching role found for rst_controller:reset_out:reset_req (reset_req)"
Warning: systemne: "No matching role found for rst_controller:reset_out:reset_req (reset_req)"
Warning: systemne: "No matching role found for rst_controller:reset_out:reset_req (reset_req)"
Warning: systemne: "No matching role found for rst_controller:reset_out:reset_req (reset_req)"
Warning: systemne: "No matching role found for rst_controller:reset_out:reset_req (reset_req)"
Warning: systemne: "No matching role found for rst_controller:reset_out:reset_req (reset_req)"
Warning: systemne: "No matching role found for rst_controller:reset_out:reset_req (reset_req)"
Warning: systemne: "No matching role found for rst_controller:reset_out:reset_req (reset_req)"
Warning: systemne: "No matching role found for rst_controller:reset_out:reset_req (reset_req)"
Warning: systemne: "No matching role found for rst_controller:reset_out:reset_req (reset_req)"
Warning: systemne: "No matching role found for rst_controller:reset_out:reset_req (reset_req)"
Warning: systemne: "No matching role found for rst_controller:reset_out:reset_req (reset_req)"
Warning: systemne: "No matching role found for rst_controller:reset_out:reset_req (reset_req)"
Warning: systemne: "No matching role found for rst_controller:reset_out:reset_req (reset_req)"
Warning: systemne: "No matching role found for rst_controller:reset_out:reset_req (reset_req)"
Warning: systemne: "No matching role found for rst_controller:reset_out:reset_req (reset_req)"
Warning: systemne: "No matching role found for rst_controller:reset_out:reset_req (reset_req)"
Warning: systemne: "No matching role found for rst_controller:reset_out:reset_req (reset_req)"
Warning: systemne: "No matching role found for rst_controller:reset_out:reset_req (reset_req)"
Warning: systemne: "No matching role found for rst_controller:reset_out:reset_req (reset_req)"
Warning: systemne: "No matching role found for rst_controller:reset_out:reset_req (reset_req)"
Warning: systemne: "No matching role found for rst_controller:reset_out:reset_req (reset_req)"
Warning: systemne: "No matching role found for rst_controller:reset_out:reset_req (reset_req)"
Warning: systemne: "No matching role found for rst_controller:reset_out:reset_req (reset_req)"
Info: nios2_qsys_0: Starting RTL generation for module 'systemne_nios2_qsys_0'
Info: nios2_qsys_0:   Generation command is [exec D:/quartus/quartus/../ip/altera/nios2_ip/altera_nios2/eperl.exe -I D:/quartus/quartus/common/ip/altera/common/perl/5.8.3 -I D:/quartus/quartus/sopc_builder/bin/europa -I D:/quartus/quartus/sopc_builder/bin/perl_lib -I D:/quartus/quartus/sopc_builder/bin -I D:/quartus/quartus/../ip/altera/nios2_ip/altera_nios2/cpu_lib -I D:/quartus/quartus/../ip/altera/nios2_ip/altera_nios2/nios_lib -I D:/quartus/quartus/../ip/altera/nios2_ip/altera_nios2 -I D:/quartus/quartus/../ip/altera/nios2_ip/altera_nios2 -- D:/quartus/quartus/../ip/altera/nios2_ip/altera_nios2/generate_rtl.epl --name=systemne_nios2_qsys_0 --dir=C:/Users/DELL/AppData/Local/Temp/alt9814_7730516364230308068.dir/0010_nios2_qsys_0_gen/ --quartus_dir=D:/quartus/quartus --verilog --config=C:/Users/DELL/AppData/Local/Temp/alt9814_7730516364230308068.dir/0010_nios2_qsys_0_gen//systemne_nios2_qsys_0_processor_configuration.pl  --do_build_sim=0    --bogus  ]
Info: nios2_qsys_0: # 2024.04.01 14:32:24 (*) Starting Nios II generation
Info: nios2_qsys_0: # 2024.04.01 14:32:24 (*)   Checking for plaintext license.
Info: nios2_qsys_0: # 2024.04.01 14:32:24 (*)   Couldn't query license setup in Quartus directory D:/quartus/quartus
Info: nios2_qsys_0: # 2024.04.01 14:32:24 (*)   Defaulting to contents of LM_LICENSE_FILE environment variable
Info: nios2_qsys_0: # 2024.04.01 14:32:24 (*)   LM_LICENSE_FILE environment variable is empty
Info: nios2_qsys_0: # 2024.04.01 14:32:24 (*)   Plaintext license not found.
Info: nios2_qsys_0: # 2024.04.01 14:32:24 (*)   No license required to generate encrypted Nios II/e.
Info: nios2_qsys_0: # 2024.04.01 14:32:24 (*)   Elaborating CPU configuration settings
Info: nios2_qsys_0: # 2024.04.01 14:32:25 (*)   Creating all objects for CPU
Info: nios2_qsys_0: # 2024.04.01 14:32:26 (*)   Generating RTL from CPU objects
Info: nios2_qsys_0: # 2024.04.01 14:32:26 (*)   Creating plain-text RTL
Info: nios2_qsys_0: # 2024.04.01 14:32:29 (*) Done Nios II generation
Info: nios2_qsys_0: Done RTL generation for module 'systemne_nios2_qsys_0'
Info: nios2_qsys_0: "systemne" instantiated altera_nios2_qsys "nios2_qsys_0"
Info: onchip_memory2_0: Starting RTL generation for module 'systemne_onchip_memory2_0'
Info: onchip_memory2_0:   Generation command is [exec D:/quartus/quartus/bin/perl/bin/perl.exe -I D:/quartus/quartus/common/ip/altera/common/perl/5.8.3 -I D:/quartus/quartus/sopc_builder/bin/europa -I D:/quartus/quartus/sopc_builder/bin/perl_lib -I D:/quartus/quartus/sopc_builder/bin -I D:/quartus/quartus/../ip/altera/sopc_builder_ip/common -I D:/quartus/quartus/../ip/altera/sopc_builder_ip/altera_avalon_onchip_memory2 -- D:/quartus/quartus/../ip/altera/sopc_builder_ip/altera_avalon_onchip_memory2/generate_rtl.pl --name=systemne_onchip_memory2_0 --dir=C:/Users/DELL/AppData/Local/Temp/alt9814_7730516364230308068.dir/0011_onchip_memory2_0_gen/ --quartus_dir=D:/quartus/quartus --verilog --config=C:/Users/DELL/AppData/Local/Temp/alt9814_7730516364230308068.dir/0011_onchip_memory2_0_gen//systemne_onchip_memory2_0_component_configuration.pl  --do_build_sim=0  ]
Info: onchip_memory2_0: Done RTL generation for module 'systemne_onchip_memory2_0'
Info: onchip_memory2_0: "systemne" instantiated altera_avalon_onchip_memory2 "onchip_memory2_0"
Info: jtag_uart_0: Starting RTL generation for module 'systemne_jtag_uart_0'
Info: jtag_uart_0:   Generation command is [exec D:/quartus/quartus/bin/perl/bin/perl.exe -I D:/quartus/quartus/common/ip/altera/common/perl/5.8.3 -I D:/quartus/quartus/sopc_builder/bin/europa -I D:/quartus/quartus/sopc_builder/bin/perl_lib -I D:/quartus/quartus/sopc_builder/bin -I D:/quartus/quartus/../ip/altera/sopc_builder_ip/common -I D:/quartus/quartus/../ip/altera/sopc_builder_ip/altera_avalon_jtag_uart -- D:/quartus/quartus/../ip/altera/sopc_builder_ip/altera_avalon_jtag_uart/generate_rtl.pl --name=systemne_jtag_uart_0 --dir=C:/Users/DELL/AppData/Local/Temp/alt9814_7730516364230308068.dir/0012_jtag_uart_0_gen/ --quartus_dir=D:/quartus/quartus --verilog --config=C:/Users/DELL/AppData/Local/Temp/alt9814_7730516364230308068.dir/0012_jtag_uart_0_gen//systemne_jtag_uart_0_component_configuration.pl  --do_build_sim=0  ]
Info: jtag_uart_0: Done RTL generation for module 'systemne_jtag_uart_0'
Info: jtag_uart_0: "systemne" instantiated altera_avalon_jtag_uart "jtag_uart_0"
Info: Memory_0: "systemne" instantiated Memory "Memory_0"
Info: nios2_qsys_0_instruction_master_translator: "systemne" instantiated altera_merlin_master_translator "nios2_qsys_0_instruction_master_translator"
Info: nios2_qsys_0_jtag_debug_module_translator: "systemne" instantiated altera_merlin_slave_translator "nios2_qsys_0_jtag_debug_module_translator"
Info: nios2_qsys_0_instruction_master_translator_avalon_universal_master_0_agent: "systemne" instantiated altera_merlin_master_agent "nios2_qsys_0_instruction_master_translator_avalon_universal_master_0_agent"
Info: nios2_qsys_0_jtag_debug_module_translator_avalon_universal_slave_0_agent: "systemne" instantiated altera_merlin_slave_agent "nios2_qsys_0_jtag_debug_module_translator_avalon_universal_slave_0_agent"
Info: nios2_qsys_0_jtag_debug_module_translator_avalon_universal_slave_0_agent_rsp_fifo: "systemne" instantiated altera_avalon_sc_fifo "nios2_qsys_0_jtag_debug_module_translator_avalon_universal_slave_0_agent_rsp_fifo"
Info: addr_router: "systemne" instantiated altera_merlin_router "addr_router"
Info: addr_router_001: "systemne" instantiated altera_merlin_router "addr_router_001"
Info: id_router: "systemne" instantiated altera_merlin_router "id_router"
Info: id_router_003: "systemne" instantiated altera_merlin_router "id_router_003"
Info: rst_controller: "systemne" instantiated altera_reset_controller "rst_controller"
Info: cmd_xbar_demux: "systemne" instantiated altera_merlin_demultiplexer "cmd_xbar_demux"
Info: cmd_xbar_demux_001: "systemne" instantiated altera_merlin_demultiplexer "cmd_xbar_demux_001"
Info: cmd_xbar_mux: "systemne" instantiated altera_merlin_multiplexer "cmd_xbar_mux"
Info: rsp_xbar_demux: "systemne" instantiated altera_merlin_demultiplexer "rsp_xbar_demux"
Info: rsp_xbar_demux_003: "systemne" instantiated altera_merlin_demultiplexer "rsp_xbar_demux_003"
Info: rsp_xbar_mux: "systemne" instantiated altera_merlin_multiplexer "rsp_xbar_mux"
Info: Reusing file E:/BTap/BTap/Tuan8/Bai1/systemne/synthesis/submodules/altera_merlin_arbitrator.sv
Info: rsp_xbar_mux_001: "systemne" instantiated altera_merlin_multiplexer "rsp_xbar_mux_001"
Info: Reusing file E:/BTap/BTap/Tuan8/Bai1/systemne/synthesis/submodules/altera_merlin_arbitrator.sv
Info: irq_mapper: "systemne" instantiated altera_irq_mapper "irq_mapper"
Info: systemne: Done systemne" with 23 modules, 62 files, 1285806 bytes
Info: ip-generate succeeded.
Info: Finished: Create HDL design files for synthesis
