Analysis & Synthesis report for vd2
Thu Apr 11 16:06:00 2024
Quartus II 64-Bit Version 13.0.1 Build 232 06/12/2013 Service Pack 1 SJ Web Edition


---------------------
; Table of Contents ;
---------------------
  1. Legal Notice
  2. Analysis & Synthesis Summary
  3. Analysis & Synthesis Settings
  4. Parallel Compilation
  5. Analysis & Synthesis IP Cores Summary
  6. Analysis & Synthesis Messages
  7. Analysis & Synthesis Suppressed Messages



----------------
; Legal Notice ;
----------------
Copyright (C) 1991-2013 Altera Corporation
Your use of Altera Corporation's design tools, logic functions 
and other software and tools, and its AMPP partner logic 
functions, and any output files from any of the foregoing 
(including device programming or simulation files), and any 
associated documentation or information are expressly subject 
to the terms and conditions of the Altera Program License 
Subscription Agreement, Altera MegaCore Function License 
Agreement, or other applicable license agreement, including, 
without limitation, that your use is for the sole purpose of 
programming logic devices manufactured by Altera and sold by 
Altera or its authorized distributors.  Please refer to the 
applicable agreement for further details.



+--------------------------------------------------------------------------------------+
; Analysis & Synthesis Summary                                                         ;
+------------------------------------+-------------------------------------------------+
; Analysis & Synthesis Status        ; Failed - Thu Apr 11 16:06:00 2024               ;
; Quartus II 64-Bit Version          ; 13.0.1 Build 232 06/12/2013 SP 1 SJ Web Edition ;
; Revision Name                      ; vd2                                             ;
; Top-level Entity Name              ; vd2                                             ;
; Family                             ; Cyclone II                                      ;
; Total logic elements               ; N/A until Partition Merge                       ;
;     Total combinational functions  ; N/A until Partition Merge                       ;
;     Dedicated logic registers      ; N/A until Partition Merge                       ;
; Total registers                    ; N/A until Partition Merge                       ;
; Total pins                         ; N/A until Partition Merge                       ;
; Total virtual pins                 ; N/A until Partition Merge                       ;
; Total memory bits                  ; N/A until Partition Merge                       ;
; Embedded Multiplier 9-bit elements ; N/A until Partition Merge                       ;
; Total PLLs                         ; N/A until Partition Merge                       ;
+------------------------------------+-------------------------------------------------+


+----------------------------------------------------------------------------------------------------------------------+
; Analysis & Synthesis Settings                                                                                        ;
+----------------------------------------------------------------------------+--------------------+--------------------+
; Option                                                                     ; Setting            ; Default Value      ;
+----------------------------------------------------------------------------+--------------------+--------------------+
; Device                                                                     ; EP2C70F672C8       ;                    ;
; Top-level entity name                                                      ; vd2                ; vd2                ;
; Family name                                                                ; Cyclone II         ; Cyclone IV GX      ;
; Use smart compilation                                                      ; Off                ; Off                ;
; Enable parallel Assembler and TimeQuest Timing Analyzer during compilation ; On                 ; On                 ;
; Enable compact report table                                                ; Off                ; Off                ;
; Restructure Multiplexers                                                   ; Auto               ; Auto               ;
; Create Debugging Nodes for IP Cores                                        ; Off                ; Off                ;
; Preserve fewer node names                                                  ; On                 ; On                 ;
; Disable OpenCore Plus hardware evaluation                                  ; Off                ; Off                ;
; Verilog Version                                                            ; Verilog_2001       ; Verilog_2001       ;
; VHDL Version                                                               ; VHDL_1993          ; VHDL_1993          ;
; State Machine Processing                                                   ; Auto               ; Auto               ;
; Safe State Machine                                                         ; Off                ; Off                ;
; Extract Verilog State Machines                                             ; On                 ; On                 ;
; Extract VHDL State Machines                                                ; On                 ; On                 ;
; Ignore Verilog initial constructs                                          ; Off                ; Off                ;
; Iteration limit for constant Verilog loops                                 ; 5000               ; 5000               ;
; Iteration limit for non-constant Verilog loops                             ; 250                ; 250                ;
; Add Pass-Through Logic to Inferred RAMs                                    ; On                 ; On                 ;
; Infer RAMs from Raw Logic                                                  ; On                 ; On                 ;
; Parallel Synthesis                                                         ; On                 ; On                 ;
; DSP Block Balancing                                                        ; Auto               ; Auto               ;
; NOT Gate Push-Back                                                         ; On                 ; On                 ;
; Power-Up Don't Care                                                        ; On                 ; On                 ;
; Remove Redundant Logic Cells                                               ; Off                ; Off                ;
; Remove Duplicate Registers                                                 ; On                 ; On                 ;
; Ignore CARRY Buffers                                                       ; Off                ; Off                ;
; Ignore CASCADE Buffers                                                     ; Off                ; Off                ;
; Ignore GLOBAL Buffers                                                      ; Off                ; Off                ;
; Ignore ROW GLOBAL Buffers                                                  ; Off                ; Off                ;
; Ignore LCELL Buffers                                                       ; Off                ; Off                ;
; Ignore SOFT Buffers                                                        ; On                 ; On                 ;
; Limit AHDL Integers to 32 Bits                                             ; Off                ; Off                ;
; Optimization Technique                                                     ; Balanced           ; Balanced           ;
; Carry Chain Length                                                         ; 70                 ; 70                 ;
; Auto Carry Chains                                                          ; On                 ; On                 ;
; Auto Open-Drain Pins                                                       ; On                 ; On                 ;
; Perform WYSIWYG Primitive Resynthesis                                      ; Off                ; Off                ;
; Auto ROM Replacement                                                       ; On                 ; On                 ;
; Auto RAM Replacement                                                       ; On                 ; On                 ;
; Auto Shift Register Replacement                                            ; Auto               ; Auto               ;
; Allow Shift Register Merging across Hierarchies                            ; Auto               ; Auto               ;
; Auto Clock Enable Replacement                                              ; On                 ; On                 ;
; Strict RAM Replacement                                                     ; Off                ; Off                ;
; Allow Synchronous Control Signals                                          ; On                 ; On                 ;
; Force Use of Synchronous Clear Signals                                     ; Off                ; Off                ;
; Auto RAM to Logic Cell Conversion                                          ; Off                ; Off                ;
; Auto Resource Sharing                                                      ; Off                ; Off                ;
; Allow Any RAM Size For Recognition                                         ; Off                ; Off                ;
; Allow Any ROM Size For Recognition                                         ; Off                ; Off                ;
; Allow Any Shift Register Size For Recognition                              ; Off                ; Off                ;
; Use LogicLock Constraints during Resource Balancing                        ; On                 ; On                 ;
; Ignore translate_off and synthesis_off directives                          ; Off                ; Off                ;
; Timing-Driven Synthesis                                                    ; Off                ; Off                ;
; Report Parameter Settings                                                  ; On                 ; On                 ;
; Report Source Assignments                                                  ; On                 ; On                 ;
; Report Connectivity Checks                                                 ; On                 ; On                 ;
; Ignore Maximum Fan-Out Assignments                                         ; Off                ; Off                ;
; Synchronization Register Chain Length                                      ; 2                  ; 2                  ;
; PowerPlay Power Optimization                                               ; Normal compilation ; Normal compilation ;
; HDL message level                                                          ; Level2             ; Level2             ;
; Suppress Register Optimization Related Messages                            ; Off                ; Off                ;
; Number of Removed Registers Reported in Synthesis Report                   ; 5000               ; 5000               ;
; Number of Swept Nodes Reported in Synthesis Report                         ; 5000               ; 5000               ;
; Number of Inverted Registers Reported in Synthesis Report                  ; 100                ; 100                ;
; Clock MUX Protection                                                       ; On                 ; On                 ;
; Auto Gated Clock Conversion                                                ; Off                ; Off                ;
; Block Design Naming                                                        ; Auto               ; Auto               ;
; SDC constraint protection                                                  ; Off                ; Off                ;
; Synthesis Effort                                                           ; Auto               ; Auto               ;
; Shift Register Replacement - Allow Asynchronous Clear Signal               ; On                 ; On                 ;
; Pre-Mapping Resynthesis Optimization                                       ; Off                ; Off                ;
; Analysis & Synthesis Message Level                                         ; Medium             ; Medium             ;
; Disable Register Merging Across Hierarchies                                ; Auto               ; Auto               ;
; Resource Aware Inference For Block RAM                                     ; On                 ; On                 ;
; Synthesis Seed                                                             ; 1                  ; 1                  ;
+----------------------------------------------------------------------------+--------------------+--------------------+


+------------------------------------------+
; Parallel Compilation                     ;
+----------------------------+-------------+
; Processors                 ; Number      ;
+----------------------------+-------------+
; Number detected on machine ; 8           ;
; Maximum allowed            ; 8           ;
;                            ;             ;
; Average used               ; 1.00        ;
; Maximum used               ; 1           ;
;                            ;             ;
; Usage by Processor         ; % Time Used ;
;     Processor 1            ; 100.0%      ;
;     Processors 2-8         ;   0.0%      ;
+----------------------------+-------------+


+------------------------------------------------------------------------------------------------------------------------------------------------------------------------------------------------------------------------------------------+
; Analysis & Synthesis IP Cores Summary                                                                                                                                                                                                    ;
+--------+------------------------------------+-------------+--------------+--------------+-----------------------------------------------------------------------------------------------------------+------------------------------------+
; Vendor ; IP Core Name                       ; Version     ; Release Date ; License Type ; Entity Instance                                                                                           ; IP Include File                    ;
+--------+------------------------------------+-------------+--------------+--------------+-----------------------------------------------------------------------------------------------------------+------------------------------------+
; Altera ; Qsys                               ; 13.0sp1     ; N/A          ; N/A          ; |vd2|system:u0                                                                                            ; system/synthesis/../../system.qsys ;
; Altera ; altera_nios2_qsys                  ; 13.0        ; N/A          ; N/A          ; |vd2|system:u0|system_cpu:cpu                                                                             ; system/synthesis/../../system.qsys ;
; Altera ; altera_avalon_jtag_uart            ; 13.0.1.99.2 ; N/A          ; N/A          ; |vd2|system:u0|system_jtag_uart_0:jtag_uart_0                                                             ; system/synthesis/../../system.qsys ;
; Altera ; altera_nios2_qsys                  ; 13.0        ; N/A          ; N/A          ; |vd2|system:u0|system_jtag_uart_0:jtag_uart_0|system_jtag_uart_0_scfifo_r:the_system_jtag_uart_0_scfifo_r ; system/synthesis/../../system.qsys ;
; Altera ; altera_nios2_qsys                  ; 13.0        ; N/A          ; N/A          ; |vd2|system:u0|system_jtag_uart_0:jtag_uart_0|system_jtag_uart_0_scfifo_w:the_system_jtag_uart_0_scfifo_w ; system/synthesis/../../system.qsys ;
; Altera ; altera_avalon_onchip_memory2       ; 13.0.1.99.2 ; N/A          ; N/A          ; |vd2|system:u0|system_onchip_mem:onchip_mem                                                               ; system/synthesis/../../system.qsys ;
; Altera ; altpll                             ; 13.0        ; N/A          ; N/A          ; |vd2|system:u0|system_pll:pll                                                                             ; system/synthesis/../../system.qsys ;
; Altera ; altera_avalon_new_sdram_controller ; 13.0.1.99.2 ; N/A          ; N/A          ; |vd2|system:u0|system_sdram1:sdram1                                                                       ; system/synthesis/../../system.qsys ;
; Altera ; altera_nios2_qsys                  ; 13.0        ; N/A          ; N/A          ; |vd2|system:u0|system_sdram1:sdram1|system_sdram1_input_efifo_module:the_system_sdram1_input_efifo_module ; system/synthesis/../../system.qsys ;
; Altera ; altera_avalon_new_sdram_controller ; 13.0.1.99.2 ; N/A          ; N/A          ; |vd2|system:u0|system_sdram2:sdram2                                                                       ; system/synthesis/../../system.qsys ;
; Altera ; altera_nios2_qsys                  ; 13.0        ; N/A          ; N/A          ; |vd2|system:u0|system_sdram2:sdram2|system_sdram2_input_efifo_module:the_system_sdram2_input_efifo_module ; system/synthesis/../../system.qsys ;
+--------+------------------------------------+-------------+--------------+--------------+-----------------------------------------------------------------------------------------------------------+------------------------------------+


+-------------------------------+
; Analysis & Synthesis Messages ;
+-------------------------------+
Info: *******************************************************************
Info: Running Quartus II 64-Bit Analysis & Synthesis
    Info: Version 13.0.1 Build 232 06/12/2013 Service Pack 1 SJ Web Edition
    Info: Processing started: Thu Apr 11 16:05:57 2024
Info: Command: quartus_map --read_settings_files=on --write_settings_files=off vd2 -c vd2
Info (20030): Parallel compilation is enabled and will use 8 of the 8 processors detected
Info (12021): Found 1 design units, including 1 entities, in source file system/synthesis/system.v
    Info (12023): Found entity 1: system
Info (12021): Found 1 design units, including 1 entities, in source file system/synthesis/submodules/system_irq_mapper.sv
    Info (12023): Found entity 1: system_irq_mapper
Info (12021): Found 1 design units, including 1 entities, in source file system/synthesis/submodules/altera_avalon_st_handshake_clock_crosser.v
    Info (12023): Found entity 1: altera_avalon_st_handshake_clock_crosser
Info (12021): Found 1 design units, including 1 entities, in source file system/synthesis/submodules/altera_avalon_st_clock_crosser.v
    Info (12023): Found entity 1: altera_avalon_st_clock_crosser
Info (12021): Found 1 design units, including 1 entities, in source file system/synthesis/submodules/altera_avalon_st_pipeline_base.v
    Info (12023): Found entity 1: altera_avalon_st_pipeline_base
Info (12021): Found 1 design units, including 1 entities, in source file system/synthesis/submodules/altera_merlin_width_adapter.sv
    Info (12023): Found entity 1: altera_merlin_width_adapter
Info (12021): Found 1 design units, including 1 entities, in source file system/synthesis/submodules/altera_merlin_address_alignment.sv
    Info (12023): Found entity 1: altera_merlin_address_alignment
Info (12021): Found 1 design units, including 1 entities, in source file system/synthesis/submodules/altera_merlin_burst_uncompressor.sv
    Info (12023): Found entity 1: altera_merlin_burst_uncompressor
Info (12021): Found 2 design units, including 2 entities, in source file system/synthesis/submodules/altera_merlin_arbitrator.sv
    Info (12023): Found entity 1: altera_merlin_arbitrator
    Info (12023): Found entity 2: altera_merlin_arb_adder
Info (12021): Found 1 design units, including 1 entities, in source file system/synthesis/submodules/system_rsp_xbar_mux_001.sv
    Info (12023): Found entity 1: system_rsp_xbar_mux_001
Info (12021): Found 1 design units, including 1 entities, in source file system/synthesis/submodules/system_rsp_xbar_mux.sv
    Info (12023): Found entity 1: system_rsp_xbar_mux
Info (12021): Found 1 design units, including 1 entities, in source file system/synthesis/submodules/system_rsp_xbar_demux_002.sv
    Info (12023): Found entity 1: system_rsp_xbar_demux_002
Info (12021): Found 1 design units, including 1 entities, in source file system/synthesis/submodules/system_cmd_xbar_mux.sv
    Info (12023): Found entity 1: system_cmd_xbar_mux
Info (12021): Found 1 design units, including 1 entities, in source file system/synthesis/submodules/system_cmd_xbar_demux_001.sv
    Info (12023): Found entity 1: system_cmd_xbar_demux_001
Info (12021): Found 1 design units, including 1 entities, in source file system/synthesis/submodules/system_cmd_xbar_demux.sv
    Info (12023): Found entity 1: system_cmd_xbar_demux
Info (12021): Found 1 design units, including 1 entities, in source file system/synthesis/submodules/altera_reset_controller.v
    Info (12023): Found entity 1: altera_reset_controller
Info (12021): Found 1 design units, including 1 entities, in source file system/synthesis/submodules/altera_reset_synchronizer.v
    Info (12023): Found entity 1: altera_reset_synchronizer
Info (12021): Found 7 design units, including 7 entities, in source file system/synthesis/submodules/altera_merlin_burst_adapter.sv
    Info (12023): Found entity 1: altera_merlin_burst_adapter_burstwrap_increment
    Info (12023): Found entity 2: altera_merlin_burst_adapter_adder
    Info (12023): Found entity 3: altera_merlin_burst_adapter_subtractor
    Info (12023): Found entity 4: altera_merlin_burst_adapter_min
    Info (12023): Found entity 5: altera_merlin_burst_adapter
    Info (12023): Found entity 6: altera_merlin_burst_adapter_uncompressed_only
    Info (12023): Found entity 7: altera_merlin_burst_adapter_full
Info (12021): Found 2 design units, including 2 entities, in source file system/synthesis/submodules/system_id_router_004.sv
    Info (12023): Found entity 1: system_id_router_004_default_decode
    Info (12023): Found entity 2: system_id_router_004
Info (12021): Found 2 design units, including 2 entities, in source file system/synthesis/submodules/system_id_router_002.sv
    Info (12023): Found entity 1: system_id_router_002_default_decode
    Info (12023): Found entity 2: system_id_router_002
Info (12021): Found 2 design units, including 2 entities, in source file system/synthesis/submodules/system_id_router.sv
    Info (12023): Found entity 1: system_id_router_default_decode
    Info (12023): Found entity 2: system_id_router
Info (12021): Found 2 design units, including 2 entities, in source file system/synthesis/submodules/system_addr_router_001.sv
    Info (12023): Found entity 1: system_addr_router_001_default_decode
    Info (12023): Found entity 2: system_addr_router_001
Info (12021): Found 2 design units, including 2 entities, in source file system/synthesis/submodules/system_addr_router.sv
    Info (12023): Found entity 1: system_addr_router_default_decode
    Info (12023): Found entity 2: system_addr_router
Info (12021): Found 1 design units, including 1 entities, in source file system/synthesis/submodules/altera_avalon_sc_fifo.v
    Info (12023): Found entity 1: altera_avalon_sc_fifo
Info (12021): Found 1 design units, including 1 entities, in source file system/synthesis/submodules/altera_merlin_slave_agent.sv
    Info (12023): Found entity 1: altera_merlin_slave_agent
Info (12021): Found 1 design units, including 1 entities, in source file system/synthesis/submodules/altera_merlin_master_agent.sv
    Info (12023): Found entity 1: altera_merlin_master_agent
Info (12021): Found 1 design units, including 1 entities, in source file system/synthesis/submodules/altera_merlin_slave_translator.sv
    Info (12023): Found entity 1: altera_merlin_slave_translator
Info (12021): Found 1 design units, including 1 entities, in source file system/synthesis/submodules/altera_merlin_master_translator.sv
    Info (12023): Found entity 1: altera_merlin_master_translator
Info (12021): Found 1 design units, including 1 entities, in source file system/synthesis/submodules/system_sysid.v
    Info (12023): Found entity 1: system_sysid
Info (12021): Found 4 design units, including 4 entities, in source file system/synthesis/submodules/system_pll.v
    Info (12023): Found entity 1: system_pll_dffpipe_l2c
    Info (12023): Found entity 2: system_pll_stdsync_sv6
    Info (12023): Found entity 3: system_pll_altpll_3na2
    Info (12023): Found entity 4: system_pll
Info (12021): Found 2 design units, including 2 entities, in source file system/synthesis/submodules/system_sdram2.v
    Info (12023): Found entity 1: system_sdram2_input_efifo_module
    Info (12023): Found entity 2: system_sdram2
Info (12021): Found 2 design units, including 2 entities, in source file system/synthesis/submodules/system_sdram1.v
    Info (12023): Found entity 1: system_sdram1_input_efifo_module
    Info (12023): Found entity 2: system_sdram1
Info (12021): Found 5 design units, including 5 entities, in source file system/synthesis/submodules/system_jtag_uart_0.v
    Info (12023): Found entity 1: system_jtag_uart_0_sim_scfifo_w
    Info (12023): Found entity 2: system_jtag_uart_0_scfifo_w
    Info (12023): Found entity 3: system_jtag_uart_0_sim_scfifo_r
    Info (12023): Found entity 4: system_jtag_uart_0_scfifo_r
    Info (12023): Found entity 5: system_jtag_uart_0
Info (12021): Found 1 design units, including 1 entities, in source file system/synthesis/submodules/system_onchip_mem.v
    Info (12023): Found entity 1: system_onchip_mem
Info (12021): Found 21 design units, including 21 entities, in source file system/synthesis/submodules/system_cpu.v
    Info (12023): Found entity 1: system_cpu_register_bank_a_module
    Info (12023): Found entity 2: system_cpu_register_bank_b_module
    Info (12023): Found entity 3: system_cpu_nios2_oci_debug
    Info (12023): Found entity 4: system_cpu_ociram_sp_ram_module
    Info (12023): Found entity 5: system_cpu_nios2_ocimem
    Info (12023): Found entity 6: system_cpu_nios2_avalon_reg
    Info (12023): Found entity 7: system_cpu_nios2_oci_break
    Info (12023): Found entity 8: system_cpu_nios2_oci_xbrk
    Info (12023): Found entity 9: system_cpu_nios2_oci_dbrk
    Info (12023): Found entity 10: system_cpu_nios2_oci_itrace
    Info (12023): Found entity 11: system_cpu_nios2_oci_td_mode
    Info (12023): Found entity 12: system_cpu_nios2_oci_dtrace
    Info (12023): Found entity 13: system_cpu_nios2_oci_compute_tm_count
    Info (12023): Found entity 14: system_cpu_nios2_oci_fifowp_inc
    Info (12023): Found entity 15: system_cpu_nios2_oci_fifocount_inc
    Info (12023): Found entity 16: system_cpu_nios2_oci_fifo
    Info (12023): Found entity 17: system_cpu_nios2_oci_pib
    Info (12023): Found entity 18: system_cpu_nios2_oci_im
    Info (12023): Found entity 19: system_cpu_nios2_performance_monitors
    Info (12023): Found entity 20: system_cpu_nios2_oci
    Info (12023): Found entity 21: system_cpu
Info (12021): Found 1 design units, including 1 entities, in source file system/synthesis/submodules/system_cpu_jtag_debug_module_sysclk.v
    Info (12023): Found entity 1: system_cpu_jtag_debug_module_sysclk
Info (12021): Found 1 design units, including 1 entities, in source file system/synthesis/submodules/system_cpu_jtag_debug_module_tck.v
    Info (12023): Found entity 1: system_cpu_jtag_debug_module_tck
Info (12021): Found 1 design units, including 1 entities, in source file system/synthesis/submodules/system_cpu_jtag_debug_module_wrapper.v
    Info (12023): Found entity 1: system_cpu_jtag_debug_module_wrapper
Info (12021): Found 1 design units, including 1 entities, in source file system/synthesis/submodules/system_cpu_oci_test_bench.v
    Info (12023): Found entity 1: system_cpu_oci_test_bench
Info (12021): Found 1 design units, including 1 entities, in source file system/synthesis/submodules/system_cpu_test_bench.v
    Info (12023): Found entity 1: system_cpu_test_bench
Warning (10275): Verilog HDL Module Instantiation warning at vd2.v(34): ignored dangling comma in List of Port Connections
Info (12021): Found 1 design units, including 1 entities, in source file vd2.v
    Info (12023): Found entity 1: vd2
Warning (10037): Verilog HDL or VHDL warning at system_cpu.v(1567): conditional expression evaluates to a constant
Warning (10037): Verilog HDL or VHDL warning at system_cpu.v(1569): conditional expression evaluates to a constant
Warning (10037): Verilog HDL or VHDL warning at system_cpu.v(1725): conditional expression evaluates to a constant
Warning (10037): Verilog HDL or VHDL warning at system_cpu.v(2553): conditional expression evaluates to a constant
Warning (10037): Verilog HDL or VHDL warning at system_sdram1.v(316): conditional expression evaluates to a constant
Warning (10037): Verilog HDL or VHDL warning at system_sdram1.v(326): conditional expression evaluates to a constant
Warning (10037): Verilog HDL or VHDL warning at system_sdram1.v(336): conditional expression evaluates to a constant
Warning (10037): Verilog HDL or VHDL warning at system_sdram1.v(680): conditional expression evaluates to a constant
Warning (10037): Verilog HDL or VHDL warning at system_sdram2.v(316): conditional expression evaluates to a constant
Warning (10037): Verilog HDL or VHDL warning at system_sdram2.v(326): conditional expression evaluates to a constant
Warning (10037): Verilog HDL or VHDL warning at system_sdram2.v(336): conditional expression evaluates to a constant
Warning (10037): Verilog HDL or VHDL warning at system_sdram2.v(680): conditional expression evaluates to a constant
Info (12127): Elaborating entity "vd2" for the top level hierarchy
Warning (10034): Output port "DRAM1_CLK" at vd2.v(4) has no driver
Warning (10034): Output port "DRAM2_CLK" at vd2.v(8) has no driver
Info (12128): Elaborating entity "system" for hierarchy "system:u0"
Info (12128): Elaborating entity "system_cpu" for hierarchy "system:u0|system_cpu:cpu"
Info (12128): Elaborating entity "system_cpu_test_bench" for hierarchy "system:u0|system_cpu:cpu|system_cpu_test_bench:the_system_cpu_test_bench"
Info (12128): Elaborating entity "system_cpu_register_bank_a_module" for hierarchy "system:u0|system_cpu:cpu|system_cpu_register_bank_a_module:system_cpu_register_bank_a"
Info (12128): Elaborating entity "altsyncram" for hierarchy "system:u0|system_cpu:cpu|system_cpu_register_bank_a_module:system_cpu_register_bank_a|altsyncram:the_altsyncram"
Info (12130): Elaborated megafunction instantiation "system:u0|system_cpu:cpu|system_cpu_register_bank_a_module:system_cpu_register_bank_a|altsyncram:the_altsyncram"
Info (12133): Instantiated megafunction "system:u0|system_cpu:cpu|system_cpu_register_bank_a_module:system_cpu_register_bank_a|altsyncram:the_altsyncram" with the following parameter:
    Info (12134): Parameter "address_reg_b" = "CLOCK0"
    Info (12134): Parameter "init_file" = "system_cpu_rf_ram_a.mif"
    Info (12134): Parameter "maximum_depth" = "0"
    Info (12134): Parameter "numwords_a" = "32"
    Info (12134): Parameter "numwords_b" = "32"
    Info (12134): Parameter "operation_mode" = "DUAL_PORT"
    Info (12134): Parameter "outdata_reg_b" = "UNREGISTERED"
    Info (12134): Parameter "ram_block_type" = "AUTO"
    Info (12134): Parameter "rdcontrol_reg_b" = "CLOCK0"
    Info (12134): Parameter "read_during_write_mode_mixed_ports" = "DONT_CARE"
    Info (12134): Parameter "width_a" = "32"
    Info (12134): Parameter "width_b" = "32"
    Info (12134): Parameter "widthad_a" = "5"
    Info (12134): Parameter "widthad_b" = "5"
Info (12021): Found 1 design units, including 1 entities, in source file db/altsyncram_kuf1.tdf
    Info (12023): Found entity 1: altsyncram_kuf1
Info (12128): Elaborating entity "altsyncram_kuf1" for hierarchy "system:u0|system_cpu:cpu|system_cpu_register_bank_a_module:system_cpu_register_bank_a|altsyncram:the_altsyncram|altsyncram_kuf1:auto_generated"
Info (12128): Elaborating entity "system_cpu_register_bank_b_module" for hierarchy "system:u0|system_cpu:cpu|system_cpu_register_bank_b_module:system_cpu_register_bank_b"
Info (12128): Elaborating entity "altsyncram" for hierarchy "system:u0|system_cpu:cpu|system_cpu_register_bank_b_module:system_cpu_register_bank_b|altsyncram:the_altsyncram"
Info (12130): Elaborated megafunction instantiation "system:u0|system_cpu:cpu|system_cpu_register_bank_b_module:system_cpu_register_bank_b|altsyncram:the_altsyncram"
Info (12133): Instantiated megafunction "system:u0|system_cpu:cpu|system_cpu_register_bank_b_module:system_cpu_register_bank_b|altsyncram:the_altsyncram" with the following parameter:
    Info (12134): Parameter "address_reg_b" = "CLOCK0"
    Info (12134): Parameter "init_file" = "system_cpu_rf_ram_b.mif"
    Info (12134): Parameter "maximum_depth" = "0"
    Info (12134): Parameter "numwords_a" = "32"
    Info (12134): Parameter "numwords_b" = "32"
    Info (12134): Parameter "operation_mode" = "DUAL_PORT"
    Info (12134): Parameter "outdata_reg_b" = "UNREGISTERED"
    Info (12134): Parameter "ram_block_type" = "AUTO"
    Info (12134): Parameter "rdcontrol_reg_b" = "CLOCK0"
    Info (12134): Parameter "read_during_write_mode_mixed_ports" = "DONT_CARE"
    Info (12134): Parameter "width_a" = "32"
    Info (12134): Parameter "width_b" = "32"
    Info (12134): Parameter "widthad_a" = "5"
    Info (12134): Parameter "widthad_b" = "5"
Info (12021): Found 1 design units, including 1 entities, in source file db/altsyncram_luf1.tdf
    Info (12023): Found entity 1: altsyncram_luf1
Info (12128): Elaborating entity "altsyncram_luf1" for hierarchy "system:u0|system_cpu:cpu|system_cpu_register_bank_b_module:system_cpu_register_bank_b|altsyncram:the_altsyncram|altsyncram_luf1:auto_generated"
Info (12128): Elaborating entity "system_cpu_nios2_oci" for hierarchy "system:u0|system_cpu:cpu|system_cpu_nios2_oci:the_system_cpu_nios2_oci"
Info (12128): Elaborating entity "system_cpu_nios2_oci_debug" for hierarchy "system:u0|system_cpu:cpu|system_cpu_nios2_oci:the_system_cpu_nios2_oci|system_cpu_nios2_oci_debug:the_system_cpu_nios2_oci_debug"
Info (12128): Elaborating entity "altera_std_synchronizer" for hierarchy "system:u0|system_cpu:cpu|system_cpu_nios2_oci:the_system_cpu_nios2_oci|system_cpu_nios2_oci_debug:the_system_cpu_nios2_oci_debug|altera_std_synchronizer:the_altera_std_synchronizer"
Info (12130): Elaborated megafunction instantiation "system:u0|system_cpu:cpu|system_cpu_nios2_oci:the_system_cpu_nios2_oci|system_cpu_nios2_oci_debug:the_system_cpu_nios2_oci_debug|altera_std_synchronizer:the_altera_std_synchronizer"
Info (12133): Instantiated megafunction "system:u0|system_cpu:cpu|system_cpu_nios2_oci:the_system_cpu_nios2_oci|system_cpu_nios2_oci_debug:the_system_cpu_nios2_oci_debug|altera_std_synchronizer:the_altera_std_synchronizer" with the following parameter:
    Info (12134): Parameter "depth" = "2"
Info (12128): Elaborating entity "system_cpu_nios2_ocimem" for hierarchy "system:u0|system_cpu:cpu|system_cpu_nios2_oci:the_system_cpu_nios2_oci|system_cpu_nios2_ocimem:the_system_cpu_nios2_ocimem"
Info (12128): Elaborating entity "system_cpu_ociram_sp_ram_module" for hierarchy "system:u0|system_cpu:cpu|system_cpu_nios2_oci:the_system_cpu_nios2_oci|system_cpu_nios2_ocimem:the_system_cpu_nios2_ocimem|system_cpu_ociram_sp_ram_module:system_cpu_ociram_sp_ram"
Info (12128): Elaborating entity "altsyncram" for hierarchy "system:u0|system_cpu:cpu|system_cpu_nios2_oci:the_system_cpu_nios2_oci|system_cpu_nios2_ocimem:the_system_cpu_nios2_ocimem|system_cpu_ociram_sp_ram_module:system_cpu_ociram_sp_ram|altsyncram:the_altsyncram"
Info (12130): Elaborated megafunction instantiation "system:u0|system_cpu:cpu|system_cpu_nios2_oci:the_system_cpu_nios2_oci|system_cpu_nios2_ocimem:the_system_cpu_nios2_ocimem|system_cpu_ociram_sp_ram_module:system_cpu_ociram_sp_ram|altsyncram:the_altsyncram"
Info (12133): Instantiated megafunction "system:u0|system_cpu:cpu|system_cpu_nios2_oci:the_system_cpu_nios2_oci|system_cpu_nios2_ocimem:the_system_cpu_nios2_ocimem|system_cpu_ociram_sp_ram_module:system_cpu_ociram_sp_ram|altsyncram:the_altsyncram" with the following parameter:
    Info (12134): Parameter "init_file" = "system_cpu_ociram_default_contents.mif"
    Info (12134): Parameter "maximum_depth" = "0"
    Info (12134): Parameter "numwords_a" = "256"
    Info (12134): Parameter "operation_mode" = "SINGLE_PORT"
    Info (12134): Parameter "outdata_reg_a" = "UNREGISTERED"
    Info (12134): Parameter "ram_block_type" = "AUTO"
    Info (12134): Parameter "width_a" = "32"
    Info (12134): Parameter "width_byteena_a" = "4"
    Info (12134): Parameter "widthad_a" = "8"
Info (12021): Found 1 design units, including 1 entities, in source file db/altsyncram_ob71.tdf
    Info (12023): Found entity 1: altsyncram_ob71
Info (12128): Elaborating entity "altsyncram_ob71" for hierarchy "system:u0|system_cpu:cpu|system_cpu_nios2_oci:the_system_cpu_nios2_oci|system_cpu_nios2_ocimem:the_system_cpu_nios2_ocimem|system_cpu_ociram_sp_ram_module:system_cpu_ociram_sp_ram|altsyncram:the_altsyncram|altsyncram_ob71:auto_generated"
Info (12128): Elaborating entity "system_cpu_nios2_avalon_reg" for hierarchy "system:u0|system_cpu:cpu|system_cpu_nios2_oci:the_system_cpu_nios2_oci|system_cpu_nios2_avalon_reg:the_system_cpu_nios2_avalon_reg"
Info (12128): Elaborating entity "system_cpu_nios2_oci_break" for hierarchy "system:u0|system_cpu:cpu|system_cpu_nios2_oci:the_system_cpu_nios2_oci|system_cpu_nios2_oci_break:the_system_cpu_nios2_oci_break"
Info (12128): Elaborating entity "system_cpu_nios2_oci_xbrk" for hierarchy "system:u0|system_cpu:cpu|system_cpu_nios2_oci:the_system_cpu_nios2_oci|system_cpu_nios2_oci_xbrk:the_system_cpu_nios2_oci_xbrk"
Info (12128): Elaborating entity "system_cpu_nios2_oci_dbrk" for hierarchy "system:u0|system_cpu:cpu|system_cpu_nios2_oci:the_system_cpu_nios2_oci|system_cpu_nios2_oci_dbrk:the_system_cpu_nios2_oci_dbrk"
Info (12128): Elaborating entity "system_cpu_nios2_oci_itrace" for hierarchy "system:u0|system_cpu:cpu|system_cpu_nios2_oci:the_system_cpu_nios2_oci|system_cpu_nios2_oci_itrace:the_system_cpu_nios2_oci_itrace"
Info (12128): Elaborating entity "system_cpu_nios2_oci_dtrace" for hierarchy "system:u0|system_cpu:cpu|system_cpu_nios2_oci:the_system_cpu_nios2_oci|system_cpu_nios2_oci_dtrace:the_system_cpu_nios2_oci_dtrace"
Info (12128): Elaborating entity "system_cpu_nios2_oci_td_mode" for hierarchy "system:u0|system_cpu:cpu|system_cpu_nios2_oci:the_system_cpu_nios2_oci|system_cpu_nios2_oci_dtrace:the_system_cpu_nios2_oci_dtrace|system_cpu_nios2_oci_td_mode:system_cpu_nios2_oci_trc_ctrl_td_mode"
Info (12128): Elaborating entity "system_cpu_nios2_oci_fifo" for hierarchy "system:u0|system_cpu:cpu|system_cpu_nios2_oci:the_system_cpu_nios2_oci|system_cpu_nios2_oci_fifo:the_system_cpu_nios2_oci_fifo"
Info (12128): Elaborating entity "system_cpu_nios2_oci_compute_tm_count" for hierarchy "system:u0|system_cpu:cpu|system_cpu_nios2_oci:the_system_cpu_nios2_oci|system_cpu_nios2_oci_fifo:the_system_cpu_nios2_oci_fifo|system_cpu_nios2_oci_compute_tm_count:system_cpu_nios2_oci_compute_tm_count_tm_count"
Info (12128): Elaborating entity "system_cpu_nios2_oci_fifowp_inc" for hierarchy "system:u0|system_cpu:cpu|system_cpu_nios2_oci:the_system_cpu_nios2_oci|system_cpu_nios2_oci_fifo:the_system_cpu_nios2_oci_fifo|system_cpu_nios2_oci_fifowp_inc:system_cpu_nios2_oci_fifowp_inc_fifowp"
Info (12128): Elaborating entity "system_cpu_nios2_oci_fifocount_inc" for hierarchy "system:u0|system_cpu:cpu|system_cpu_nios2_oci:the_system_cpu_nios2_oci|system_cpu_nios2_oci_fifo:the_system_cpu_nios2_oci_fifo|system_cpu_nios2_oci_fifocount_inc:system_cpu_nios2_oci_fifocount_inc_fifocount"
Info (12128): Elaborating entity "system_cpu_oci_test_bench" for hierarchy "system:u0|system_cpu:cpu|system_cpu_nios2_oci:the_system_cpu_nios2_oci|system_cpu_nios2_oci_fifo:the_system_cpu_nios2_oci_fifo|system_cpu_oci_test_bench:the_system_cpu_oci_test_bench"
Info (12128): Elaborating entity "system_cpu_nios2_oci_pib" for hierarchy "system:u0|system_cpu:cpu|system_cpu_nios2_oci:the_system_cpu_nios2_oci|system_cpu_nios2_oci_pib:the_system_cpu_nios2_oci_pib"
Info (12128): Elaborating entity "system_cpu_nios2_oci_im" for hierarchy "system:u0|system_cpu:cpu|system_cpu_nios2_oci:the_system_cpu_nios2_oci|system_cpu_nios2_oci_im:the_system_cpu_nios2_oci_im"
Info (12128): Elaborating entity "system_cpu_jtag_debug_module_wrapper" for hierarchy "system:u0|system_cpu:cpu|system_cpu_nios2_oci:the_system_cpu_nios2_oci|system_cpu_jtag_debug_module_wrapper:the_system_cpu_jtag_debug_module_wrapper"
Info (12128): Elaborating entity "system_cpu_jtag_debug_module_tck" for hierarchy "system:u0|system_cpu:cpu|system_cpu_nios2_oci:the_system_cpu_nios2_oci|system_cpu_jtag_debug_module_wrapper:the_system_cpu_jtag_debug_module_wrapper|system_cpu_jtag_debug_module_tck:the_system_cpu_jtag_debug_module_tck"
Info (12128): Elaborating entity "system_cpu_jtag_debug_module_sysclk" for hierarchy "system:u0|system_cpu:cpu|system_cpu_nios2_oci:the_system_cpu_nios2_oci|system_cpu_jtag_debug_module_wrapper:the_system_cpu_jtag_debug_module_wrapper|system_cpu_jtag_debug_module_sysclk:the_system_cpu_jtag_debug_module_sysclk"
Info (12128): Elaborating entity "sld_virtual_jtag_basic" for hierarchy "system:u0|system_cpu:cpu|system_cpu_nios2_oci:the_system_cpu_nios2_oci|system_cpu_jtag_debug_module_wrapper:the_system_cpu_jtag_debug_module_wrapper|sld_virtual_jtag_basic:system_cpu_jtag_debug_module_phy"
Info (12130): Elaborated megafunction instantiation "system:u0|system_cpu:cpu|system_cpu_nios2_oci:the_system_cpu_nios2_oci|system_cpu_jtag_debug_module_wrapper:the_system_cpu_jtag_debug_module_wrapper|sld_virtual_jtag_basic:system_cpu_jtag_debug_module_phy"
Info (12133): Instantiated megafunction "system:u0|system_cpu:cpu|system_cpu_nios2_oci:the_system_cpu_nios2_oci|system_cpu_jtag_debug_module_wrapper:the_system_cpu_jtag_debug_module_wrapper|sld_virtual_jtag_basic:system_cpu_jtag_debug_module_phy" with the following parameter:
    Info (12134): Parameter "sld_auto_instance_index" = "YES"
    Info (12134): Parameter "sld_instance_index" = "0"
    Info (12134): Parameter "sld_ir_width" = "2"
    Info (12134): Parameter "sld_mfg_id" = "70"
    Info (12134): Parameter "sld_sim_action" = ""
    Info (12134): Parameter "sld_sim_n_scan" = "0"
    Info (12134): Parameter "sld_sim_total_length" = "0"
    Info (12134): Parameter "sld_type_id" = "34"
    Info (12134): Parameter "sld_version" = "3"
Info (12128): Elaborating entity "sld_virtual_jtag_impl" for hierarchy "system:u0|system_cpu:cpu|system_cpu_nios2_oci:the_system_cpu_nios2_oci|system_cpu_jtag_debug_module_wrapper:the_system_cpu_jtag_debug_module_wrapper|sld_virtual_jtag_basic:system_cpu_jtag_debug_module_phy|sld_virtual_jtag_impl:sld_virtual_jtag_impl_inst"
Info (12131): Elaborated megafunction instantiation "system:u0|system_cpu:cpu|system_cpu_nios2_oci:the_system_cpu_nios2_oci|system_cpu_jtag_debug_module_wrapper:the_system_cpu_jtag_debug_module_wrapper|sld_virtual_jtag_basic:system_cpu_jtag_debug_module_phy|sld_virtual_jtag_impl:sld_virtual_jtag_impl_inst", which is child of megafunction instantiation "system:u0|system_cpu:cpu|system_cpu_nios2_oci:the_system_cpu_nios2_oci|system_cpu_jtag_debug_module_wrapper:the_system_cpu_jtag_debug_module_wrapper|sld_virtual_jtag_basic:system_cpu_jtag_debug_module_phy"
Info (12128): Elaborating entity "system_onchip_mem" for hierarchy "system:u0|system_onchip_mem:onchip_mem"
Info (12128): Elaborating entity "altsyncram" for hierarchy "system:u0|system_onchip_mem:onchip_mem|altsyncram:the_altsyncram"
Info (12130): Elaborated megafunction instantiation "system:u0|system_onchip_mem:onchip_mem|altsyncram:the_altsyncram"
Info (12133): Instantiated megafunction "system:u0|system_onchip_mem:onchip_mem|altsyncram:the_altsyncram" with the following parameter:
    Info (12134): Parameter "byte_size" = "8"
    Info (12134): Parameter "init_file" = "system_onchip_mem.hex"
    Info (12134): Parameter "lpm_type" = "altsyncram"
    Info (12134): Parameter "maximum_depth" = "8192"
    Info (12134): Parameter "numwords_a" = "8192"
    Info (12134): Parameter "operation_mode" = "SINGLE_PORT"
    Info (12134): Parameter "outdata_reg_a" = "UNREGISTERED"
    Info (12134): Parameter "ram_block_type" = "AUTO"
    Info (12134): Parameter "read_during_write_mode_mixed_ports" = "DONT_CARE"
    Info (12134): Parameter "width_a" = "32"
    Info (12134): Parameter "width_byteena_a" = "4"
    Info (12134): Parameter "widthad_a" = "13"
Info (12021): Found 1 design units, including 1 entities, in source file db/altsyncram_lbc1.tdf
    Info (12023): Found entity 1: altsyncram_lbc1
Info (12128): Elaborating entity "altsyncram_lbc1" for hierarchy "system:u0|system_onchip_mem:onchip_mem|altsyncram:the_altsyncram|altsyncram_lbc1:auto_generated"
Info (12021): Found 1 design units, including 1 entities, in source file db/decode_1oa.tdf
    Info (12023): Found entity 1: decode_1oa
Info (12128): Elaborating entity "decode_1oa" for hierarchy "system:u0|system_onchip_mem:onchip_mem|altsyncram:the_altsyncram|altsyncram_lbc1:auto_generated|decode_1oa:decode3"
Info (12021): Found 1 design units, including 1 entities, in source file db/mux_ujb.tdf
    Info (12023): Found entity 1: mux_ujb
Info (12128): Elaborating entity "mux_ujb" for hierarchy "system:u0|system_onchip_mem:onchip_mem|altsyncram:the_altsyncram|altsyncram_lbc1:auto_generated|mux_ujb:mux2"
Info (12128): Elaborating entity "system_jtag_uart_0" for hierarchy "system:u0|system_jtag_uart_0:jtag_uart_0"
Info (12128): Elaborating entity "system_jtag_uart_0_scfifo_w" for hierarchy "system:u0|system_jtag_uart_0:jtag_uart_0|system_jtag_uart_0_scfifo_w:the_system_jtag_uart_0_scfifo_w"
Info (12128): Elaborating entity "scfifo" for hierarchy "system:u0|system_jtag_uart_0:jtag_uart_0|system_jtag_uart_0_scfifo_w:the_system_jtag_uart_0_scfifo_w|scfifo:wfifo"
Info (12130): Elaborated megafunction instantiation "system:u0|system_jtag_uart_0:jtag_uart_0|system_jtag_uart_0_scfifo_w:the_system_jtag_uart_0_scfifo_w|scfifo:wfifo"
Info (12133): Instantiated megafunction "system:u0|system_jtag_uart_0:jtag_uart_0|system_jtag_uart_0_scfifo_w:the_system_jtag_uart_0_scfifo_w|scfifo:wfifo" with the following parameter:
    Info (12134): Parameter "lpm_hint" = "RAM_BLOCK_TYPE=AUTO"
    Info (12134): Parameter "lpm_numwords" = "64"
    Info (12134): Parameter "lpm_showahead" = "OFF"
    Info (12134): Parameter "lpm_type" = "scfifo"
    Info (12134): Parameter "lpm_width" = "8"
    Info (12134): Parameter "lpm_widthu" = "6"
    Info (12134): Parameter "overflow_checking" = "OFF"
    Info (12134): Parameter "underflow_checking" = "OFF"
    Info (12134): Parameter "use_eab" = "ON"
Info (12021): Found 1 design units, including 1 entities, in source file db/scfifo_1n21.tdf
    Info (12023): Found entity 1: scfifo_1n21
Info (12128): Elaborating entity "scfifo_1n21" for hierarchy "system:u0|system_jtag_uart_0:jtag_uart_0|system_jtag_uart_0_scfifo_w:the_system_jtag_uart_0_scfifo_w|scfifo:wfifo|scfifo_1n21:auto_generated"
Info (12021): Found 1 design units, including 1 entities, in source file db/a_dpfifo_8t21.tdf
    Info (12023): Found entity 1: a_dpfifo_8t21
Info (12128): Elaborating entity "a_dpfifo_8t21" for hierarchy "system:u0|system_jtag_uart_0:jtag_uart_0|system_jtag_uart_0_scfifo_w:the_system_jtag_uart_0_scfifo_w|scfifo:wfifo|scfifo_1n21:auto_generated|a_dpfifo_8t21:dpfifo"
Info (12021): Found 1 design units, including 1 entities, in source file db/a_fefifo_7cf.tdf
    Info (12023): Found entity 1: a_fefifo_7cf
Info (12128): Elaborating entity "a_fefifo_7cf" for hierarchy "system:u0|system_jtag_uart_0:jtag_uart_0|system_jtag_uart_0_scfifo_w:the_system_jtag_uart_0_scfifo_w|scfifo:wfifo|scfifo_1n21:auto_generated|a_dpfifo_8t21:dpfifo|a_fefifo_7cf:fifo_state"
Info (12021): Found 1 design units, including 1 entities, in source file db/cntr_do7.tdf
    Info (12023): Found entity 1: cntr_do7
Info (12128): Elaborating entity "cntr_do7" for hierarchy "system:u0|system_jtag_uart_0:jtag_uart_0|system_jtag_uart_0_scfifo_w:the_system_jtag_uart_0_scfifo_w|scfifo:wfifo|scfifo_1n21:auto_generated|a_dpfifo_8t21:dpfifo|a_fefifo_7cf:fifo_state|cntr_do7:count_usedw"
Info (12021): Found 1 design units, including 1 entities, in source file db/dpram_5h21.tdf
    Info (12023): Found entity 1: dpram_5h21
Info (12128): Elaborating entity "dpram_5h21" for hierarchy "system:u0|system_jtag_uart_0:jtag_uart_0|system_jtag_uart_0_scfifo_w:the_system_jtag_uart_0_scfifo_w|scfifo:wfifo|scfifo_1n21:auto_generated|a_dpfifo_8t21:dpfifo|dpram_5h21:FIFOram"
Info (12021): Found 1 design units, including 1 entities, in source file db/altsyncram_9tl1.tdf
    Info (12023): Found entity 1: altsyncram_9tl1
Info (12128): Elaborating entity "altsyncram_9tl1" for hierarchy "system:u0|system_jtag_uart_0:jtag_uart_0|system_jtag_uart_0_scfifo_w:the_system_jtag_uart_0_scfifo_w|scfifo:wfifo|scfifo_1n21:auto_generated|a_dpfifo_8t21:dpfifo|dpram_5h21:FIFOram|altsyncram_9tl1:altsyncram1"
Info (12021): Found 1 design units, including 1 entities, in source file db/cntr_fjb.tdf
    Info (12023): Found entity 1: cntr_fjb
Info (12128): Elaborating entity "cntr_fjb" for hierarchy "system:u0|system_jtag_uart_0:jtag_uart_0|system_jtag_uart_0_scfifo_w:the_system_jtag_uart_0_scfifo_w|scfifo:wfifo|scfifo_1n21:auto_generated|a_dpfifo_8t21:dpfifo|cntr_fjb:rd_ptr_count"
Info (12128): Elaborating entity "system_jtag_uart_0_scfifo_r" for hierarchy "system:u0|system_jtag_uart_0:jtag_uart_0|system_jtag_uart_0_scfifo_r:the_system_jtag_uart_0_scfifo_r"
Info (12128): Elaborating entity "alt_jtag_atlantic" for hierarchy "system:u0|system_jtag_uart_0:jtag_uart_0|alt_jtag_atlantic:system_jtag_uart_0_alt_jtag_atlantic"
Info (12130): Elaborated megafunction instantiation "system:u0|system_jtag_uart_0:jtag_uart_0|alt_jtag_atlantic:system_jtag_uart_0_alt_jtag_atlantic"
Info (12133): Instantiated megafunction "system:u0|system_jtag_uart_0:jtag_uart_0|alt_jtag_atlantic:system_jtag_uart_0_alt_jtag_atlantic" with the following parameter:
    Info (12134): Parameter "INSTANCE_ID" = "0"
    Info (12134): Parameter "LOG2_RXFIFO_DEPTH" = "6"
    Info (12134): Parameter "LOG2_TXFIFO_DEPTH" = "6"
    Info (12134): Parameter "SLD_AUTO_INSTANCE_INDEX" = "YES"
Info (12128): Elaborating entity "system_sdram1" for hierarchy "system:u0|system_sdram1:sdram1"
Info (12128): Elaborating entity "system_sdram1_input_efifo_module" for hierarchy "system:u0|system_sdram1:sdram1|system_sdram1_input_efifo_module:the_system_sdram1_input_efifo_module"
Info (12128): Elaborating entity "system_sdram2" for hierarchy "system:u0|system_sdram2:sdram2"
Info (12128): Elaborating entity "system_sdram2_input_efifo_module" for hierarchy "system:u0|system_sdram2:sdram2|system_sdram2_input_efifo_module:the_system_sdram2_input_efifo_module"
Info (12128): Elaborating entity "system_pll" for hierarchy "system:u0|system_pll:pll"
Error (10650): Verilog HDL Display System Task at system_pll.v(285):  MGL_INTERNAL_ERROR: Port object altpll_avalon|altpll inst sd1|clk of width  5 is being assigned the port altpll_avalon|altpll inst sd1|stratixii_pll inst pll7|clk of width 3 which is illegal, as port widths dont match nor are multiples. CAUSE : The port widths are mismatched in the mentioned assignment. The port widths of the connected ports should match or the LHS port width should be a multiple of the RHS port width. ACTION : Check the port widths of the connected ports. Logical operation results in a port width equal to the larger of the two ports and concatenation results in a port width equal to the sum of the individual port widths. Double check for such cases. File: D:/SoC/sdram/vd2/system/synthesis/submodules/system_pll.v Line: 285
Error (12152): Can't elaborate user hierarchy "system:u0|system_pll:pll" File: D:/SoC/sdram/vd2/system/synthesis/system.v Line: 687
Info (144001): Generated suppressed messages file D:/SoC/sdram/vd2/output_files/vd2.map.smsg
Error: Quartus II 64-Bit Analysis & Synthesis was unsuccessful. 2 errors, 15 warnings
    Error: Peak virtual memory: 4645 megabytes
    Error: Processing ended: Thu Apr 11 16:06:00 2024
    Error: Elapsed time: 00:00:03
    Error: Total CPU time (on all processors): 00:00:03


+------------------------------------------+
; Analysis & Synthesis Suppressed Messages ;
+------------------------------------------+
The suppressed messages can be found in D:/SoC/sdram/vd2/output_files/vd2.map.smsg.


