Info: Starting: Create block symbol file (.bsf)
Info: ip-generate --project-directory=C:/Users/Admin/Desktop/lcd_hex_timer/clock/ --output-directory=C:/Users/Admin/Desktop/lcd_hex_timer/clock/nios_sys/ --report-file=bsf:C:/Users/Admin/Desktop/lcd_hex_timer/clock/nios_sys.bsf --system-info=DEVICE_FAMILY="Cyclone II" --system-info=DEVICE=EP2C35F672C6 --system-info=DEVICE_SPEEDGRADE=6 --component-file=C:/Users/Admin/Desktop/lcd_hex_timer/clock/nios_sys.qsys
Progress: Loading clock/nios_sys.qsys
Progress: Reading input file
Progress: Adding clk_0 [clock_source 13.0]
Progress: Parameterizing module clk_0
Progress: Adding nios2_qsys_0 [altera_nios2_qsys 13.0]
Progress: Parameterizing module nios2_qsys_0
Progress: Adding onchip_memory2_0 [altera_avalon_onchip_memory2 13.0.1.99.2]
Progress: Parameterizing module onchip_memory2_0
Progress: Adding jtag_uart_0 [altera_avalon_jtag_uart 13.0.1.99.2]
Progress: Parameterizing module jtag_uart_0
Progress: Adding switch [altera_avalon_pio 13.0.1.99.2]
Progress: Parameterizing module switch
Progress: Adding ledr [altera_avalon_pio 13.0.1.99.2]
Progress: Parameterizing module ledr
Progress: Adding hex0 [altera_avalon_pio 13.0.1.99.2]
Progress: Parameterizing module hex0
Progress: Adding hex1 [altera_avalon_pio 13.0.1.99.2]
Progress: Parameterizing module hex1
Progress: Adding hex2 [altera_avalon_pio 13.0.1.99.2]
Progress: Parameterizing module hex2
Progress: Adding hex3 [altera_avalon_pio 13.0.1.99.2]
Progress: Parameterizing module hex3
Progress: Adding hex4 [altera_avalon_pio 13.0.1.99.2]
Progress: Parameterizing module hex4
Progress: Adding hex5 [altera_avalon_pio 13.0.1.99.2]
Progress: Parameterizing module hex5
Progress: Adding hex6 [altera_avalon_pio 13.0.1.99.2]
Progress: Parameterizing module hex6
Progress: Adding hex7 [altera_avalon_pio 13.0.1.99.2]
Progress: Parameterizing module hex7
Progress: Adding ledg [altera_avalon_pio 13.0.1.99.2]
Progress: Parameterizing module ledg
Progress: Adding key [altera_avalon_pio 13.0.1.99.2]
Progress: Parameterizing module key
Progress: Adding timer_0 [altera_avalon_timer 13.0.1.99.2]
Progress: Parameterizing module timer_0
Progress: Adding lcd_d [altera_avalon_pio 13.0.1.99.2]
Progress: Parameterizing module lcd_d
Progress: Adding lcd_on [altera_avalon_pio 13.0.1.99.2]
Progress: Parameterizing module lcd_on
Progress: Adding lcd_blon [altera_avalon_pio 13.0.1.99.2]
Progress: Parameterizing module lcd_blon
Progress: Adding lcd_en [altera_avalon_pio 13.0.1.99.2]
Progress: Parameterizing module lcd_en
Progress: Adding lcd_rw [altera_avalon_pio 13.0.1.99.2]
Progress: Parameterizing module lcd_rw
Progress: Adding lcd_rs [altera_avalon_pio 13.0.1.99.2]
Progress: Parameterizing module lcd_rs
Progress: Building connections
Progress: Parameterizing connections
Progress: Validating
Progress: Done reading input file
Info: nios_sys.switch: PIO inputs are not hardwired in test bench. Undefined values will be read from PIO inputs during simulation.
Info: nios_sys.key: PIO inputs are not hardwired in test bench. Undefined values will be read from PIO inputs during simulation.
Info: ip-generate succeeded.
Info: Finished: Create block symbol file (.bsf)
Info: 
Info: Starting: Create HDL design files for synthesis
Info: ip-generate --project-directory=C:/Users/Admin/Desktop/lcd_hex_timer/clock/ --output-directory=C:/Users/Admin/Desktop/lcd_hex_timer/clock/nios_sys/synthesis/ --file-set=QUARTUS_SYNTH --report-file=sopcinfo:C:/Users/Admin/Desktop/lcd_hex_timer/clock/nios_sys.sopcinfo --report-file=html:C:/Users/Admin/Desktop/lcd_hex_timer/clock/nios_sys.html --report-file=qip:C:/Users/Admin/Desktop/lcd_hex_timer/clock/nios_sys/synthesis/nios_sys.qip --report-file=cmp:C:/Users/Admin/Desktop/lcd_hex_timer/clock/nios_sys.cmp --report-file=svd --system-info=DEVICE_FAMILY="Cyclone II" --system-info=DEVICE=EP2C35F672C6 --system-info=DEVICE_SPEEDGRADE=6 --component-file=C:/Users/Admin/Desktop/lcd_hex_timer/clock/nios_sys.qsys --language=VERILOG
Progress: Loading clock/nios_sys.qsys
Progress: Reading input file
Progress: Adding clk_0 [clock_source 13.0]
Progress: Parameterizing module clk_0
Progress: Adding nios2_qsys_0 [altera_nios2_qsys 13.0]
Progress: Parameterizing module nios2_qsys_0
Progress: Adding onchip_memory2_0 [altera_avalon_onchip_memory2 13.0.1.99.2]
Progress: Parameterizing module onchip_memory2_0
Progress: Adding jtag_uart_0 [altera_avalon_jtag_uart 13.0.1.99.2]
Progress: Parameterizing module jtag_uart_0
Progress: Adding switch [altera_avalon_pio 13.0.1.99.2]
Progress: Parameterizing module switch
Progress: Adding ledr [altera_avalon_pio 13.0.1.99.2]
Progress: Parameterizing module ledr
Progress: Adding hex0 [altera_avalon_pio 13.0.1.99.2]
Progress: Parameterizing module hex0
Progress: Adding hex1 [altera_avalon_pio 13.0.1.99.2]
Progress: Parameterizing module hex1
Progress: Adding hex2 [altera_avalon_pio 13.0.1.99.2]
Progress: Parameterizing module hex2
Progress: Adding hex3 [altera_avalon_pio 13.0.1.99.2]
Progress: Parameterizing module hex3
Progress: Adding hex4 [altera_avalon_pio 13.0.1.99.2]
Progress: Parameterizing module hex4
Progress: Adding hex5 [altera_avalon_pio 13.0.1.99.2]
Progress: Parameterizing module hex5
Progress: Adding hex6 [altera_avalon_pio 13.0.1.99.2]
Progress: Parameterizing module hex6
Progress: Adding hex7 [altera_avalon_pio 13.0.1.99.2]
Progress: Parameterizing module hex7
Progress: Adding ledg [altera_avalon_pio 13.0.1.99.2]
Progress: Parameterizing module ledg
Progress: Adding key [altera_avalon_pio 13.0.1.99.2]
Progress: Parameterizing module key
Progress: Adding timer_0 [altera_avalon_timer 13.0.1.99.2]
Progress: Parameterizing module timer_0
Progress: Adding lcd_d [altera_avalon_pio 13.0.1.99.2]
Progress: Parameterizing module lcd_d
Progress: Adding lcd_on [altera_avalon_pio 13.0.1.99.2]
Progress: Parameterizing module lcd_on
Progress: Adding lcd_blon [altera_avalon_pio 13.0.1.99.2]
Progress: Parameterizing module lcd_blon
Progress: Adding lcd_en [altera_avalon_pio 13.0.1.99.2]
Progress: Parameterizing module lcd_en
Progress: Adding lcd_rw [altera_avalon_pio 13.0.1.99.2]
Progress: Parameterizing module lcd_rw
Progress: Adding lcd_rs [altera_avalon_pio 13.0.1.99.2]
Progress: Parameterizing module lcd_rs
Progress: Building connections
Progress: Parameterizing connections
Progress: Validating
Progress: Done reading input file
Info: nios_sys.switch: PIO inputs are not hardwired in test bench. Undefined values will be read from PIO inputs during simulation.
Info: nios_sys.key: PIO inputs are not hardwired in test bench. Undefined values will be read from PIO inputs during simulation.
Info: nios_sys: Generating nios_sys "nios_sys" for QUARTUS_SYNTH
Info: pipeline_bridge_swap_transform: After transform: 23 modules, 112 connections
Info: No custom instruction connections, skipping transform 
Info: merlin_translator_transform: After transform: 47 modules, 208 connections
Info: merlin_domain_transform: After transform: 94 modules, 512 connections
Info: merlin_router_transform: After transform: 118 modules, 608 connections
Info: reset_adaptation_transform: After transform: 119 modules, 471 connections
Info: merlin_network_to_switch_transform: After transform: 166 modules, 607 connections
Info: merlin_mm_transform: After transform: 166 modules, 607 connections
Info: merlin_interrupt_mapper_transform: After transform: 167 modules, 610 connections
Warning: nios_sys: "No matching role found for rst_controller:reset_out:reset_req (reset_req)"
Warning: nios_sys: "No matching role found for rst_controller:reset_out:reset_req (reset_req)"
Warning: nios_sys: "No matching role found for rst_controller:reset_out:reset_req (reset_req)"
Warning: nios_sys: "No matching role found for rst_controller:reset_out:reset_req (reset_req)"
Warning: nios_sys: "No matching role found for rst_controller:reset_out:reset_req (reset_req)"
Warning: nios_sys: "No matching role found for rst_controller:reset_out:reset_req (reset_req)"
Warning: nios_sys: "No matching role found for rst_controller:reset_out:reset_req (reset_req)"
Warning: nios_sys: "No matching role found for rst_controller:reset_out:reset_req (reset_req)"
Warning: nios_sys: "No matching role found for rst_controller:reset_out:reset_req (reset_req)"
Warning: nios_sys: "No matching role found for rst_controller:reset_out:reset_req (reset_req)"
Warning: nios_sys: "No matching role found for rst_controller:reset_out:reset_req (reset_req)"
Warning: nios_sys: "No matching role found for rst_controller:reset_out:reset_req (reset_req)"
Warning: nios_sys: "No matching role found for rst_controller:reset_out:reset_req (reset_req)"
Warning: nios_sys: "No matching role found for rst_controller:reset_out:reset_req (reset_req)"
Warning: nios_sys: "No matching role found for rst_controller:reset_out:reset_req (reset_req)"
Warning: nios_sys: "No matching role found for rst_controller:reset_out:reset_req (reset_req)"
Warning: nios_sys: "No matching role found for rst_controller:reset_out:reset_req (reset_req)"
Warning: nios_sys: "No matching role found for rst_controller:reset_out:reset_req (reset_req)"
Warning: nios_sys: "No matching role found for rst_controller:reset_out:reset_req (reset_req)"
Warning: nios_sys: "No matching role found for rst_controller:reset_out:reset_req (reset_req)"
Warning: nios_sys: "No matching role found for rst_controller:reset_out:reset_req (reset_req)"
Warning: nios_sys: "No matching role found for rst_controller:reset_out:reset_req (reset_req)"
Warning: nios_sys: "No matching role found for rst_controller:reset_out:reset_req (reset_req)"
Warning: nios_sys: "No matching role found for rst_controller:reset_out:reset_req (reset_req)"
Warning: nios_sys: "No matching role found for rst_controller:reset_out:reset_req (reset_req)"
Warning: nios_sys: "No matching role found for rst_controller:reset_out:reset_req (reset_req)"
Warning: nios_sys: "No matching role found for rst_controller:reset_out:reset_req (reset_req)"
Warning: nios_sys: "No matching role found for rst_controller:reset_out:reset_req (reset_req)"
Warning: nios_sys: "No matching role found for rst_controller:reset_out:reset_req (reset_req)"
Warning: nios_sys: "No matching role found for rst_controller:reset_out:reset_req (reset_req)"
Warning: nios_sys: "No matching role found for rst_controller:reset_out:reset_req (reset_req)"
Warning: nios_sys: "No matching role found for rst_controller:reset_out:reset_req (reset_req)"
Warning: nios_sys: "No matching role found for rst_controller:reset_out:reset_req (reset_req)"
Warning: nios_sys: "No matching role found for rst_controller:reset_out:reset_req (reset_req)"
Warning: nios_sys: "No matching role found for rst_controller:reset_out:reset_req (reset_req)"
Warning: nios_sys: "No matching role found for rst_controller:reset_out:reset_req (reset_req)"
Warning: nios_sys: "No matching role found for rst_controller:reset_out:reset_req (reset_req)"
Warning: nios_sys: "No matching role found for rst_controller:reset_out:reset_req (reset_req)"
Warning: nios_sys: "No matching role found for rst_controller:reset_out:reset_req (reset_req)"
Warning: nios_sys: "No matching role found for rst_controller:reset_out:reset_req (reset_req)"
Warning: nios_sys: "No matching role found for rst_controller:reset_out:reset_req (reset_req)"
Warning: nios_sys: "No matching role found for rst_controller:reset_out:reset_req (reset_req)"
Warning: nios_sys: "No matching role found for rst_controller:reset_out:reset_req (reset_req)"
Warning: nios_sys: "No matching role found for rst_controller:reset_out:reset_req (reset_req)"
Warning: nios_sys: "No matching role found for rst_controller:reset_out:reset_req (reset_req)"
Warning: nios_sys: "No matching role found for rst_controller:reset_out:reset_req (reset_req)"
Warning: nios_sys: "No matching role found for rst_controller:reset_out:reset_req (reset_req)"
Warning: nios_sys: "No matching role found for rst_controller:reset_out:reset_req (reset_req)"
Warning: nios_sys: "No matching role found for rst_controller:reset_out:reset_req (reset_req)"
Warning: nios_sys: "No matching role found for rst_controller:reset_out:reset_req (reset_req)"
Warning: nios_sys: "No matching role found for rst_controller:reset_out:reset_req (reset_req)"
Warning: nios_sys: "No matching role found for rst_controller:reset_out:reset_req (reset_req)"
Warning: nios_sys: "No matching role found for rst_controller:reset_out:reset_req (reset_req)"
Warning: nios_sys: "No matching role found for rst_controller:reset_out:reset_req (reset_req)"
Warning: nios_sys: "No matching role found for rst_controller:reset_out:reset_req (reset_req)"
Warning: nios_sys: "No matching role found for rst_controller:reset_out:reset_req (reset_req)"
Warning: nios_sys: "No matching role found for rst_controller:reset_out:reset_req (reset_req)"
Warning: nios_sys: "No matching role found for rst_controller:reset_out:reset_req (reset_req)"
Warning: nios_sys: "No matching role found for rst_controller:reset_out:reset_req (reset_req)"
Warning: nios_sys: "No matching role found for rst_controller:reset_out:reset_req (reset_req)"
Warning: nios_sys: "No matching role found for rst_controller:reset_out:reset_req (reset_req)"
Warning: nios_sys: "No matching role found for rst_controller:reset_out:reset_req (reset_req)"
Warning: nios_sys: "No matching role found for rst_controller:reset_out:reset_req (reset_req)"
Warning: nios_sys: "No matching role found for rst_controller:reset_out:reset_req (reset_req)"
Warning: nios_sys: "No matching role found for rst_controller:reset_out:reset_req (reset_req)"
Warning: nios_sys: "No matching role found for rst_controller:reset_out:reset_req (reset_req)"
Warning: nios_sys: "No matching role found for rst_controller:reset_out:reset_req (reset_req)"
Warning: nios_sys: "No matching role found for rst_controller:reset_out:reset_req (reset_req)"
Warning: nios_sys: "No matching role found for rst_controller:reset_out:reset_req (reset_req)"
Warning: nios_sys: "No matching role found for rst_controller:reset_out:reset_req (reset_req)"
Warning: nios_sys: "No matching role found for rst_controller:reset_out:reset_req (reset_req)"
Warning: nios_sys: "No matching role found for rst_controller:reset_out:reset_req (reset_req)"
Warning: nios_sys: "No matching role found for rst_controller:reset_out:reset_req (reset_req)"
Warning: nios_sys: "No matching role found for rst_controller:reset_out:reset_req (reset_req)"
Warning: nios_sys: "No matching role found for rst_controller:reset_out:reset_req (reset_req)"
Warning: nios_sys: "No matching role found for rst_controller:reset_out:reset_req (reset_req)"
Warning: nios_sys: "No matching role found for rst_controller:reset_out:reset_req (reset_req)"
Warning: nios_sys: "No matching role found for rst_controller:reset_out:reset_req (reset_req)"
Warning: nios_sys: "No matching role found for rst_controller:reset_out:reset_req (reset_req)"
Warning: nios_sys: "No matching role found for rst_controller:reset_out:reset_req (reset_req)"
Warning: nios_sys: "No matching role found for rst_controller:reset_out:reset_req (reset_req)"
Warning: nios_sys: "No matching role found for rst_controller:reset_out:reset_req (reset_req)"
Warning: nios_sys: "No matching role found for rst_controller:reset_out:reset_req (reset_req)"
Warning: nios_sys: "No matching role found for rst_controller:reset_out:reset_req (reset_req)"
Warning: nios_sys: "No matching role found for rst_controller:reset_out:reset_req (reset_req)"
Warning: nios_sys: "No matching role found for rst_controller:reset_out:reset_req (reset_req)"
Warning: nios_sys: "No matching role found for rst_controller:reset_out:reset_req (reset_req)"
Warning: nios_sys: "No matching role found for rst_controller:reset_out:reset_req (reset_req)"
Warning: nios_sys: "No matching role found for rst_controller:reset_out:reset_req (reset_req)"
Warning: nios_sys: "No matching role found for rst_controller:reset_out:reset_req (reset_req)"
Warning: nios_sys: "No matching role found for rst_controller:reset_out:reset_req (reset_req)"
Warning: nios_sys: "No matching role found for rst_controller:reset_out:reset_req (reset_req)"
Warning: nios_sys: "No matching role found for rst_controller:reset_out:reset_req (reset_req)"
Warning: nios_sys: "No matching role found for rst_controller:reset_out:reset_req (reset_req)"
Warning: nios_sys: "No matching role found for rst_controller:reset_out:reset_req (reset_req)"
Warning: nios_sys: "No matching role found for rst_controller:reset_out:reset_req (reset_req)"
Warning: nios_sys: "No matching role found for rst_controller:reset_out:reset_req (reset_req)"
Warning: nios_sys: "No matching role found for rst_controller:reset_out:reset_req (reset_req)"
Warning: nios_sys: "No matching role found for rst_controller:reset_out:reset_req (reset_req)"
Warning: nios_sys: "No matching role found for rst_controller:reset_out:reset_req (reset_req)"
Warning: nios_sys: "No matching role found for rst_controller:reset_out:reset_req (reset_req)"
Warning: nios_sys: "No matching role found for rst_controller:reset_out:reset_req (reset_req)"
Warning: nios_sys: "No matching role found for rst_controller:reset_out:reset_req (reset_req)"
Warning: nios_sys: "No matching role found for rst_controller:reset_out:reset_req (reset_req)"
Warning: nios_sys: "No matching role found for rst_controller:reset_out:reset_req (reset_req)"
Warning: nios_sys: "No matching role found for rst_controller:reset_out:reset_req (reset_req)"
Warning: nios_sys: "No matching role found for rst_controller:reset_out:reset_req (reset_req)"
Warning: nios_sys: "No matching role found for rst_controller:reset_out:reset_req (reset_req)"
Warning: nios_sys: "No matching role found for rst_controller:reset_out:reset_req (reset_req)"
Warning: nios_sys: "No matching role found for rst_controller:reset_out:reset_req (reset_req)"
Warning: nios_sys: "No matching role found for rst_controller:reset_out:reset_req (reset_req)"
Warning: nios_sys: "No matching role found for rst_controller:reset_out:reset_req (reset_req)"
Warning: nios_sys: "No matching role found for rst_controller:reset_out:reset_req (reset_req)"
Warning: nios_sys: "No matching role found for rst_controller:reset_out:reset_req (reset_req)"
Warning: nios_sys: "No matching role found for rst_controller:reset_out:reset_req (reset_req)"
Warning: nios_sys: "No matching role found for rst_controller:reset_out:reset_req (reset_req)"
Warning: nios_sys: "No matching role found for rst_controller:reset_out:reset_req (reset_req)"
Warning: nios_sys: "No matching role found for rst_controller:reset_out:reset_req (reset_req)"
Warning: nios_sys: "No matching role found for rst_controller:reset_out:reset_req (reset_req)"
Warning: nios_sys: "No matching role found for rst_controller:reset_out:reset_req (reset_req)"
Warning: nios_sys: "No matching role found for rst_controller:reset_out:reset_req (reset_req)"
Warning: nios_sys: "No matching role found for rst_controller:reset_out:reset_req (reset_req)"
Warning: nios_sys: "No matching role found for rst_controller:reset_out:reset_req (reset_req)"
Warning: nios_sys: "No matching role found for rst_controller:reset_out:reset_req (reset_req)"
Warning: nios_sys: "No matching role found for rst_controller:reset_out:reset_req (reset_req)"
Warning: nios_sys: "No matching role found for rst_controller:reset_out:reset_req (reset_req)"
Warning: nios_sys: "No matching role found for rst_controller:reset_out:reset_req (reset_req)"
Warning: nios_sys: "No matching role found for rst_controller:reset_out:reset_req (reset_req)"
Warning: nios_sys: "No matching role found for rst_controller:reset_out:reset_req (reset_req)"
Warning: nios_sys: "No matching role found for rst_controller:reset_out:reset_req (reset_req)"
Warning: nios_sys: "No matching role found for rst_controller:reset_out:reset_req (reset_req)"
Warning: nios_sys: "No matching role found for rst_controller:reset_out:reset_req (reset_req)"
Warning: nios_sys: "No matching role found for rst_controller:reset_out:reset_req (reset_req)"
Warning: nios_sys: "No matching role found for rst_controller:reset_out:reset_req (reset_req)"
Warning: nios_sys: "No matching role found for rst_controller:reset_out:reset_req (reset_req)"
Warning: nios_sys: "No matching role found for rst_controller:reset_out:reset_req (reset_req)"
Warning: nios_sys: "No matching role found for rst_controller:reset_out:reset_req (reset_req)"
Warning: nios_sys: "No matching role found for rst_controller:reset_out:reset_req (reset_req)"
Warning: nios_sys: "No matching role found for rst_controller:reset_out:reset_req (reset_req)"
Warning: nios_sys: "No matching role found for rst_controller:reset_out:reset_req (reset_req)"
Warning: nios_sys: "No matching role found for rst_controller:reset_out:reset_req (reset_req)"
Warning: nios_sys: "No matching role found for rst_controller:reset_out:reset_req (reset_req)"
Warning: nios_sys: "No matching role found for rst_controller:reset_out:reset_req (reset_req)"
Warning: nios_sys: "No matching role found for rst_controller:reset_out:reset_req (reset_req)"
Warning: nios_sys: "No matching role found for rst_controller:reset_out:reset_req (reset_req)"
Warning: nios_sys: "No matching role found for rst_controller:reset_out:reset_req (reset_req)"
Warning: nios_sys: "No matching role found for rst_controller:reset_out:reset_req (reset_req)"
Warning: nios_sys: "No matching role found for rst_controller:reset_out:reset_req (reset_req)"
Warning: nios_sys: "No matching role found for rst_controller:reset_out:reset_req (reset_req)"
Warning: nios_sys: "No matching role found for rst_controller:reset_out:reset_req (reset_req)"
Warning: nios_sys: "No matching role found for rst_controller:reset_out:reset_req (reset_req)"
Warning: nios_sys: "No matching role found for rst_controller:reset_out:reset_req (reset_req)"
Warning: nios_sys: "No matching role found for rst_controller:reset_out:reset_req (reset_req)"
Warning: nios_sys: "No matching role found for rst_controller:reset_out:reset_req (reset_req)"
Warning: nios_sys: "No matching role found for rst_controller:reset_out:reset_req (reset_req)"
Warning: nios_sys: "No matching role found for rst_controller:reset_out:reset_req (reset_req)"
Warning: nios_sys: "No matching role found for rst_controller:reset_out:reset_req (reset_req)"
Warning: nios_sys: "No matching role found for rst_controller:reset_out:reset_req (reset_req)"
Warning: nios_sys: "No matching role found for rst_controller:reset_out:reset_req (reset_req)"
Warning: nios_sys: "No matching role found for rst_controller:reset_out:reset_req (reset_req)"
Warning: nios_sys: "No matching role found for rst_controller:reset_out:reset_req (reset_req)"
Warning: nios_sys: "No matching role found for rst_controller:reset_out:reset_req (reset_req)"
Warning: nios_sys: "No matching role found for rst_controller:reset_out:reset_req (reset_req)"
Warning: nios_sys: "No matching role found for rst_controller:reset_out:reset_req (reset_req)"
Info: nios2_qsys_0: Starting RTL generation for module 'nios_sys_nios2_qsys_0'
Info: nios2_qsys_0:   Generation command is [exec C:/altera/13.0sp1/quartus/../ip/altera/nios2_ip/altera_nios2/eperl.exe -I C:/altera/13.0sp1/quartus/common/ip/altera/common/perl/5.8.3 -I C:/altera/13.0sp1/quartus/sopc_builder/bin/europa -I C:/altera/13.0sp1/quartus/sopc_builder/bin/perl_lib -I C:/altera/13.0sp1/quartus/sopc_builder/bin -I C:/altera/13.0sp1/quartus/../ip/altera/nios2_ip/altera_nios2/cpu_lib -I C:/altera/13.0sp1/quartus/../ip/altera/nios2_ip/altera_nios2/nios_lib -I C:/altera/13.0sp1/quartus/../ip/altera/nios2_ip/altera_nios2 -I C:/altera/13.0sp1/quartus/../ip/altera/nios2_ip/altera_nios2 -- C:/altera/13.0sp1/quartus/../ip/altera/nios2_ip/altera_nios2/generate_rtl.epl --name=nios_sys_nios2_qsys_0 --dir=C:/Users/Admin/AppData/Local/Temp/alt9829_1688516361277993339.dir/0001_nios2_qsys_0_gen/ --quartus_dir=C:/altera/13.0sp1/quartus --verilog --config=C:/Users/Admin/AppData/Local/Temp/alt9829_1688516361277993339.dir/0001_nios2_qsys_0_gen//nios_sys_nios2_qsys_0_processor_configuration.pl  --do_build_sim=0    --bogus  ]
Info: nios2_qsys_0: # 2024.04.16 16:46:37 (*) Starting Nios II generation
Info: nios2_qsys_0: # 2024.04.16 16:46:37 (*)   Checking for plaintext license.
Info: nios2_qsys_0: # 2024.04.16 16:46:38 (*)   Couldn't query license setup in Quartus directory C:/altera/13.0sp1/quartus
Info: nios2_qsys_0: # 2024.04.16 16:46:38 (*)   Defaulting to contents of LM_LICENSE_FILE environment variable
Info: nios2_qsys_0: # 2024.04.16 16:46:38 (*)   LM_LICENSE_FILE environment variable is empty
Info: nios2_qsys_0: # 2024.04.16 16:46:38 (*)   Plaintext license not found.
Info: nios2_qsys_0: # 2024.04.16 16:46:38 (*)   No license required to generate encrypted Nios II/e.
Info: nios2_qsys_0: # 2024.04.16 16:46:38 (*)   Elaborating CPU configuration settings
Info: nios2_qsys_0: # 2024.04.16 16:46:38 (*)   Creating all objects for CPU
Info: nios2_qsys_0: # 2024.04.16 16:46:38 (*)   Generating RTL from CPU objects
Info: nios2_qsys_0: # 2024.04.16 16:46:38 (*)   Creating plain-text RTL
Info: nios2_qsys_0: # 2024.04.16 16:46:39 (*) Done Nios II generation
Info: nios2_qsys_0: Done RTL generation for module 'nios_sys_nios2_qsys_0'
Info: nios2_qsys_0: "nios_sys" instantiated altera_nios2_qsys "nios2_qsys_0"
Info: onchip_memory2_0: Starting RTL generation for module 'nios_sys_onchip_memory2_0'
Info: onchip_memory2_0:   Generation command is [exec C:/altera/13.0sp1/quartus/bin/perl/bin/perl.exe -I C:/altera/13.0sp1/quartus/common/ip/altera/common/perl/5.8.3 -I C:/altera/13.0sp1/quartus/sopc_builder/bin/europa -I C:/altera/13.0sp1/quartus/sopc_builder/bin/perl_lib -I C:/altera/13.0sp1/quartus/sopc_builder/bin -I C:/altera/13.0sp1/quartus/../ip/altera/sopc_builder_ip/common -I C:/altera/13.0sp1/quartus/../ip/altera/sopc_builder_ip/altera_avalon_onchip_memory2 -- C:/altera/13.0sp1/quartus/../ip/altera/sopc_builder_ip/altera_avalon_onchip_memory2/generate_rtl.pl --name=nios_sys_onchip_memory2_0 --dir=C:/Users/Admin/AppData/Local/Temp/alt9829_1688516361277993339.dir/0002_onchip_memory2_0_gen/ --quartus_dir=C:/altera/13.0sp1/quartus --verilog --config=C:/Users/Admin/AppData/Local/Temp/alt9829_1688516361277993339.dir/0002_onchip_memory2_0_gen//nios_sys_onchip_memory2_0_component_configuration.pl  --do_build_sim=0  ]
Info: onchip_memory2_0: Done RTL generation for module 'nios_sys_onchip_memory2_0'
Info: onchip_memory2_0: "nios_sys" instantiated altera_avalon_onchip_memory2 "onchip_memory2_0"
Info: jtag_uart_0: Starting RTL generation for module 'nios_sys_jtag_uart_0'
Info: jtag_uart_0:   Generation command is [exec C:/altera/13.0sp1/quartus/bin/perl/bin/perl.exe -I C:/altera/13.0sp1/quartus/common/ip/altera/common/perl/5.8.3 -I C:/altera/13.0sp1/quartus/sopc_builder/bin/europa -I C:/altera/13.0sp1/quartus/sopc_builder/bin/perl_lib -I C:/altera/13.0sp1/quartus/sopc_builder/bin -I C:/altera/13.0sp1/quartus/../ip/altera/sopc_builder_ip/common -I C:/altera/13.0sp1/quartus/../ip/altera/sopc_builder_ip/altera_avalon_jtag_uart -- C:/altera/13.0sp1/quartus/../ip/altera/sopc_builder_ip/altera_avalon_jtag_uart/generate_rtl.pl --name=nios_sys_jtag_uart_0 --dir=C:/Users/Admin/AppData/Local/Temp/alt9829_1688516361277993339.dir/0003_jtag_uart_0_gen/ --quartus_dir=C:/altera/13.0sp1/quartus --verilog --config=C:/Users/Admin/AppData/Local/Temp/alt9829_1688516361277993339.dir/0003_jtag_uart_0_gen//nios_sys_jtag_uart_0_component_configuration.pl  --do_build_sim=0  ]
Info: jtag_uart_0: Done RTL generation for module 'nios_sys_jtag_uart_0'
Info: jtag_uart_0: "nios_sys" instantiated altera_avalon_jtag_uart "jtag_uart_0"
Info: switch: Starting RTL generation for module 'nios_sys_switch'
Info: switch:   Generation command is [exec C:/altera/13.0sp1/quartus/bin/perl/bin/perl.exe -I C:/altera/13.0sp1/quartus/common/ip/altera/common/perl/5.8.3 -I C:/altera/13.0sp1/quartus/sopc_builder/bin/europa -I C:/altera/13.0sp1/quartus/sopc_builder/bin/perl_lib -I C:/altera/13.0sp1/quartus/sopc_builder/bin -I C:/altera/13.0sp1/quartus/../ip/altera/sopc_builder_ip/common -I C:/altera/13.0sp1/quartus/../ip/altera/sopc_builder_ip/altera_avalon_pio -- C:/altera/13.0sp1/quartus/../ip/altera/sopc_builder_ip/altera_avalon_pio/generate_rtl.pl --name=nios_sys_switch --dir=C:/Users/Admin/AppData/Local/Temp/alt9829_1688516361277993339.dir/0004_switch_gen/ --quartus_dir=C:/altera/13.0sp1/quartus --verilog --config=C:/Users/Admin/AppData/Local/Temp/alt9829_1688516361277993339.dir/0004_switch_gen//nios_sys_switch_component_configuration.pl  --do_build_sim=0  ]
Info: switch: Done RTL generation for module 'nios_sys_switch'
Info: switch: "nios_sys" instantiated altera_avalon_pio "switch"
Info: ledr: Starting RTL generation for module 'nios_sys_ledr'
Info: ledr:   Generation command is [exec C:/altera/13.0sp1/quartus/bin/perl/bin/perl.exe -I C:/altera/13.0sp1/quartus/common/ip/altera/common/perl/5.8.3 -I C:/altera/13.0sp1/quartus/sopc_builder/bin/europa -I C:/altera/13.0sp1/quartus/sopc_builder/bin/perl_lib -I C:/altera/13.0sp1/quartus/sopc_builder/bin -I C:/altera/13.0sp1/quartus/../ip/altera/sopc_builder_ip/common -I C:/altera/13.0sp1/quartus/../ip/altera/sopc_builder_ip/altera_avalon_pio -- C:/altera/13.0sp1/quartus/../ip/altera/sopc_builder_ip/altera_avalon_pio/generate_rtl.pl --name=nios_sys_ledr --dir=C:/Users/Admin/AppData/Local/Temp/alt9829_1688516361277993339.dir/0005_ledr_gen/ --quartus_dir=C:/altera/13.0sp1/quartus --verilog --config=C:/Users/Admin/AppData/Local/Temp/alt9829_1688516361277993339.dir/0005_ledr_gen//nios_sys_ledr_component_configuration.pl  --do_build_sim=0  ]
Info: ledr: Done RTL generation for module 'nios_sys_ledr'
Info: ledr: "nios_sys" instantiated altera_avalon_pio "ledr"
Info: hex0: Starting RTL generation for module 'nios_sys_hex0'
Info: hex0:   Generation command is [exec C:/altera/13.0sp1/quartus/bin/perl/bin/perl.exe -I C:/altera/13.0sp1/quartus/common/ip/altera/common/perl/5.8.3 -I C:/altera/13.0sp1/quartus/sopc_builder/bin/europa -I C:/altera/13.0sp1/quartus/sopc_builder/bin/perl_lib -I C:/altera/13.0sp1/quartus/sopc_builder/bin -I C:/altera/13.0sp1/quartus/../ip/altera/sopc_builder_ip/common -I C:/altera/13.0sp1/quartus/../ip/altera/sopc_builder_ip/altera_avalon_pio -- C:/altera/13.0sp1/quartus/../ip/altera/sopc_builder_ip/altera_avalon_pio/generate_rtl.pl --name=nios_sys_hex0 --dir=C:/Users/Admin/AppData/Local/Temp/alt9829_1688516361277993339.dir/0006_hex0_gen/ --quartus_dir=C:/altera/13.0sp1/quartus --verilog --config=C:/Users/Admin/AppData/Local/Temp/alt9829_1688516361277993339.dir/0006_hex0_gen//nios_sys_hex0_component_configuration.pl  --do_build_sim=0  ]
Info: hex0: Done RTL generation for module 'nios_sys_hex0'
Info: hex0: "nios_sys" instantiated altera_avalon_pio "hex0"
Info: ledg: Starting RTL generation for module 'nios_sys_ledg'
Info: ledg:   Generation command is [exec C:/altera/13.0sp1/quartus/bin/perl/bin/perl.exe -I C:/altera/13.0sp1/quartus/common/ip/altera/common/perl/5.8.3 -I C:/altera/13.0sp1/quartus/sopc_builder/bin/europa -I C:/altera/13.0sp1/quartus/sopc_builder/bin/perl_lib -I C:/altera/13.0sp1/quartus/sopc_builder/bin -I C:/altera/13.0sp1/quartus/../ip/altera/sopc_builder_ip/common -I C:/altera/13.0sp1/quartus/../ip/altera/sopc_builder_ip/altera_avalon_pio -- C:/altera/13.0sp1/quartus/../ip/altera/sopc_builder_ip/altera_avalon_pio/generate_rtl.pl --name=nios_sys_ledg --dir=C:/Users/Admin/AppData/Local/Temp/alt9829_1688516361277993339.dir/0007_ledg_gen/ --quartus_dir=C:/altera/13.0sp1/quartus --verilog --config=C:/Users/Admin/AppData/Local/Temp/alt9829_1688516361277993339.dir/0007_ledg_gen//nios_sys_ledg_component_configuration.pl  --do_build_sim=0  ]
Info: ledg: Done RTL generation for module 'nios_sys_ledg'
Info: ledg: "nios_sys" instantiated altera_avalon_pio "ledg"
Info: key: Starting RTL generation for module 'nios_sys_key'
Info: key:   Generation command is [exec C:/altera/13.0sp1/quartus/bin/perl/bin/perl.exe -I C:/altera/13.0sp1/quartus/common/ip/altera/common/perl/5.8.3 -I C:/altera/13.0sp1/quartus/sopc_builder/bin/europa -I C:/altera/13.0sp1/quartus/sopc_builder/bin/perl_lib -I C:/altera/13.0sp1/quartus/sopc_builder/bin -I C:/altera/13.0sp1/quartus/../ip/altera/sopc_builder_ip/common -I C:/altera/13.0sp1/quartus/../ip/altera/sopc_builder_ip/altera_avalon_pio -- C:/altera/13.0sp1/quartus/../ip/altera/sopc_builder_ip/altera_avalon_pio/generate_rtl.pl --name=nios_sys_key --dir=C:/Users/Admin/AppData/Local/Temp/alt9829_1688516361277993339.dir/0008_key_gen/ --quartus_dir=C:/altera/13.0sp1/quartus --verilog --config=C:/Users/Admin/AppData/Local/Temp/alt9829_1688516361277993339.dir/0008_key_gen//nios_sys_key_component_configuration.pl  --do_build_sim=0  ]
Info: key: Done RTL generation for module 'nios_sys_key'
Info: key: "nios_sys" instantiated altera_avalon_pio "key"
Info: timer_0: Starting RTL generation for module 'nios_sys_timer_0'
Info: timer_0:   Generation command is [exec C:/altera/13.0sp1/quartus/bin/perl/bin/perl.exe -I C:/altera/13.0sp1/quartus/common/ip/altera/common/perl/5.8.3 -I C:/altera/13.0sp1/quartus/sopc_builder/bin/europa -I C:/altera/13.0sp1/quartus/sopc_builder/bin/perl_lib -I C:/altera/13.0sp1/quartus/sopc_builder/bin -I C:/altera/13.0sp1/quartus/../ip/altera/sopc_builder_ip/common -I C:/altera/13.0sp1/quartus/../ip/altera/sopc_builder_ip/altera_avalon_timer -- C:/altera/13.0sp1/quartus/../ip/altera/sopc_builder_ip/altera_avalon_timer/generate_rtl.pl --name=nios_sys_timer_0 --dir=C:/Users/Admin/AppData/Local/Temp/alt9829_1688516361277993339.dir/0009_timer_0_gen/ --quartus_dir=C:/altera/13.0sp1/quartus --verilog --config=C:/Users/Admin/AppData/Local/Temp/alt9829_1688516361277993339.dir/0009_timer_0_gen//nios_sys_timer_0_component_configuration.pl  --do_build_sim=0  ]
Info: timer_0: Done RTL generation for module 'nios_sys_timer_0'
Info: timer_0: "nios_sys" instantiated altera_avalon_timer "timer_0"
Info: lcd_d: Starting RTL generation for module 'nios_sys_lcd_d'
Info: lcd_d:   Generation command is [exec C:/altera/13.0sp1/quartus/bin/perl/bin/perl.exe -I C:/altera/13.0sp1/quartus/common/ip/altera/common/perl/5.8.3 -I C:/altera/13.0sp1/quartus/sopc_builder/bin/europa -I C:/altera/13.0sp1/quartus/sopc_builder/bin/perl_lib -I C:/altera/13.0sp1/quartus/sopc_builder/bin -I C:/altera/13.0sp1/quartus/../ip/altera/sopc_builder_ip/common -I C:/altera/13.0sp1/quartus/../ip/altera/sopc_builder_ip/altera_avalon_pio -- C:/altera/13.0sp1/quartus/../ip/altera/sopc_builder_ip/altera_avalon_pio/generate_rtl.pl --name=nios_sys_lcd_d --dir=C:/Users/Admin/AppData/Local/Temp/alt9829_1688516361277993339.dir/0010_lcd_d_gen/ --quartus_dir=C:/altera/13.0sp1/quartus --verilog --config=C:/Users/Admin/AppData/Local/Temp/alt9829_1688516361277993339.dir/0010_lcd_d_gen//nios_sys_lcd_d_component_configuration.pl  --do_build_sim=0  ]
Info: lcd_d: Done RTL generation for module 'nios_sys_lcd_d'
Info: lcd_d: "nios_sys" instantiated altera_avalon_pio "lcd_d"
Info: lcd_on: Starting RTL generation for module 'nios_sys_lcd_on'
Info: lcd_on:   Generation command is [exec C:/altera/13.0sp1/quartus/bin/perl/bin/perl.exe -I C:/altera/13.0sp1/quartus/common/ip/altera/common/perl/5.8.3 -I C:/altera/13.0sp1/quartus/sopc_builder/bin/europa -I C:/altera/13.0sp1/quartus/sopc_builder/bin/perl_lib -I C:/altera/13.0sp1/quartus/sopc_builder/bin -I C:/altera/13.0sp1/quartus/../ip/altera/sopc_builder_ip/common -I C:/altera/13.0sp1/quartus/../ip/altera/sopc_builder_ip/altera_avalon_pio -- C:/altera/13.0sp1/quartus/../ip/altera/sopc_builder_ip/altera_avalon_pio/generate_rtl.pl --name=nios_sys_lcd_on --dir=C:/Users/Admin/AppData/Local/Temp/alt9829_1688516361277993339.dir/0011_lcd_on_gen/ --quartus_dir=C:/altera/13.0sp1/quartus --verilog --config=C:/Users/Admin/AppData/Local/Temp/alt9829_1688516361277993339.dir/0011_lcd_on_gen//nios_sys_lcd_on_component_configuration.pl  --do_build_sim=0  ]
Info: lcd_on: Done RTL generation for module 'nios_sys_lcd_on'
Info: lcd_on: "nios_sys" instantiated altera_avalon_pio "lcd_on"
Info: nios2_qsys_0_instruction_master_translator: "nios_sys" instantiated altera_merlin_master_translator "nios2_qsys_0_instruction_master_translator"
Info: nios2_qsys_0_jtag_debug_module_translator: "nios_sys" instantiated altera_merlin_slave_translator "nios2_qsys_0_jtag_debug_module_translator"
Info: nios2_qsys_0_instruction_master_translator_avalon_universal_master_0_agent: "nios_sys" instantiated altera_merlin_master_agent "nios2_qsys_0_instruction_master_translator_avalon_universal_master_0_agent"
Info: nios2_qsys_0_jtag_debug_module_translator_avalon_universal_slave_0_agent: "nios_sys" instantiated altera_merlin_slave_agent "nios2_qsys_0_jtag_debug_module_translator_avalon_universal_slave_0_agent"
Info: nios2_qsys_0_jtag_debug_module_translator_avalon_universal_slave_0_agent_rsp_fifo: "nios_sys" instantiated altera_avalon_sc_fifo "nios2_qsys_0_jtag_debug_module_translator_avalon_universal_slave_0_agent_rsp_fifo"
Info: addr_router: "nios_sys" instantiated altera_merlin_router "addr_router"
Info: id_router: "nios_sys" instantiated altera_merlin_router "id_router"
Info: rst_controller: "nios_sys" instantiated altera_reset_controller "rst_controller"
Info: cmd_xbar_demux: "nios_sys" instantiated altera_merlin_demultiplexer "cmd_xbar_demux"
Info: cmd_xbar_mux: "nios_sys" instantiated altera_merlin_multiplexer "cmd_xbar_mux"
Info: rsp_xbar_demux: "nios_sys" instantiated altera_merlin_demultiplexer "rsp_xbar_demux"
Info: rsp_xbar_mux: "nios_sys" instantiated altera_merlin_multiplexer "rsp_xbar_mux"
Info: Reusing file C:/Users/Admin/Desktop/lcd_hex_timer/clock/nios_sys/synthesis/submodules/altera_merlin_arbitrator.sv
Info: irq_mapper: "nios_sys" instantiated altera_irq_mapper "irq_mapper"
Info: nios_sys: Done nios_sys" with 25 modules, 224 files, 4317753 bytes
Info: ip-generate succeeded.
Info: Finished: Create HDL design files for synthesis
