
**** Build of configuration Nios II for project nhom1 ****

make all 
      1 [main] sh 6880 find_fast_cwd: WARNING: Couldn't compute FAST_CWD pointer.  Please report this problem to
the public mailing list cygwin@cygwin.com
      1 [main] sh 24764 find_fast_cwd: WARNING: Couldn't compute FAST_CWD pointer.  Please report this problem to
the public mailing list cygwin@cygwin.com
      1 [main] echo 7368 find_fast_cwd: WARNING: Couldn't compute FAST_CWD pointer.  Please report this problem to
the public mailing list cygwin@cygwin.com
Info: Building ../nhom1_bsp/
make --no-print-directory -C ../nhom1_bsp/
      1 [main] pwd 14248 find_fast_cwd: WARNING: Couldn't compute FAST_CWD pointer.  Please report this problem to
the public mailing list cygwin@cygwin.com
      1 [main] sh 10996 find_fast_cwd: WARNING: Couldn't compute FAST_CWD pointer.  Please report this problem to
the public mailing list cygwin@cygwin.com
      1 [main] sh 19096 find_fast_cwd: WARNING: Couldn't compute FAST_CWD pointer.  Please report this problem to
the public mailing list cygwin@cygwin.com
[BSP build complete]
      1 [main] echo 8184 find_fast_cwd: WARNING: Couldn't compute FAST_CWD pointer.  Please report this problem to
the public mailing list cygwin@cygwin.com
Info: Compiling hello_world_small.c to obj/default/hello_world_small.o
      1 [main] mkdir 11024 find_fast_cwd: WARNING: Couldn't compute FAST_CWD pointer.  Please report this problem to
the public mailing list cygwin@cygwin.com
nios2-elf-gcc -xc -MP -MMD -c -I../nhom1_bsp//HAL/inc -I../nhom1_bsp/ -I../nhom1_bsp//drivers/inc  -DSYSTEM_BUS_WIDTH=32 -pipe -D__hal__ -DALT_NO_C_PLUS_PLUS -DALT_NO_CLEAN_EXIT -DALT_NO_EXIT -DALT_USE_DIRECT_DRIVERS -DALT_NO_INSTRUCTION_EMULATION -DALT_USE_SMALL_DRIVERS -DSMALL_C_LIB -DALT_SINGLE_THREADED    -Os -g -Wall   -EL -mno-hw-div -mno-hw-mul -mno-hw-mulx  -o obj/default/hello_world_small.o hello_world_small.c
hello_world_small.c:99: warning: large integer implicitly truncated to unsigned type
hello_world_small.c:100: warning: large integer implicitly truncated to unsigned type
hello_world_small.c:102: warning: large integer implicitly truncated to unsigned type
hello_world_small.c:103: warning: large integer implicitly truncated to unsigned type
hello_world_small.c:104: warning: large integer implicitly truncated to unsigned type
hello_world_small.c:105: warning: large integer implicitly truncated to unsigned type
hello_world_small.c:107: warning: large integer implicitly truncated to unsigned type
hello_world_small.c: In function 'lcd_string':
hello_world_small.c:167: warning: array subscript has type 'char'
hello_world_small.c:169: warning: array subscript has type 'char'
      1 [main] true 16864 find_fast_cwd: WARNING: Couldn't compute FAST_CWD pointer.  Please report this problem to
the public mailing list cygwin@cygwin.com
      1 [main] echo 12284 find_fast_cwd: WARNING: Couldn't compute FAST_CWD pointer.  Please report this problem to
the public mailing list cygwin@cygwin.com
Info: Linking nhom1.elf
nios2-elf-g++  -T'../nhom1_bsp//linker.x' -msys-crt0='../nhom1_bsp//obj/HAL/src/crt0.o' -msys-lib=hal_bsp -L../nhom1_bsp/  -Wl,--defsym,exit=_exit -msmallc  -Wl,-Map=nhom1.map   -Os -g -Wall   -EL -mno-hw-div -mno-hw-mul -mno-hw-mulx  -o nhom1.elf obj/default/hello_world_small.o -lm 
nios2-elf-insert nhom1.elf --thread_model hal --cpu_name nios2_qsys_0 --qsys true --simulation_enabled false --stderr_dev jtag_uart_0 --stdin_dev jtag_uart_0 --stdout_dev jtag_uart_0 --sopc_system_name nios_sys --quartus_project_dir "C:/Users/Admin/Desktop/lcd_hex_timer/clock" --sopcinfo C:/Users/Admin/Desktop/lcd_hex_timer/clock/nios_sys.sopcinfo
      1 [main] sh 20608 find_fast_cwd: WARNING: Couldn't compute FAST_CWD pointer.  Please report this problem to
the public mailing list cygwin@cygwin.com
      1 [main] uname 17312 find_fast_cwd: WARNING: Couldn't compute FAST_CWD pointer.  Please report this problem to
the public mailing list cygwin@cygwin.com
      1 [main] sh 6292 find_fast_cwd: WARNING: Couldn't compute FAST_CWD pointer.  Please report this problem to
the public mailing list cygwin@cygwin.com
Info: (nhom1.elf) 7564 Bytes program size (code + initialized data).
Info:             24 KBytes free for stack + heap.
      1 [main] echo 26452 find_fast_cwd: WARNING: Couldn't compute FAST_CWD pointer.  Please report this problem to
the public mailing list cygwin@cygwin.com
Info: Creating nhom1.objdump
nios2-elf-objdump --disassemble --syms --all-header --source nhom1.elf >nhom1.objdump
      1 [main] sh 22372 find_fast_cwd: WARNING: Couldn't compute FAST_CWD pointer.  Please report this problem to
the public mailing list cygwin@cygwin.com
      1 [main] sh 9492 find_fast_cwd: WARNING: Couldn't compute FAST_CWD pointer.  Please report this problem to
the public mailing list cygwin@cygwin.com
[nhom1 build complete]

**** Build Finished ****
